#
# A fatal error has been detected by the Java Runtime Environment:
#
#  SIGSEGV (0xb) at pc=0x00007fcc5ca366ba, pid=6277, tid=140514592339712
#
# JRE version: Java(TM) SE Runtime Environment (8.0_45-b14) (build 1.8.0_45-b14)
# Java VM: Java HotSpot(TM) 64-Bit Server VM (25.45-b02 mixed mode linux-amd64 compressed oops)
# Problematic frame:
# v  ~BufferBlob::jni_fast_GetLongField
#
# Failed to write core dump. Core dumps have been disabled. To enable core dumping, try "ulimit -c unlimited" before starting Java again
#
# If you would like to submit a bug report, please visit:
#   http://bugreport.java.com/bugreport/crash.jsp
# The crash happened outside the Java Virtual Machine in native code.
# See problematic frame for where to report the bug.
#

---------------  T H R E A D  ---------------

Current thread (0x00007fcc6c264000):  JavaThread "AWT-XAWT" daemon [_thread_in_native, id=6296, stack(0x00007fcc1a4cb000,0x00007fcc1a5cc000)]

siginfo: si_signo: 11 (SIGSEGV), si_code: 1 (SEGV_MAPERR), si_addr: 0x0000000000000000

Registers:
RAX=0x00007fcc71e6ace0, RBX=0x00007fcc6c2641f8, RCX=0x00007fcc728c5320, RDX=0x0000000000000042
RSP=0x00007fcc1a5ca678, RBP=0x00007fcc1a5ca6a0, RSI=0x0000000000000000, RDI=0x00007fcc6c2641f8
R8 =0x00007fcc1bb0f250, R9 =0x0000000000000000, R10=0x0000000000000042, R11=0x00007fcc5cccc098
R12=0x00007fcc0406aec0, R13=0x0000000000000000, R14=0x00007fcc4034f7e0, R15=0x00007fcc6c264000
RIP=0x00007fcc5ca366ba, EFLAGS=0x0000000000010246, CSGSFS=0x0000000000000033, ERR=0x0000000000000004
  TRAPNO=0x000000000000000e

Top of Stack: (sp=0x00007fcc1a5ca678)
0x00007fcc1a5ca678:   00007fcc4012e201 00007fcc5a9c5460
0x00007fcc1a5ca688:   00007fcc0406aec0 00007fcc1a5ca750
0x00007fcc1a5ca698:   00007fcc1a5ca720 0000000000000000
0x00007fcc1a5ca6a8:   00007fcc1bb174e0 00007fcc5a9c5460
0x00007fcc1a5ca6b8:   00007fcc1a5ca6e0 0000000000000000
0x00007fcc1a5ca6c8:   00007fcc1bb0f273 00007fcc1a5ca750
0x00007fcc1a5ca6d8:   00007fcc401274bf 00007fcc1a5ca730
0x00007fcc1a5ca6e8:   00007fcc5cccc136 0000000000000000
0x00007fcc1a5ca6f8:   00007fcc5cc5e8f6 00007fcc1a5ca750
0x00007fcc1a5ca708:   00007fcc5caf0e2c 00007fcc1a5ca7b0
0x00007fcc1a5ca718:   00000006cc53e9a0 00000006ca36efc8
0x00007fcc1a5ca728:   0000000000000011 00007fcc1a5ca7b0
0x00007fcc1a5ca738:   00007fcc5c9d4420 00007fcc1a5ca7b0
0x00007fcc1a5ca748:   00007fcc5c9d4420 0000000000000000
0x00007fcc1a5ca758:   00007fcc5c9d4760 00007fcc0c002e20
0x00007fcc1a5ca768:   00000006cc53e4b0 00007fcc1a5ca770
0x00007fcc1a5ca778:   00007fcc5ab9e784 00007fcc1a5ca7f8
0x00007fcc1a5ca788:   00007fcc5aba7c28 0000000000000000
0x00007fcc1a5ca798:   00007fcc5ab9e8b8 00007fcc1a5ca750
0x00007fcc1a5ca7a8:   00007fcc1a5ca7f0 00007fcc1a5ca840
0x00007fcc1a5ca7b8:   00007fcc5c9d4c4d 0000000000000000
0x00007fcc1a5ca7c8:   00000006cc53cd68 0000000000000000
0x00007fcc1a5ca7d8:   0000000000000000 0000000000000000
0x00007fcc1a5ca7e8:   00000006cc53e4b0 0000000000000000
0x00007fcc1a5ca7f8:   00000006cc4bebc0 00007fcc1a5ca800
0x00007fcc1a5ca808:   00007fcc5ab9e5c5 00007fcc1a5ca850
0x00007fcc1a5ca818:   00007fcc5aba7c28 0000000000000000
0x00007fcc1a5ca828:   00007fcc5ab9e5d0 00007fcc1a5ca7f0
0x00007fcc1a5ca838:   00007fcc1a5ca850 00007fcc1a5ca898
0x00007fcc1a5ca848:   00007fcc5c9d4c92 00000006cc4bebc0
0x00007fcc1a5ca858:   00007fcc1a5ca858 00007fcc5a66e81b
0x00007fcc1a5ca868:   00007fcc1a5ca8a8 00007fcc5a6f4f00 

Instructions: (pc=0x00007fcc5ca366ba)
0x00007fcc5ca3669a:   00 00 00 00 00 00 44 8b 15 01 d6 46 15 4c 8b ce
0x00007fcc5ca366aa:   41 f6 c2 01 0f 85 2e 00 00 00 4d 33 ca 4d 33 ca
0x00007fcc5ca366ba:   4d 8b 09 4c 8b da 49 c1 eb 02 4b 8b 04 19 49 bb
0x00007fcc5ca366ca:   a8 3c ea 71 cc 7f 00 00 4c 33 d8 4c 33 d8 45 3b 

Register to memory mapping:

RAX=0x00007fcc71e6ace0: <offset 0xf64ce0> in /home/aocampor/jdk1.8.0_45/jre/lib/amd64/server/libjvm.so at 0x00007fcc70f06000
RBX=0x00007fcc6c2641f8 is an unknown value
RCX=0x00007fcc728c5320: <offset 0x219320> in /lib/x86_64-linux-gnu/libpthread.so.0 at 0x00007fcc726ac000
RDX=0x0000000000000042 is an unknown value
RSP=0x00007fcc1a5ca678 is pointing into the stack for thread: 0x00007fcc6c264000
RBP=0x00007fcc1a5ca6a0 is pointing into the stack for thread: 0x00007fcc6c264000
RSI=0x0000000000000000 is an unknown value
RDI=0x00007fcc6c2641f8 is an unknown value
R8 =0x00007fcc1bb0f250: <offset 0x5a250> in /usr/lib/x86_64-linux-gnu/libX11.so.6 at 0x00007fcc1bab5000
R9 =0x0000000000000000 is an unknown value
R10=0x0000000000000042 is an unknown value
R11=0x00007fcc5cccc098 is at entry_point+24 in (nmethod*)0x00007fcc5cccbf10
R12=0x00007fcc0406aec0 is an unknown value
R13=0x0000000000000000 is an unknown value
R14=0x00007fcc4034f7e0: <offset 0x2587e0> in /home/aocampor/jdk1.8.0_45/jre/lib/amd64/libawt_xawt.so at 0x00007fcc400f7000
R15=0x00007fcc6c264000 is a thread


Stack: [0x00007fcc1a4cb000,0x00007fcc1a5cc000],  sp=0x00007fcc1a5ca678,  free space=1021k
Native frames: (J=compiled Java code, j=interpreted, Vv=VM code, C=native code)
v  ~BufferBlob::jni_fast_GetLongField
C  [libX11.so.6+0x624e0]  _XimServerDestroy+0x70

Java frames: (J=compiled Java code, j=interpreted, Vv=VM code)
J 800  sun.awt.X11.XlibWrapper.XFilterEvent(JJ)Z (0 bytes) @ 0x00007fcc5cccc0c4 [0x00007fcc5cccc080+0x44]
j  sun.awt.X11.XToolkit.run(Z)V+300
j  sun.awt.X11.XToolkit.run()V+5
j  java.lang.Thread.run()V+11
v  ~StubRoutines::call_stub

---------------  P R O C E S S  ---------------

Java Threads: ( => current thread )
  0x00007fcc6c009800 JavaThread "DestroyJavaVM" [_thread_blocked, id=6281, stack(0x00007fcc729c4000,0x00007fcc72ac5000)]
  0x00007fcc6c2fb800 JavaThread "Thread-0" [_thread_blocked, id=6300, stack(0x00007fcbfff38000,0x00007fcc00039000)]
  0x00007fcc6c2b6000 JavaThread "AWT-EventQueue-0" [_thread_blocked, id=6298, stack(0x00007fcc1a0c9000,0x00007fcc1a1ca000)]
  0x00007fcc6c296800 JavaThread "AWT-Shutdown" [_thread_blocked, id=6297, stack(0x00007fcc1a1ca000,0x00007fcc1a2cb000)]
=>0x00007fcc6c264000 JavaThread "AWT-XAWT" daemon [_thread_in_native, id=6296, stack(0x00007fcc1a4cb000,0x00007fcc1a5cc000)]
  0x00007fcc6c241800 JavaThread "Java2D Disposer" daemon [_thread_blocked, id=6295, stack(0x00007fcc58088000,0x00007fcc58189000)]
  0x00007fcc6c0c4000 JavaThread "Service Thread" daemon [_thread_blocked, id=6293, stack(0x00007fcc5855c000,0x00007fcc5865d000)]
  0x00007fcc6c0be800 JavaThread "C1 CompilerThread2" daemon [_thread_blocked, id=6292, stack(0x00007fcc5865d000,0x00007fcc5875e000)]
  0x00007fcc6c0bd000 JavaThread "C2 CompilerThread1" daemon [_thread_blocked, id=6291, stack(0x00007fcc5875e000,0x00007fcc5885f000)]
  0x00007fcc6c0ba000 JavaThread "C2 CompilerThread0" daemon [_thread_blocked, id=6290, stack(0x00007fcc5885f000,0x00007fcc58960000)]
  0x00007fcc6c0b8800 JavaThread "Signal Dispatcher" daemon [_thread_blocked, id=6289, stack(0x00007fcc58960000,0x00007fcc58a61000)]
  0x00007fcc6c07f000 JavaThread "Finalizer" daemon [_thread_blocked, id=6288, stack(0x00007fcc59183000,0x00007fcc59284000)]
  0x00007fcc6c07d000 JavaThread "Reference Handler" daemon [_thread_blocked, id=6287, stack(0x00007fcc59284000,0x00007fcc59385000)]

Other Threads:
  0x00007fcc6c078000 VMThread [stack: 0x00007fcc59385000,0x00007fcc59486000] [id=6286]
  0x00007fcc6c0c6800 WatcherThread [stack: 0x00007fcc5845b000,0x00007fcc5855c000] [id=6294]

VM state:not at safepoint (normal execution)

VM Mutex/Monitor currently owned by a thread: None

Heap:
 PSYoungGen      total 74752K, used 26093K [0x000000076ce00000, 0x0000000776000000, 0x00000007c0000000)
  eden space 64512K, 40% used [0x000000076ce00000,0x000000076e77b5d8,0x0000000770d00000)
  from space 10240K, 0% used [0x0000000771700000,0x0000000771700000,0x0000000772100000)
  to   space 10240K, 0% used [0x0000000770d00000,0x0000000770d00000,0x0000000771700000)
 ParOldGen       total 253440K, used 160164K [0x00000006c6a00000, 0x00000006d6180000, 0x000000076ce00000)
  object space 253440K, 63% used [0x00000006c6a00000,0x00000006d0669338,0x00000006d6180000)
 Metaspace       used 12885K, capacity 13062K, committed 13312K, reserved 1060864K
  class space    used 1361K, capacity 1432K, committed 1536K, reserved 1048576K

Card table byte_map: [0x00007fcc5be41000,0x00007fcc5c60d000] byte_map_base: 0x00007fcc5880c000

Marking Bits: (ParMarkBitMap*) 0x00007fcc71ea3760
 Begin Bits: [0x00007fcc40350000, 0x00007fcc441a8000)
 End Bits:   [0x00007fcc441a8000, 0x00007fcc48000000)

Polling page: 0x00007fcc72ae9000

CodeCache: size=245760Kb used=3470Kb max_used=3470Kb free=242289Kb
 bounds [0x00007fcc5c9cd000, 0x00007fcc5cd3d000, 0x00007fcc6b9cd000]
 total_blobs=1505 nmethods=958 adapters=461
 compilation: enabled

Compilation events (10 events):
Event: 2655,002 Thread 0x00007fcc6c0be800  955       3       java.lang.Math::max (12 bytes)
Event: 2655,002 Thread 0x00007fcc6c0be800 nmethod 955 0x00007fcc5cd2eed0 code [0x00007fcc5cd2f040, 0x00007fcc5cd2f1d0]
Event: 2658,360 Thread 0x00007fcc6c0bd000  956       4       java.lang.Long::valueOf (36 bytes)
Event: 2658,361 Thread 0x00007fcc6c0bd000 nmethod 956 0x00007fcc5cd2d650 code [0x00007fcc5cd2d7a0, 0x00007fcc5cd2d8d8]
Event: 2723,366 Thread 0x00007fcc6c0be800  957       3       java.util.HashSet::<init> (16 bytes)
Event: 2723,366 Thread 0x00007fcc6c0be800 nmethod 957 0x00007fcc5cd2e750 code [0x00007fcc5cd2e8e0, 0x00007fcc5cd2ecf0]
Event: 2748,416 Thread 0x00007fcc6c0be800  958       3       sun.awt.X11.XNETProtocol::isStateChange (50 bytes)
Event: 2748,417 Thread 0x00007fcc6c0be800 nmethod 958 0x00007fcc5cd31b50 code [0x00007fcc5cd31dc0, 0x00007fcc5cd32dd8]
Event: 2751,265 Thread 0x00007fcc6c0be800  959   !   3       java.awt.EventQueue::setCurrentEventAndMostRecentTimeImpl (185 bytes)
Event: 2751,267 Thread 0x00007fcc6c0be800 nmethod 959 0x00007fcc5cd33650 code [0x00007fcc5cd33900, 0x00007fcc5cd35368]

GC Heap History (6 events):
Event: 0,803 GC heap before
{Heap before GC invocations=1 (full 0):
 PSYoungGen      total 74752K, used 64512K [0x000000076ce00000, 0x0000000772100000, 0x00000007c0000000)
  eden space 64512K, 100% used [0x000000076ce00000,0x0000000770d00000,0x0000000770d00000)
  from space 10240K, 0% used [0x0000000771700000,0x0000000771700000,0x0000000772100000)
  to   space 10240K, 0% used [0x0000000770d00000,0x0000000770d00000,0x0000000771700000)
 ParOldGen       total 171008K, used 58806K [0x00000006c6a00000, 0x00000006d1100000, 0x000000076ce00000)
  object space 171008K, 34% used [0x00000006c6a00000,0x00000006ca36d810,0x00000006d1100000)
 Metaspace       used 11480K, capacity 11622K, committed 11776K, reserved 1060864K
  class space    used 1201K, capacity 1272K, committed 1280K, reserved 1048576K
Event: 0,810 GC heap after
Heap after GC invocations=1 (full 0):
 PSYoungGen      total 74752K, used 6603K [0x000000076ce00000, 0x0000000772100000, 0x00000007c0000000)
  eden space 64512K, 0% used [0x000000076ce00000,0x000000076ce00000,0x0000000770d00000)
  from space 10240K, 64% used [0x0000000770d00000,0x0000000771372fe8,0x0000000771700000)
  to   space 10240K, 0% used [0x0000000771700000,0x0000000771700000,0x0000000772100000)
 ParOldGen       total 171008K, used 58814K [0x00000006c6a00000, 0x00000006d1100000, 0x000000076ce00000)
  object space 171008K, 34% used [0x00000006c6a00000,0x00000006ca36f810,0x00000006d1100000)
 Metaspace       used 11480K, capacity 11622K, committed 11776K, reserved 1060864K
  class space    used 1201K, capacity 1272K, committed 1280K, reserved 1048576K
}
Event: 1,466 GC heap before
{Heap before GC invocations=2 (full 0):
 PSYoungGen      total 74752K, used 71115K [0x000000076ce00000, 0x0000000772100000, 0x00000007c0000000)
  eden space 64512K, 100% used [0x000000076ce00000,0x0000000770d00000,0x0000000770d00000)
  from space 10240K, 64% used [0x0000000770d00000,0x0000000771372fe8,0x0000000771700000)
  to   space 10240K, 0% used [0x0000000771700000,0x0000000771700000,0x0000000772100000)
 ParOldGen       total 171008K, used 117620K [0x00000006c6a00000, 0x00000006d1100000, 0x000000076ce00000)
  object space 171008K, 68% used [0x00000006c6a00000,0x00000006cdcdd020,0x00000006d1100000)
 Metaspace       used 12251K, capacity 12422K, committed 12672K, reserved 1060864K
  class space    used 1302K, capacity 1368K, committed 1408K, reserved 1048576K
Event: 1,488 GC heap after
Heap after GC invocations=2 (full 0):
 PSYoungGen      total 74752K, used 10235K [0x000000076ce00000, 0x0000000776000000, 0x00000007c0000000)
  eden space 64512K, 0% used [0x000000076ce00000,0x000000076ce00000,0x0000000770d00000)
  from space 10240K, 99% used [0x0000000771700000,0x00000007720fed50,0x0000000772100000)
  to   space 10240K, 0% used [0x0000000770d00000,0x0000000770d00000,0x0000000771700000)
 ParOldGen       total 171008K, used 151676K [0x00000006c6a00000, 0x00000006d1100000, 0x000000076ce00000)
  object space 171008K, 88% used [0x00000006c6a00000,0x00000006cfe1f078,0x00000006d1100000)
 Metaspace       used 12251K, capacity 12422K, committed 12672K, reserved 1060864K
  class space    used 1302K, capacity 1368K, committed 1408K, reserved 1048576K
}
Event: 1,488 GC heap before
{Heap before GC invocations=3 (full 1):
 PSYoungGen      total 74752K, used 10235K [0x000000076ce00000, 0x0000000776000000, 0x00000007c0000000)
  eden space 64512K, 0% used [0x000000076ce00000,0x000000076ce00000,0x0000000770d00000)
  from space 10240K, 99% used [0x0000000771700000,0x00000007720fed50,0x0000000772100000)
  to   space 10240K, 0% used [0x0000000770d00000,0x0000000770d00000,0x0000000771700000)
 ParOldGen       total 171008K, used 151676K [0x00000006c6a00000, 0x00000006d1100000, 0x000000076ce00000)
  object space 171008K, 88% used [0x00000006c6a00000,0x00000006cfe1f078,0x00000006d1100000)
 Metaspace       used 12251K, capacity 12422K, committed 12672K, reserved 1060864K
  class space    used 1302K, capacity 1368K, committed 1408K, reserved 1048576K
Event: 1,530 GC heap after
Heap after GC invocations=3 (full 1):
 PSYoungGen      total 74752K, used 0K [0x000000076ce00000, 0x0000000776000000, 0x00000007c0000000)
  eden space 64512K, 0% used [0x000000076ce00000,0x000000076ce00000,0x0000000770d00000)
  from space 10240K, 0% used [0x0000000771700000,0x0000000771700000,0x0000000772100000)
  to   space 10240K, 0% used [0x0000000770d00000,0x0000000770d00000,0x0000000771700000)
 ParOldGen       total 253440K, used 101358K [0x00000006c6a00000, 0x00000006d6180000, 0x000000076ce00000)
  object space 253440K, 39% used [0x00000006c6a00000,0x00000006cccfbb28,0x00000006d6180000)
 Metaspace       used 12251K, capacity 12422K, committed 12672K, reserved 1060864K
  class space    used 1302K, capacity 1368K, committed 1408K, reserved 1048576K
}

Deoptimization events (8 events):
Event: 0,413 Thread 0x00007fcc6c2b6000 Uncommon trap: reason=unstable_if action=reinterpret pc=0x00007fcc5cb81238 method=java.util.Properties.loadConvert([CII[C)Ljava/lang/String; @ 4
Event: 0,593 Thread 0x00007fcc6c009800 Uncommon trap: reason=predicate action=maybe_recompile pc=0x00007fcc5cc19bcc method=java.util.AbstractCollection.toArray([Ljava/lang/Object;)[Ljava/lang/Object; @ 49
Event: 0,607 Thread 0x00007fcc6c009800 Uncommon trap: reason=array_check action=maybe_recompile pc=0x00007fcc5cc2ad78 method=java.util.AbstractCollection.toArray([Ljava/lang/Object;)[Ljava/lang/Object; @ 119
Event: 0,607 Thread 0x00007fcc6c009800 Uncommon trap: reason=array_check action=maybe_recompile pc=0x00007fcc5cc2ad78 method=java.util.AbstractCollection.toArray([Ljava/lang/Object;)[Ljava/lang/Object; @ 119
Event: 0,607 Thread 0x00007fcc6c009800 Uncommon trap: reason=array_check action=maybe_recompile pc=0x00007fcc5cc2ad78 method=java.util.AbstractCollection.toArray([Ljava/lang/Object;)[Ljava/lang/Object; @ 119
Event: 0,607 Thread 0x00007fcc6c009800 Uncommon trap: reason=array_check action=maybe_recompile pc=0x00007fcc5cc2ad78 method=java.util.AbstractCollection.toArray([Ljava/lang/Object;)[Ljava/lang/Object; @ 119
Event: 0,630 Thread 0x00007fcc6c009800 Uncommon trap: reason=unstable_if action=reinterpret pc=0x00007fcc5cc1be50 method=java.io.BufferedReader.readLine(Z)Ljava/lang/String; @ 55
Event: 1,849 Thread 0x00007fcc6c009800 Uncommon trap: reason=unstable_if action=reinterpret pc=0x00007fcc5cc790c4 method=org.rosuda.JRI.Rengine.<init>([Ljava/lang/String;ZLorg/rosuda/JRI/RMainLoopCallbacks;)V @ 78

Internal exceptions (10 events):
Event: 0,087 Thread 0x00007fcc6c009800 Exception <a 'java/security/PrivilegedActionException'> (0x000000076cf0ac20) thrown at [/RE-WORK/workspace/8-2-build-linux-amd64/jdk8u45/3457/hotspot/src/share/vm/prims/jvm.cpp, line 1382]
Event: 0,087 Thread 0x00007fcc6c009800 Exception <a 'java/security/PrivilegedActionException'> (0x000000076cf0add8) thrown at [/RE-WORK/workspace/8-2-build-linux-amd64/jdk8u45/3457/hotspot/src/share/vm/prims/jvm.cpp, line 1382]
Event: 0,088 Thread 0x00007fcc6c009800 Exception <a 'java/security/PrivilegedActionException'> (0x000000076cf0d168) thrown at [/RE-WORK/workspace/8-2-build-linux-amd64/jdk8u45/3457/hotspot/src/share/vm/prims/jvm.cpp, line 1382]
Event: 0,088 Thread 0x00007fcc6c009800 Exception <a 'java/security/PrivilegedActionException'> (0x000000076cf0d320) thrown at [/RE-WORK/workspace/8-2-build-linux-amd64/jdk8u45/3457/hotspot/src/share/vm/prims/jvm.cpp, line 1382]
Event: 0,106 Thread 0x00007fcc6c009800 Exception <a 'java/io/FileNotFoundException'> (0x000000076d1e6e30) thrown at [/RE-WORK/workspace/8-2-build-linux-amd64/jdk8u45/3457/hotspot/src/share/vm/prims/jni.cpp, line 709]
Event: 0,106 Thread 0x00007fcc6c009800 Exception <a 'java/io/FileNotFoundException'> (0x000000076d1e77c8) thrown at [/RE-WORK/workspace/8-2-build-linux-amd64/jdk8u45/3457/hotspot/src/share/vm/prims/jni.cpp, line 709]
Event: 0,182 Thread 0x00007fcc6c009800 Exception <a 'java/lang/NoSuchFieldError': method resolution failed> (0x000000076d2ff1b8) thrown at [/RE-WORK/workspace/8-2-build-linux-amd64/jdk8u45/3457/hotspot/src/share/vm/prims/methodHandles.cpp, line 1125]
Event: 0,185 Thread 0x00007fcc6c009800 Exception <a 'java/lang/NoSuchFieldError': method resolution failed> (0x000000076d30dbf8) thrown at [/RE-WORK/workspace/8-2-build-linux-amd64/jdk8u45/3457/hotspot/src/share/vm/prims/methodHandles.cpp, line 1125]
Event: 0,549 Thread 0x00007fcc6c2b6000 Exception <a 'java/lang/UnsupportedOperationException': > (0x000000076da63f68) thrown at [/RE-WORK/workspace/8-2-build-linux-amd64/jdk8u45/3457/hotspot/src/share/vm/prims/jni.cpp, line 735]
Event: 1,549 Thread 0x00007fcc6c2b6000 Exception <a 'java/lang/UnsupportedOperationException': > (0x000000076e476c80) thrown at [/RE-WORK/workspace/8-2-build-linux-amd64/jdk8u45/3457/hotspot/src/share/vm/prims/jni.cpp, line 735]

Events (10 events):
Event: 1903,631 loading class sun/awt/X11/XkbEvent
Event: 1903,631 loading class sun/awt/X11/XkbEvent done
Event: 1903,631 loading class sun/awt/X11/XkbAnyEvent
Event: 1903,632 loading class sun/awt/X11/XkbAnyEvent done
Event: 2654,852 loading class java/util/WeakHashMap$KeyIterator
Event: 2654,852 loading class java/util/WeakHashMap$HashIterator
Event: 2654,852 loading class java/util/WeakHashMap$HashIterator done
Event: 2654,852 loading class java/util/WeakHashMap$KeyIterator done
Event: 2654,852 loading class sun/awt/X11/XWindowPeer$1
Event: 2654,852 loading class sun/awt/X11/XWindowPeer$1 done


Dynamic libraries:
00400000-00401000 r-xp 00000000 08:06 6963975                            /home/aocampor/jdk1.8.0_45/bin/java
00600000-00601000 rw-p 00000000 08:06 6963975                            /home/aocampor/jdk1.8.0_45/bin/java
017db000-017fc000 rw-p 00000000 00:00 0                                  [heap]
6c6a00000-6d6180000 rw-p 00000000 00:00 0 
6d6180000-76ce00000 ---p 00000000 00:00 0 
76ce00000-776000000 rw-p 00000000 00:00 0 
776000000-7c0000000 ---p 00000000 00:00 0 
7c0000000-7c0180000 rw-p 00000000 00:00 0 
7c0180000-800000000 ---p 00000000 00:00 0 
7fcbf709b000-7fcbf70b5000 r-xp 00000000 08:06 2630229                    /usr/lib/x86_64-linux-gnu/libgraphite2.so.3.0.1
7fcbf70b5000-7fcbf72b4000 ---p 0001a000 08:06 2630229                    /usr/lib/x86_64-linux-gnu/libgraphite2.so.3.0.1
7fcbf72b4000-7fcbf72b6000 r--p 00019000 08:06 2630229                    /usr/lib/x86_64-linux-gnu/libgraphite2.so.3.0.1
7fcbf72b6000-7fcbf72b7000 rw-p 0001b000 08:06 2630229                    /usr/lib/x86_64-linux-gnu/libgraphite2.so.3.0.1
7fcbf72b7000-7fcbf72bd000 r-xp 00000000 08:06 2630005                    /usr/lib/x86_64-linux-gnu/libdatrie.so.1.3.1
7fcbf72bd000-7fcbf74bc000 ---p 00006000 08:06 2630005                    /usr/lib/x86_64-linux-gnu/libdatrie.so.1.3.1
7fcbf74bc000-7fcbf74bd000 r--p 00005000 08:06 2630005                    /usr/lib/x86_64-linux-gnu/libdatrie.so.1.3.1
7fcbf74bd000-7fcbf74be000 rw-p 00006000 08:06 2630005                    /usr/lib/x86_64-linux-gnu/libdatrie.so.1.3.1
7fcbf74be000-7fcbf74e4000 r-xp 00000000 08:06 397416                     /lib/x86_64-linux-gnu/libexpat.so.1.6.0
7fcbf74e4000-7fcbf76e3000 ---p 00026000 08:06 397416                     /lib/x86_64-linux-gnu/libexpat.so.1.6.0
7fcbf76e3000-7fcbf76e6000 r--p 00025000 08:06 397416                     /lib/x86_64-linux-gnu/libexpat.so.1.6.0
7fcbf76e6000-7fcbf76e7000 rw-p 00028000 08:06 397416                     /lib/x86_64-linux-gnu/libexpat.so.1.6.0
7fcbf76e7000-7fcbf773b000 r-xp 00000000 08:06 2630348                    /usr/lib/x86_64-linux-gnu/libharfbuzz.so.0.935.0
7fcbf773b000-7fcbf793b000 ---p 00054000 08:06 2630348                    /usr/lib/x86_64-linux-gnu/libharfbuzz.so.0.935.0
7fcbf793b000-7fcbf793d000 r--p 00054000 08:06 2630348                    /usr/lib/x86_64-linux-gnu/libharfbuzz.so.0.935.0
7fcbf793d000-7fcbf793e000 rw-p 00056000 08:06 2630348                    /usr/lib/x86_64-linux-gnu/libharfbuzz.so.0.935.0
7fcbf793e000-7fcbf7949000 r-xp 00000000 08:06 2630409                    /usr/lib/x86_64-linux-gnu/libjbig.so.0
7fcbf7949000-7fcbf7b48000 ---p 0000b000 08:06 2630409                    /usr/lib/x86_64-linux-gnu/libjbig.so.0
7fcbf7b48000-7fcbf7b49000 r--p 0000a000 08:06 2630409                    /usr/lib/x86_64-linux-gnu/libjbig.so.0
7fcbf7b49000-7fcbf7b4c000 rw-p 0000b000 08:06 2630409                    /usr/lib/x86_64-linux-gnu/libjbig.so.0
7fcbf7b4c000-7fcbf7b54000 r-xp 00000000 08:06 2630892                    /usr/lib/x86_64-linux-gnu/libxcb-render.so.0.0.0
7fcbf7b54000-7fcbf7d53000 ---p 00008000 08:06 2630892                    /usr/lib/x86_64-linux-gnu/libxcb-render.so.0.0.0
7fcbf7d53000-7fcbf7d54000 r--p 00007000 08:06 2630892                    /usr/lib/x86_64-linux-gnu/libxcb-render.so.0.0.0
7fcbf7d54000-7fcbf7d55000 rw-p 00008000 08:06 2630892                    /usr/lib/x86_64-linux-gnu/libxcb-render.so.0.0.0
7fcbf7d55000-7fcbf7df8000 r-xp 00000000 08:06 2630576                    /usr/lib/x86_64-linux-gnu/libpixman-1.so.0.32.4
7fcbf7df8000-7fcbf7ff8000 ---p 000a3000 08:06 2630576                    /usr/lib/x86_64-linux-gnu/libpixman-1.so.0.32.4
7fcbf7ff8000-7fcbf7fff000 r--p 000a3000 08:06 2630576                    /usr/lib/x86_64-linux-gnu/libpixman-1.so.0.32.4
7fcbf7fff000-7fcbf8000000 rw-p 000aa000 08:06 2630576                    /usr/lib/x86_64-linux-gnu/libpixman-1.so.0.32.4
7fcbf8000000-7fcbf9f51000 rw-p 00000000 00:00 0 
7fcbf9f51000-7fcbfc000000 ---p 00000000 00:00 0 
7fcbfc00c000-7fcbfc02d000 r--p 00000000 08:06 2638592                    /usr/share/texmf/fonts/opentype/public/tex-gyre/texgyreheros-regular.otf
7fcbfc02d000-7fcbfc02f000 r-xp 00000000 08:06 2630896                    /usr/lib/x86_64-linux-gnu/libxcb-shm.so.0.0.0
7fcbfc02f000-7fcbfc22e000 ---p 00002000 08:06 2630896                    /usr/lib/x86_64-linux-gnu/libxcb-shm.so.0.0.0
7fcbfc22e000-7fcbfc22f000 r--p 00001000 08:06 2630896                    /usr/lib/x86_64-linux-gnu/libxcb-shm.so.0.0.0
7fcbfc22f000-7fcbfc230000 rw-p 00002000 08:06 2630896                    /usr/lib/x86_64-linux-gnu/libxcb-shm.so.0.0.0
7fcbfc230000-7fcbfc237000 r-xp 00000000 08:06 2630086                    /usr/lib/x86_64-linux-gnu/libffi.so.6.0.2
7fcbfc237000-7fcbfc436000 ---p 00007000 08:06 2630086                    /usr/lib/x86_64-linux-gnu/libffi.so.6.0.2
7fcbfc436000-7fcbfc437000 r--p 00006000 08:06 2630086                    /usr/lib/x86_64-linux-gnu/libffi.so.6.0.2
7fcbfc437000-7fcbfc438000 rw-p 00007000 08:06 2630086                    /usr/lib/x86_64-linux-gnu/libffi.so.6.0.2
7fcbfc438000-7fcbfc440000 r-xp 00000000 08:06 2630760                    /usr/lib/x86_64-linux-gnu/libthai.so.0.2.0
7fcbfc440000-7fcbfc63f000 ---p 00008000 08:06 2630760                    /usr/lib/x86_64-linux-gnu/libthai.so.0.2.0
7fcbfc63f000-7fcbfc640000 r--p 00007000 08:06 2630760                    /usr/lib/x86_64-linux-gnu/libthai.so.0.2.0
7fcbfc640000-7fcbfc641000 rw-p 00008000 08:06 2630760                    /usr/lib/x86_64-linux-gnu/libthai.so.0.2.0
7fcbfc641000-7fcbfc644000 r-xp 00000000 08:06 2621848                    /usr/lib/x86_64-linux-gnu/libgmodule-2.0.so.0.4200.1
7fcbfc644000-7fcbfc843000 ---p 00003000 08:06 2621848                    /usr/lib/x86_64-linux-gnu/libgmodule-2.0.so.0.4200.1
7fcbfc843000-7fcbfc844000 r--p 00002000 08:06 2621848                    /usr/lib/x86_64-linux-gnu/libgmodule-2.0.so.0.4200.1
7fcbfc844000-7fcbfc845000 rw-p 00003000 08:06 2621848                    /usr/lib/x86_64-linux-gnu/libgmodule-2.0.so.0.4200.1
7fcbfc845000-7fcbfc8e7000 r-xp 00000000 08:06 2621625                    /usr/lib/x86_64-linux-gnu/libfreetype.so.6.11.1
7fcbfc8e7000-7fcbfcae6000 ---p 000a2000 08:06 2621625                    /usr/lib/x86_64-linux-gnu/libfreetype.so.6.11.1
7fcbfcae6000-7fcbfcaec000 r--p 000a1000 08:06 2621625                    /usr/lib/x86_64-linux-gnu/libfreetype.so.6.11.1
7fcbfcaec000-7fcbfcaed000 rw-p 000a7000 08:06 2621625                    /usr/lib/x86_64-linux-gnu/libfreetype.so.6.11.1
7fcbfcaed000-7fcbfcb28000 r-xp 00000000 08:06 2630100                    /usr/lib/x86_64-linux-gnu/libfontconfig.so.1.8.0
7fcbfcb28000-7fcbfcd27000 ---p 0003b000 08:06 2630100                    /usr/lib/x86_64-linux-gnu/libfontconfig.so.1.8.0
7fcbfcd27000-7fcbfcd29000 r--p 0003a000 08:06 2630100                    /usr/lib/x86_64-linux-gnu/libfontconfig.so.1.8.0
7fcbfcd29000-7fcbfcd2a000 rw-p 0003c000 08:06 2630100                    /usr/lib/x86_64-linux-gnu/libfontconfig.so.1.8.0
7fcbfcd2a000-7fcbfcd3e000 r-xp 00000000 08:06 2630555                    /usr/lib/x86_64-linux-gnu/libpangoft2-1.0.so.0.3600.6
7fcbfcd3e000-7fcbfcf3e000 ---p 00014000 08:06 2630555                    /usr/lib/x86_64-linux-gnu/libpangoft2-1.0.so.0.3600.6
7fcbfcf3e000-7fcbfcf3f000 r--p 00014000 08:06 2630555                    /usr/lib/x86_64-linux-gnu/libpangoft2-1.0.so.0.3600.6
7fcbfcf3f000-7fcbfcf40000 rw-p 00015000 08:06 2630555                    /usr/lib/x86_64-linux-gnu/libpangoft2-1.0.so.0.3600.6
7fcbfcf40000-7fcbfd04c000 r-xp 00000000 08:06 397332                     /lib/x86_64-linux-gnu/libglib-2.0.so.0.4200.1
7fcbfd04c000-7fcbfd24c000 ---p 0010c000 08:06 397332                     /lib/x86_64-linux-gnu/libglib-2.0.so.0.4200.1
7fcbfd24c000-7fcbfd24d000 r--p 0010c000 08:06 397332                     /lib/x86_64-linux-gnu/libglib-2.0.so.0.4200.1
7fcbfd24d000-7fcbfd24e000 rw-p 0010d000 08:06 397332                     /lib/x86_64-linux-gnu/libglib-2.0.so.0.4200.1
7fcbfd24e000-7fcbfd24f000 rw-p 00000000 00:00 0 
7fcbfd24f000-7fcbfd292000 r-xp 00000000 08:06 2630411                    /usr/lib/x86_64-linux-gnu/libjpeg.so.8.0.2
7fcbfd292000-7fcbfd492000 ---p 00043000 08:06 2630411                    /usr/lib/x86_64-linux-gnu/libjpeg.so.8.0.2
7fcbfd492000-7fcbfd493000 r--p 00043000 08:06 2630411                    /usr/lib/x86_64-linux-gnu/libjpeg.so.8.0.2
7fcbfd493000-7fcbfd494000 rw-p 00044000 08:06 2630411                    /usr/lib/x86_64-linux-gnu/libjpeg.so.8.0.2
7fcbfd494000-7fcbfd4a4000 rw-p 00000000 00:00 0 
7fcbfd4a4000-7fcbfd514000 r-xp 00000000 08:06 2624969                    /usr/lib/x86_64-linux-gnu/libtiff.so.5.2.0
7fcbfd514000-7fcbfd713000 ---p 00070000 08:06 2624969                    /usr/lib/x86_64-linux-gnu/libtiff.so.5.2.0
7fcbfd713000-7fcbfd715000 r--p 0006f000 08:06 2624969                    /usr/lib/x86_64-linux-gnu/libtiff.so.5.2.0
7fcbfd715000-7fcbfd718000 rw-p 00071000 08:06 2624969                    /usr/lib/x86_64-linux-gnu/libtiff.so.5.2.0
7fcbfd718000-7fcbfd81e000 r-xp 00000000 08:06 2622146                    /usr/lib/x86_64-linux-gnu/libcairo.so.2.11301.0
7fcbfd81e000-7fcbfda1d000 ---p 00106000 08:06 2622146                    /usr/lib/x86_64-linux-gnu/libcairo.so.2.11301.0
7fcbfda1d000-7fcbfda20000 r--p 00105000 08:06 2622146                    /usr/lib/x86_64-linux-gnu/libcairo.so.2.11301.0
7fcbfda20000-7fcbfda21000 rw-p 00108000 08:06 2622146                    /usr/lib/x86_64-linux-gnu/libcairo.so.2.11301.0
7fcbfda21000-7fcbfda23000 rw-p 00000000 00:00 0 
7fcbfda23000-7fcbfda48000 r-xp 00000000 08:06 397515                     /lib/x86_64-linux-gnu/libpng12.so.0.51.0
7fcbfda48000-7fcbfdc47000 ---p 00025000 08:06 397515                     /lib/x86_64-linux-gnu/libpng12.so.0.51.0
7fcbfdc47000-7fcbfdc48000 r--p 00024000 08:06 397515                     /lib/x86_64-linux-gnu/libpng12.so.0.51.0
7fcbfdc48000-7fcbfdc49000 rw-p 00025000 08:06 397515                     /lib/x86_64-linux-gnu/libpng12.so.0.51.0
7fcbfdc49000-7fcbfdc99000 r-xp 00000000 08:06 2621827                    /usr/lib/x86_64-linux-gnu/libgobject-2.0.so.0.4200.1
7fcbfdc99000-7fcbfde99000 ---p 00050000 08:06 2621827                    /usr/lib/x86_64-linux-gnu/libgobject-2.0.so.0.4200.1
7fcbfde99000-7fcbfde9a000 r--p 00050000 08:06 2621827                    /usr/lib/x86_64-linux-gnu/libgobject-2.0.so.0.4200.1
7fcbfde9a000-7fcbfde9b000 rw-p 00051000 08:06 2621827                    /usr/lib/x86_64-linux-gnu/libgobject-2.0.so.0.4200.1
7fcbfde9b000-7fcbfdee6000 r-xp 00000000 08:06 2630551                    /usr/lib/x86_64-linux-gnu/libpango-1.0.so.0.3600.6
7fcbfdee6000-7fcbfe0e6000 ---p 0004b000 08:06 2630551                    /usr/lib/x86_64-linux-gnu/libpango-1.0.so.0.3600.6
7fcbfe0e6000-7fcbfe0e8000 r--p 0004b000 08:06 2630551                    /usr/lib/x86_64-linux-gnu/libpango-1.0.so.0.3600.6
7fcbfe0e8000-7fcbfe0e9000 rw-p 0004d000 08:06 2630551                    /usr/lib/x86_64-linux-gnu/libpango-1.0.so.0.3600.6
7fcbfe0e9000-7fcbfe0f5000 r-xp 00000000 08:06 2630553                    /usr/lib/x86_64-linux-gnu/libpangocairo-1.0.so.0.3600.6
7fcbfe0f5000-7fcbfe2f4000 ---p 0000c000 08:06 2630553                    /usr/lib/x86_64-linux-gnu/libpangocairo-1.0.so.0.3600.6
7fcbfe2f4000-7fcbfe2f5000 r--p 0000b000 08:06 2630553                    /usr/lib/x86_64-linux-gnu/libpangocairo-1.0.so.0.3600.6
7fcbfe2f5000-7fcbfe2f6000 rw-p 0000c000 08:06 2630553                    /usr/lib/x86_64-linux-gnu/libpangocairo-1.0.so.0.3600.6
7fcbfe2f6000-7fcbfe2fe000 r-xp 00000000 08:06 2648711                    /usr/lib/R/library/grDevices/libs/cairo.so
7fcbfe2fe000-7fcbfe4fd000 ---p 00008000 08:06 2648711                    /usr/lib/R/library/grDevices/libs/cairo.so
7fcbfe4fd000-7fcbfe4fe000 r--p 00007000 08:06 2648711                    /usr/lib/R/library/grDevices/libs/cairo.so
7fcbfe4fe000-7fcbfe4ff000 rw-p 00008000 08:06 2648711                    /usr/lib/R/library/grDevices/libs/cairo.so
7fcbfe4ff000-7fcbfe53c000 r-xp 00000000 08:06 2630624                    /usr/lib/x86_64-linux-gnu/libquadmath.so.0.0.0
7fcbfe53c000-7fcbfe73b000 ---p 0003d000 08:06 2630624                    /usr/lib/x86_64-linux-gnu/libquadmath.so.0.0.0
7fcbfe73b000-7fcbfe73c000 r--p 0003c000 08:06 2630624                    /usr/lib/x86_64-linux-gnu/libquadmath.so.0.0.0
7fcbfe73c000-7fcbfe73d000 rw-p 0003d000 08:06 2630624                    /usr/lib/x86_64-linux-gnu/libquadmath.so.0.0.0
7fcbfe73d000-7fcbfe862000 r-xp 00000000 08:06 2641492                    /usr/lib/x86_64-linux-gnu/libgfortran.so.3.0.0
7fcbfe862000-7fcbfea62000 ---p 00125000 08:06 2641492                    /usr/lib/x86_64-linux-gnu/libgfortran.so.3.0.0
7fcbfea62000-7fcbfea64000 r--p 00125000 08:06 2641492                    /usr/lib/x86_64-linux-gnu/libgfortran.so.3.0.0
7fcbfea64000-7fcbfea66000 rw-p 00127000 08:06 2641492                    /usr/lib/x86_64-linux-gnu/libgfortran.so.3.0.0
7fcbfea66000-7fcbfefff000 r-xp 00000000 08:06 2641495                    /usr/lib/lapack/liblapack.so.3.0
7fcbfefff000-7fcbff1fe000 ---p 00599000 08:06 2641495                    /usr/lib/lapack/liblapack.so.3.0
7fcbff1fe000-7fcbff1ff000 r--p 00598000 08:06 2641495                    /usr/lib/lapack/liblapack.so.3.0
7fcbff1ff000-7fcbff203000 rw-p 00599000 08:06 2641495                    /usr/lib/lapack/liblapack.so.3.0
7fcbff203000-7fcbff2a0000 r-xp 00000000 08:06 2768043                    /usr/lib/R/library/stats/libs/stats.so
7fcbff2a0000-7fcbff4a0000 ---p 0009d000 08:06 2768043                    /usr/lib/R/library/stats/libs/stats.so
7fcbff4a0000-7fcbff4a2000 r--p 0009d000 08:06 2768043                    /usr/lib/R/library/stats/libs/stats.so
7fcbff4a2000-7fcbff4a3000 rw-p 0009f000 08:06 2768043                    /usr/lib/R/library/stats/libs/stats.so
7fcbff4a3000-7fcbff4a4000 rw-p 00000000 00:00 0 
7fcbff4a4000-7fcbff4e2000 r-xp 00000000 08:06 2767971                    /usr/lib/R/library/graphics/libs/graphics.so
7fcbff4e2000-7fcbff6e2000 ---p 0003e000 08:06 2767971                    /usr/lib/R/library/graphics/libs/graphics.so
7fcbff6e2000-7fcbff6e3000 r--p 0003e000 08:06 2767971                    /usr/lib/R/library/graphics/libs/graphics.so
7fcbff6e3000-7fcbff6e4000 rw-p 0003f000 08:06 2767971                    /usr/lib/R/library/graphics/libs/graphics.so
7fcbff6e4000-7fcbff718000 r-xp 00000000 08:06 2648710                    /usr/lib/R/library/grDevices/libs/grDevices.so
7fcbff718000-7fcbff917000 ---p 00034000 08:06 2648710                    /usr/lib/R/library/grDevices/libs/grDevices.so
7fcbff917000-7fcbff91c000 r--p 00033000 08:06 2648710                    /usr/lib/R/library/grDevices/libs/grDevices.so
7fcbff91c000-7fcbff91e000 rw-p 00038000 08:06 2648710                    /usr/lib/R/library/grDevices/libs/grDevices.so
7fcbff91e000-7fcbff91f000 rw-p 00000000 00:00 0 
7fcbff91f000-7fcbff921000 r-xp 00000000 08:06 2891980                    /usr/lib/x86_64-linux-gnu/gconv/ISO8859-1.so
7fcbff921000-7fcbffb20000 ---p 00002000 08:06 2891980                    /usr/lib/x86_64-linux-gnu/gconv/ISO8859-1.so
7fcbffb20000-7fcbffb21000 r--p 00001000 08:06 2891980                    /usr/lib/x86_64-linux-gnu/gconv/ISO8859-1.so
7fcbffb21000-7fcbffb22000 rw-p 00002000 08:06 2891980                    /usr/lib/x86_64-linux-gnu/gconv/ISO8859-1.so
7fcbffb22000-7fcbffb2a000 r-xp 00000000 08:06 2767859                    /usr/lib/R/library/methods/libs/methods.so
7fcbffb2a000-7fcbffd29000 ---p 00008000 08:06 2767859                    /usr/lib/R/library/methods/libs/methods.so
7fcbffd29000-7fcbffd2a000 r--p 00007000 08:06 2767859                    /usr/lib/R/library/methods/libs/methods.so
7fcbffd2a000-7fcbffd2b000 rw-p 00008000 08:06 2767859                    /usr/lib/R/library/methods/libs/methods.so
7fcbffd2b000-7fcbffd35000 r-xp 00000000 08:06 2767834                    /usr/lib/R/library/utils/libs/utils.so
7fcbffd35000-7fcbfff35000 ---p 0000a000 08:06 2767834                    /usr/lib/R/library/utils/libs/utils.so
7fcbfff35000-7fcbfff36000 r--p 0000a000 08:06 2767834                    /usr/lib/R/library/utils/libs/utils.so
7fcbfff36000-7fcbfff37000 rw-p 0000b000 08:06 2767834                    /usr/lib/R/library/utils/libs/utils.so
7fcbfff37000-7fcbfff38000 rw-p 00000000 00:00 0 
7fcbfff38000-7fcbfff3b000 ---p 00000000 00:00 0 
7fcbfff3b000-7fcc00039000 rw-p 00000000 00:00 0                          [stack:6300]
7fcc00039000-7fcc0005e000 r-xp 00000000 08:06 397548                     /lib/x86_64-linux-gnu/libtinfo.so.5.9
7fcc0005e000-7fcc0025d000 ---p 00025000 08:06 397548                     /lib/x86_64-linux-gnu/libtinfo.so.5.9
7fcc0025d000-7fcc00261000 r--p 00024000 08:06 397548                     /lib/x86_64-linux-gnu/libtinfo.so.5.9
7fcc00261000-7fcc00262000 rw-p 00028000 08:06 397548                     /lib/x86_64-linux-gnu/libtinfo.so.5.9
7fcc00262000-7fcc00278000 r-xp 00000000 08:06 2630213                    /usr/lib/x86_64-linux-gnu/libgomp.so.1.0.0
7fcc00278000-7fcc00477000 ---p 00016000 08:06 2630213                    /usr/lib/x86_64-linux-gnu/libgomp.so.1.0.0
7fcc00477000-7fcc00478000 r--p 00015000 08:06 2630213                    /usr/lib/x86_64-linux-gnu/libgomp.so.1.0.0
7fcc00478000-7fcc00479000 rw-p 00016000 08:06 2630213                    /usr/lib/x86_64-linux-gnu/libgomp.so.1.0.0
7fcc00479000-7fcc00491000 r-xp 00000000 08:06 397565                     /lib/x86_64-linux-gnu/libz.so.1.2.8
7fcc00491000-7fcc00690000 ---p 00018000 08:06 397565                     /lib/x86_64-linux-gnu/libz.so.1.2.8
7fcc00690000-7fcc00691000 r--p 00017000 08:06 397565                     /lib/x86_64-linux-gnu/libz.so.1.2.8
7fcc00691000-7fcc00692000 rw-p 00018000 08:06 397565                     /lib/x86_64-linux-gnu/libz.so.1.2.8
7fcc00692000-7fcc04000000 rw-s 00000000 00:04 52035611                   /SYSV00000000 (deleted)
7fcc04000000-7fcc0412b000 rw-p 00000000 00:00 0 
7fcc0412b000-7fcc08000000 ---p 00000000 00:00 0 
7fcc08000000-7fcc082b4000 rw-p 00000000 00:00 0 
7fcc082b4000-7fcc0c000000 ---p 00000000 00:00 0 
7fcc0c000000-7fcc0c02d000 rw-p 00000000 00:00 0 
7fcc0c02d000-7fcc10000000 ---p 00000000 00:00 0 
7fcc10000000-7fcc10021000 rw-p 00000000 00:00 0 
7fcc10021000-7fcc14000000 ---p 00000000 00:00 0 
7fcc14000000-7fcc14021000 rw-p 00000000 00:00 0 
7fcc14021000-7fcc18000000 ---p 00000000 00:00 0 
7fcc18006000-7fcc18014000 r--s 00000000 08:06 7612946                    /var/cache/fontconfig/6aa41aa22e18b8fa06a12da28ea9c28b-le64.cache-4
7fcc18014000-7fcc1801f000 r--s 00000000 08:06 7602369                    /var/cache/fontconfig/945677eb7aeaf62f1d50efc3fb3ec7d8-le64.cache-4
7fcc1801f000-7fcc18025000 r--s 00000000 08:06 7602354                    /var/cache/fontconfig/2cd17615ca594fa2959ae173292e504c-le64.cache-4
7fcc18025000-7fcc1802c000 r--s 00000000 08:06 7602373                    /var/cache/fontconfig/a755afe4a08bf5b97852ceb7400b47bc-le64.cache-4
7fcc1802c000-7fcc1803b000 r-xp 00000000 08:06 397393                     /lib/x86_64-linux-gnu/libbz2.so.1.0.4
7fcc1803b000-7fcc1823a000 ---p 0000f000 08:06 397393                     /lib/x86_64-linux-gnu/libbz2.so.1.0.4
7fcc1823a000-7fcc1823b000 r--p 0000e000 08:06 397393                     /lib/x86_64-linux-gnu/libbz2.so.1.0.4
7fcc1823b000-7fcc1823c000 rw-p 0000f000 08:06 397393                     /lib/x86_64-linux-gnu/libbz2.so.1.0.4
7fcc1823c000-7fcc1825d000 r-xp 00000000 08:06 397443                     /lib/x86_64-linux-gnu/liblzma.so.5.0.0
7fcc1825d000-7fcc1845c000 ---p 00021000 08:06 397443                     /lib/x86_64-linux-gnu/liblzma.so.5.0.0
7fcc1845c000-7fcc1845d000 r--p 00020000 08:06 397443                     /lib/x86_64-linux-gnu/liblzma.so.5.0.0
7fcc1845d000-7fcc1845e000 rw-p 00021000 08:06 397443                     /lib/x86_64-linux-gnu/liblzma.so.5.0.0
7fcc1845e000-7fcc184ca000 r-xp 00000000 08:06 397503                     /lib/x86_64-linux-gnu/libpcre.so.3.13.1
7fcc184ca000-7fcc186c9000 ---p 0006c000 08:06 397503                     /lib/x86_64-linux-gnu/libpcre.so.3.13.1
7fcc186c9000-7fcc186ca000 r--p 0006b000 08:06 397503                     /lib/x86_64-linux-gnu/libpcre.so.3.13.1
7fcc186ca000-7fcc186cb000 rw-p 0006c000 08:06 397503                     /lib/x86_64-linux-gnu/libpcre.so.3.13.1
7fcc186cb000-7fcc18708000 r-xp 00000000 08:06 397525                     /lib/x86_64-linux-gnu/libreadline.so.6.3
7fcc18708000-7fcc18908000 ---p 0003d000 08:06 397525                     /lib/x86_64-linux-gnu/libreadline.so.6.3
7fcc18908000-7fcc1890a000 r--p 0003d000 08:06 397525                     /lib/x86_64-linux-gnu/libreadline.so.6.3
7fcc1890a000-7fcc18910000 rw-p 0003f000 08:06 397525                     /lib/x86_64-linux-gnu/libreadline.so.6.3
7fcc18910000-7fcc18911000 rw-p 00000000 00:00 0 
7fcc18911000-7fcc18990000 r-xp 00000000 08:06 2641490                    /usr/lib/libblas/libblas.so.3.0
7fcc18990000-7fcc18b8f000 ---p 0007f000 08:06 2641490                    /usr/lib/libblas/libblas.so.3.0
7fcc18b8f000-7fcc18b90000 r--p 0007e000 08:06 2641490                    /usr/lib/libblas/libblas.so.3.0
7fcc18b90000-7fcc18b91000 rw-p 0007f000 08:06 2641490                    /usr/lib/libblas/libblas.so.3.0
7fcc18b91000-7fcc18db6000 r-xp 00000000 08:06 2648684                    /usr/lib/R/lib/libR.so
7fcc18db6000-7fcc18fb5000 ---p 00225000 08:06 2648684                    /usr/lib/R/lib/libR.so
7fcc18fb5000-7fcc18fba000 r--p 00224000 08:06 2648684                    /usr/lib/R/lib/libR.so
7fcc18fba000-7fcc18fc4000 rw-p 00229000 08:06 2648684                    /usr/lib/R/lib/libR.so
7fcc18fc4000-7fcc190af000 rw-p 00000000 00:00 0 
7fcc190af000-7fcc190b8000 r-xp 00000000 08:06 3694044                    /usr/lib/R/site-library/rJava/jri/libjri.so
7fcc190b8000-7fcc192b7000 ---p 00009000 08:06 3694044                    /usr/lib/R/site-library/rJava/jri/libjri.so
7fcc192b7000-7fcc192b8000 r--p 00008000 08:06 3694044                    /usr/lib/R/site-library/rJava/jri/libjri.so
7fcc192b8000-7fcc192b9000 rw-p 00009000 08:06 3694044                    /usr/lib/R/site-library/rJava/jri/libjri.so
7fcc192b9000-7fcc192f3000 r-xp 00000000 08:06 7999253                    /home/aocampor/jdk1.8.0_45/jre/lib/amd64/libjpeg.so
7fcc192f3000-7fcc194f3000 ---p 0003a000 08:06 7999253                    /home/aocampor/jdk1.8.0_45/jre/lib/amd64/libjpeg.so
7fcc194f3000-7fcc194f4000 rw-p 0003a000 08:06 7999253                    /home/aocampor/jdk1.8.0_45/jre/lib/amd64/libjpeg.so
7fcc194f4000-7fcc19674000 rw-p 00000000 00:00 0 
7fcc19674000-7fcc196f7000 ---p 00000000 00:00 0 
7fcc196f7000-7fcc197f5000 rw-p 00000000 00:00 0 
7fcc197f5000-7fcc1981f000 r-xp 00000000 08:06 7999257                    /home/aocampor/jdk1.8.0_45/jre/lib/amd64/libdcpr.so
7fcc1981f000-7fcc19a1f000 ---p 0002a000 08:06 7999257                    /home/aocampor/jdk1.8.0_45/jre/lib/amd64/libdcpr.so
7fcc19a1f000-7fcc19a22000 rw-p 0002a000 08:06 7999257                    /home/aocampor/jdk1.8.0_45/jre/lib/amd64/libdcpr.so
7fcc19a22000-7fcc19a8b000 r-xp 00000000 08:06 7999268                    /home/aocampor/jdk1.8.0_45/jre/lib/amd64/libt2k.so
7fcc19a8b000-7fcc19c8a000 ---p 00069000 08:06 7999268                    /home/aocampor/jdk1.8.0_45/jre/lib/amd64/libt2k.so
7fcc19c8a000-7fcc19c91000 rw-p 00068000 08:06 7999268                    /home/aocampor/jdk1.8.0_45/jre/lib/amd64/libt2k.so
7fcc19c91000-7fcc19ca1000 rw-p 00000000 00:00 0 
7fcc19ca1000-7fcc19cb2000 r-xp 00000000 08:06 7999266                    /home/aocampor/jdk1.8.0_45/jre/lib/amd64/libnio.so
7fcc19cb2000-7fcc19eb1000 ---p 00011000 08:06 7999266                    /home/aocampor/jdk1.8.0_45/jre/lib/amd64/libnio.so
7fcc19eb1000-7fcc19eb2000 rw-p 00010000 08:06 7999266                    /home/aocampor/jdk1.8.0_45/jre/lib/amd64/libnio.so
7fcc19eb2000-7fcc19ec8000 r-xp 00000000 08:06 7999267                    /home/aocampor/jdk1.8.0_45/jre/lib/amd64/libnet.so
7fcc19ec8000-7fcc1a0c8000 ---p 00016000 08:06 7999267                    /home/aocampor/jdk1.8.0_45/jre/lib/amd64/libnet.so
7fcc1a0c8000-7fcc1a0c9000 rw-p 00016000 08:06 7999267                    /home/aocampor/jdk1.8.0_45/jre/lib/amd64/libnet.so
7fcc1a0c9000-7fcc1a0cc000 ---p 00000000 00:00 0 
7fcc1a0cc000-7fcc1a1ca000 rw-p 00000000 00:00 0                          [stack:6298]
7fcc1a1ca000-7fcc1a1cd000 ---p 00000000 00:00 0 
7fcc1a1cd000-7fcc1a4cb000 rw-p 00000000 00:00 0                          [stack:6297]
7fcc1a4cb000-7fcc1a4ce000 ---p 00000000 00:00 0 
7fcc1a4ce000-7fcc1a5cc000 rw-p 00000000 00:00 0                          [stack:6296]
7fcc1a5cc000-7fcc1a5d1000 r-xp 00000000 08:06 2629801                    /usr/lib/x86_64-linux-gnu/libXfixes.so.3.1.0
7fcc1a5d1000-7fcc1a7d0000 ---p 00005000 08:06 2629801                    /usr/lib/x86_64-linux-gnu/libXfixes.so.3.1.0
7fcc1a7d0000-7fcc1a7d1000 r--p 00004000 08:06 2629801                    /usr/lib/x86_64-linux-gnu/libXfixes.so.3.1.0
7fcc1a7d1000-7fcc1a7d2000 rw-p 00005000 08:06 2629801                    /usr/lib/x86_64-linux-gnu/libXfixes.so.3.1.0
7fcc1a7d2000-7fcc1a7db000 r-xp 00000000 08:06 2629793                    /usr/lib/x86_64-linux-gnu/libXcursor.so.1.0.2
7fcc1a7db000-7fcc1a9da000 ---p 00009000 08:06 2629793                    /usr/lib/x86_64-linux-gnu/libXcursor.so.1.0.2
7fcc1a9da000-7fcc1a9db000 r--p 00008000 08:06 2629793                    /usr/lib/x86_64-linux-gnu/libXcursor.so.1.0.2
7fcc1a9db000-7fcc1a9dc000 rw-p 00009000 08:06 2629793                    /usr/lib/x86_64-linux-gnu/libXcursor.so.1.0.2
7fcc1a9dc000-7fcc1a9f2000 r-xp 00000000 08:06 397421                     /lib/x86_64-linux-gnu/libgcc_s.so.1
7fcc1a9f2000-7fcc1abf1000 ---p 00016000 08:06 397421                     /lib/x86_64-linux-gnu/libgcc_s.so.1
7fcc1abf1000-7fcc1abf2000 r--p 00015000 08:06 397421                     /lib/x86_64-linux-gnu/libgcc_s.so.1
7fcc1abf2000-7fcc1abf3000 rw-p 00016000 08:06 397421                     /lib/x86_64-linux-gnu/libgcc_s.so.1
7fcc1abf3000-7fcc1ac58000 r-xp 00000000 08:06 7999218                    /home/aocampor/jdk1.8.0_45/jre/lib/amd64/libfontmanager.so
7fcc1ac58000-7fcc1ae57000 ---p 00065000 08:06 7999218                    /home/aocampor/jdk1.8.0_45/jre/lib/amd64/libfontmanager.so
7fcc1ae57000-7fcc1ae5c000 rw-p 00064000 08:06 7999218                    /home/aocampor/jdk1.8.0_45/jre/lib/amd64/libfontmanager.so
7fcc1ae5c000-7fcc1ae6c000 rw-p 00000000 00:00 0 
7fcc1ae6c000-7fcc1ae71000 r-xp 00000000 08:06 2629797                    /usr/lib/x86_64-linux-gnu/libXdmcp.so.6.0.0
7fcc1ae71000-7fcc1b070000 ---p 00005000 08:06 2629797                    /usr/lib/x86_64-linux-gnu/libXdmcp.so.6.0.0
7fcc1b070000-7fcc1b071000 r--p 00004000 08:06 2629797                    /usr/lib/x86_64-linux-gnu/libXdmcp.so.6.0.0
7fcc1b071000-7fcc1b072000 rw-p 00005000 08:06 2629797                    /usr/lib/x86_64-linux-gnu/libXdmcp.so.6.0.0
7fcc1b072000-7fcc1b074000 r-xp 00000000 08:06 2629786                    /usr/lib/x86_64-linux-gnu/libXau.so.6.0.0
7fcc1b074000-7fcc1b274000 ---p 00002000 08:06 2629786                    /usr/lib/x86_64-linux-gnu/libXau.so.6.0.0
7fcc1b274000-7fcc1b275000 r--p 00002000 08:06 2629786                    /usr/lib/x86_64-linux-gnu/libXau.so.6.0.0
7fcc1b275000-7fcc1b276000 rw-p 00003000 08:06 2629786                    /usr/lib/x86_64-linux-gnu/libXau.so.6.0.0
7fcc1b276000-7fcc1b293000 r-xp 00000000 08:06 2630906                    /usr/lib/x86_64-linux-gnu/libxcb.so.1.1.0
7fcc1b293000-7fcc1b493000 ---p 0001d000 08:06 2630906                    /usr/lib/x86_64-linux-gnu/libxcb.so.1.1.0
7fcc1b493000-7fcc1b494000 r--p 0001d000 08:06 2630906                    /usr/lib/x86_64-linux-gnu/libxcb.so.1.1.0
7fcc1b494000-7fcc1b495000 rw-p 0001e000 08:06 2630906                    /usr/lib/x86_64-linux-gnu/libxcb.so.1.1.0
7fcc1b495000-7fcc1b4a4000 r-xp 00000000 08:06 2629807                    /usr/lib/x86_64-linux-gnu/libXi.so.6.1.0
7fcc1b4a4000-7fcc1b6a3000 ---p 0000f000 08:06 2629807                    /usr/lib/x86_64-linux-gnu/libXi.so.6.1.0
7fcc1b6a3000-7fcc1b6a4000 r--p 0000e000 08:06 2629807                    /usr/lib/x86_64-linux-gnu/libXi.so.6.1.0
7fcc1b6a4000-7fcc1b6a5000 rw-p 0000f000 08:06 2629807                    /usr/lib/x86_64-linux-gnu/libXi.so.6.1.0
7fcc1b6a5000-7fcc1b6aa000 r-xp 00000000 08:06 2629827                    /usr/lib/x86_64-linux-gnu/libXtst.so.6.1.0
7fcc1b6aa000-7fcc1b8a9000 ---p 00005000 08:06 2629827                    /usr/lib/x86_64-linux-gnu/libXtst.so.6.1.0
7fcc1b8a9000-7fcc1b8aa000 r--p 00004000 08:06 2629827                    /usr/lib/x86_64-linux-gnu/libXtst.so.6.1.0
7fcc1b8aa000-7fcc1b8ab000 rw-p 00005000 08:06 2629827                    /usr/lib/x86_64-linux-gnu/libXtst.so.6.1.0
7fcc1b8ab000-7fcc1b8b4000 r-xp 00000000 08:06 2624746                    /usr/lib/x86_64-linux-gnu/libXrender.so.1.3.0
7fcc1b8b4000-7fcc1bab3000 ---p 00009000 08:06 2624746                    /usr/lib/x86_64-linux-gnu/libXrender.so.1.3.0
7fcc1bab3000-7fcc1bab4000 r--p 00008000 08:06 2624746                    /usr/lib/x86_64-linux-gnu/libXrender.so.1.3.0
7fcc1bab4000-7fcc1bab5000 rw-p 00009000 08:06 2624746                    /usr/lib/x86_64-linux-gnu/libXrender.so.1.3.0
7fcc1bab5000-7fcc1bbe8000 r-xp 00000000 08:06 2629782                    /usr/lib/x86_64-linux-gnu/libX11.so.6.3.0
7fcc1bbe8000-7fcc1bde8000 ---p 00133000 08:06 2629782                    /usr/lib/x86_64-linux-gnu/libX11.so.6.3.0
7fcc1bde8000-7fcc1bde9000 r--p 00133000 08:06 2629782                    /usr/lib/x86_64-linux-gnu/libX11.so.6.3.0
7fcc1bde9000-7fcc1bded000 rw-p 00134000 08:06 2629782                    /usr/lib/x86_64-linux-gnu/libX11.so.6.3.0
7fcc1bded000-7fcc1bdee000 rw-p 00000000 00:00 0 
7fcc1bdee000-7fcc1bdff000 r-xp 00000000 08:06 2624742                    /usr/lib/x86_64-linux-gnu/libXext.so.6.4.0
7fcc1bdff000-7fcc1bffe000 ---p 00011000 08:06 2624742                    /usr/lib/x86_64-linux-gnu/libXext.so.6.4.0
7fcc1bffe000-7fcc1bfff000 r--p 00010000 08:06 2624742                    /usr/lib/x86_64-linux-gnu/libXext.so.6.4.0
7fcc1bfff000-7fcc1c000000 rw-p 00011000 08:06 2624742                    /usr/lib/x86_64-linux-gnu/libXext.so.6.4.0
7fcc1c000000-7fcc1c021000 rw-p 00000000 00:00 0 
7fcc1c021000-7fcc20000000 ---p 00000000 00:00 0 
7fcc20000000-7fcc20021000 rw-p 00000000 00:00 0 
7fcc20021000-7fcc24000000 ---p 00000000 00:00 0 
7fcc24000000-7fcc242e3000 rw-p 00000000 00:00 0 
7fcc242e3000-7fcc28000000 ---p 00000000 00:00 0 
7fcc28000000-7fcc28501000 rw-p 00000000 00:00 0 
7fcc28501000-7fcc2c000000 ---p 00000000 00:00 0 
7fcc2c000000-7fcc2c021000 rw-p 00000000 00:00 0 
7fcc2c021000-7fcc30000000 ---p 00000000 00:00 0 
7fcc30000000-7fcc30166000 rw-p 00000000 00:00 0 
7fcc30166000-7fcc34000000 ---p 00000000 00:00 0 
7fcc34000000-7fcc34021000 rw-p 00000000 00:00 0 
7fcc34021000-7fcc38000000 ---p 00000000 00:00 0 
7fcc38000000-7fcc38021000 rw-p 00000000 00:00 0 
7fcc38021000-7fcc3c000000 ---p 00000000 00:00 0 
7fcc3c000000-7fcc3c021000 rw-p 00000000 00:00 0 
7fcc3c021000-7fcc40000000 ---p 00000000 00:00 0 
7fcc40002000-7fcc40003000 r--s 00000000 08:06 7612947                    /var/cache/fontconfig/087e1975ba9a574b140bb1df193bf770-le64.cache-4
7fcc40003000-7fcc40004000 r--s 00000000 08:06 7602376                    /var/cache/fontconfig/c05880de57d1f5e948fdfacc138775d9-le64.cache-4
7fcc40004000-7fcc40005000 r--s 00000000 08:06 7602387                    /var/cache/fontconfig/e7071f4a29fa870f4323321c154eba04-le64.cache-4
7fcc40005000-7fcc40006000 r--s 00000000 08:06 7602351                    /var/cache/fontconfig/0d8c3b2ac0904cb8a57a757ad11a4a08-le64.cache-4
7fcc40006000-7fcc40007000 r--s 00000000 08:06 7602372                    /var/cache/fontconfig/a6354e3ac43af67bd8d7b8e43c34e49f-le64.cache-4
7fcc40007000-7fcc40008000 r--s 00000000 08:06 7602353                    /var/cache/fontconfig/1ac9eb803944fde146138c791f5cc56a-le64.cache-4
7fcc40008000-7fcc40009000 r--s 00000000 08:06 7612940                    /var/cache/fontconfig/b95bc8ffbebda2bbdae4265e45b8178d-le64.cache-4
7fcc40009000-7fcc4000d000 r--s 00000000 08:06 7602357                    /var/cache/fontconfig/385c0604a188198f04d133e54aba7fe7-le64.cache-4
7fcc4000d000-7fcc4000e000 r--s 00000000 08:06 7612931                    /var/cache/fontconfig/9c956a7723ca69a44b382d9179c9802f-le64.cache-4
7fcc4000e000-7fcc4000f000 r--s 00000000 08:06 7602384                    /var/cache/fontconfig/dc05db6664285cc2f12bf69c139ae4c3-le64.cache-4
7fcc4000f000-7fcc40010000 r--s 00000000 08:06 7612929                    /var/cache/fontconfig/5d1cca7074f29429a8d18692746c2426-le64.cache-4
7fcc40010000-7fcc40012000 r--s 00000000 08:06 7602366                    /var/cache/fontconfig/767a8244fc0220cfb567a839d0392e0b-le64.cache-4
7fcc40012000-7fcc40013000 r--s 00000000 08:06 7607358                    /var/cache/fontconfig/4794a0821666d79190d59a36cb4f44b5-le64.cache-4
7fcc40013000-7fcc40014000 r--s 00000000 08:06 7612926                    /var/cache/fontconfig/9eae20f1ff8cc0a7d125749e875856bd-le64.cache-4
7fcc40014000-7fcc40016000 r--s 00000000 08:06 7612923                    /var/cache/fontconfig/bf2c1853a9e9b00bb02fe2e9bcf1e201-le64.cache-4
7fcc40016000-7fcc4001b000 r--s 00000000 08:06 7602368                    /var/cache/fontconfig/8801497958630a81b71ace7c5f9b32a8-le64.cache-4
7fcc4001b000-7fcc40056000 r--s 00000000 08:06 7610772                    /var/cache/fontconfig/365b55f210c0a22e9a19e35191240f32-le64.cache-4
7fcc40056000-7fcc4005a000 r--s 00000000 08:06 7615252                    /var/cache/fontconfig/c57959a16110560c8d0fcea73374aeeb-le64.cache-4
7fcc4005a000-7fcc40061000 r--s 00000000 08:06 7602355                    /var/cache/fontconfig/3047814df9a2f067bd2d96a2b9c36e5a-le64.cache-4
7fcc40061000-7fcc40069000 r--s 00000000 08:06 7612922                    /var/cache/fontconfig/bf3b770c553c462765856025a94f1ce6-le64.cache-4
7fcc40069000-7fcc4006a000 r--s 00000000 08:06 7602361                    /var/cache/fontconfig/56cf4f4769d0f4abc89a4895d7bd3ae1-le64.cache-4
7fcc4006a000-7fcc4006b000 r--s 00000000 08:06 7602375                    /var/cache/fontconfig/b9d506c9ac06c20b433354fa67a72993-le64.cache-4
7fcc4006b000-7fcc40071000 r--s 00000000 08:06 7602374                    /var/cache/fontconfig/b47c4e1ecd0709278f4910c18777a504-le64.cache-4
7fcc40071000-7fcc40074000 r--s 00000000 08:06 7612919                    /var/cache/fontconfig/14d493b97896515cad3840ba4896e372-le64.cache-4
7fcc40074000-7fcc40075000 r--s 00000000 08:06 7612916                    /var/cache/fontconfig/89034621ae2a8922916bb6bfa5799546-le64.cache-4
7fcc40075000-7fcc40078000 r--s 00000000 08:06 7612914                    /var/cache/fontconfig/e49e89034d371f0f9de17aab02136486-le64.cache-4
7fcc40078000-7fcc4007a000 r--s 00000000 08:06 7612911                    /var/cache/fontconfig/4b14b093aebc79c320de5e86ae1d3314-le64.cache-4
7fcc4007a000-7fcc4007b000 r--s 00000000 08:06 7612908                    /var/cache/fontconfig/8aec10f4cc8391dcef22ca549f1e4354-le64.cache-4
7fcc4007b000-7fcc4008e000 r--s 00000000 08:06 7602380                    /var/cache/fontconfig/d52a8644073d54c13679302ca1180695-le64.cache-4
7fcc4008e000-7fcc4008f000 r--s 00000000 08:06 7612907                    /var/cache/fontconfig/8a687c406b77f27d99abfeeba937fcce-le64.cache-4
7fcc4008f000-7fcc40094000 r--s 00000000 08:06 7612904                    /var/cache/fontconfig/75ad6aa2358a85f0de2c8ee4837e8227-le64.cache-4
7fcc40094000-7fcc4009d000 r--s 00000000 08:06 7602358                    /var/cache/fontconfig/3f7329c5293ffd510edef78f73874cfd-le64.cache-4
7fcc4009d000-7fcc4009e000 r--s 00000000 08:06 7612901                    /var/cache/fontconfig/ac2cf712d852da827a87a9baf682f5b9-le64.cache-4
7fcc4009e000-7fcc400a0000 r--s 00000000 08:06 7612899                    /var/cache/fontconfig/65f976e5259cbe6dc7697b8648396239-le64.cache-4
7fcc400a0000-7fcc400ab000 r--s 00000000 08:06 7612896                    /var/cache/fontconfig/d589a48862398ed80a3d6066f4f56f4c-le64.cache-4
7fcc400ab000-7fcc400ac000 r--s 00000000 08:06 7612893                    /var/cache/fontconfig/94f7fe9bd33aadfac165873bd010d595-le64.cache-4
7fcc400ac000-7fcc400ae000 r--s 00000000 08:06 7612892                    /var/cache/fontconfig/423767150eb258c59035de29db6fca84-le64.cache-4
7fcc400ae000-7fcc400af000 r--s 00000000 08:06 7612889                    /var/cache/fontconfig/845c20fd2c4814bcec78e05d37a63ccc-le64.cache-4
7fcc400af000-7fcc400b0000 r--s 00000000 08:06 7612886                    /var/cache/fontconfig/e7de81b01590fb7e12b38e274e17d0db-le64.cache-4
7fcc400b0000-7fcc400b1000 r--s 00000000 08:06 7612884                    /var/cache/fontconfig/406a1d2d2bf3ed7664fbadefac0b2f66-le64.cache-4
7fcc400b1000-7fcc400b3000 r--s 00000000 08:06 7612881                    /var/cache/fontconfig/67709b7835c0f764c1135060c9575660-le64.cache-4
7fcc400b3000-7fcc400bd000 r--s 00000000 08:06 7612878                    /var/cache/fontconfig/198d8fcf01c96d0cf813f74fd759bdb7-le64.cache-4
7fcc400bd000-7fcc400d2000 r--s 00000000 08:06 7602383                    /var/cache/fontconfig/da82082e1ef13c4097208324d67c180c-le64.cache-4
7fcc400d2000-7fcc400d5000 r--s 00000000 08:06 7612874                    /var/cache/fontconfig/75114ca45c98e8a441da0ff356701271-le64.cache-4
7fcc400d5000-7fcc400e0000 r--s 00000000 08:06 7612871                    /var/cache/fontconfig/83bf95040141907cd45bb53cf7c1c148-le64.cache-4
7fcc400e0000-7fcc400e7000 r--s 00000000 08:06 7612863                    /var/cache/fontconfig/53d14c92082a93e67d5078324eb314ca-le64.cache-4
7fcc400e7000-7fcc400eb000 r--s 00000000 08:06 7612862                    /var/cache/fontconfig/6c08beecf0dac481ec92e759e0c2e6d7-le64.cache-4
7fcc400eb000-7fcc400ef000 r--s 00000000 08:06 7612859                    /var/cache/fontconfig/4d6aee6d44eccb37054d3216e945f618-le64.cache-4
7fcc400ef000-7fcc400f3000 r--s 00000000 08:06 7612853                    /var/cache/fontconfig/d6c6df98c3df5faf9bd0f8ef4d91efe5-le64.cache-4
7fcc400f3000-7fcc400f7000 r--s 00000000 08:06 7612852                    /var/cache/fontconfig/9fb319ef52839f11ee26ab8b4cffa12b-le64.cache-4
7fcc400f7000-7fcc4014b000 r-xp 00000000 08:06 7999230                    /home/aocampor/jdk1.8.0_45/jre/lib/amd64/libawt_xawt.so
7fcc4014b000-7fcc4034b000 ---p 00054000 08:06 7999230                    /home/aocampor/jdk1.8.0_45/jre/lib/amd64/libawt_xawt.so
7fcc4034b000-7fcc4034f000 rw-p 00054000 08:06 7999230                    /home/aocampor/jdk1.8.0_45/jre/lib/amd64/libawt_xawt.so
7fcc4034f000-7fcc48000000 rw-p 00000000 00:00 0 
7fcc48000000-7fcc48021000 rw-p 00000000 00:00 0 
7fcc48021000-7fcc4c000000 ---p 00000000 00:00 0 
7fcc4c000000-7fcc4c021000 rw-p 00000000 00:00 0 
7fcc4c021000-7fcc50000000 ---p 00000000 00:00 0 
7fcc50000000-7fcc50021000 rw-p 00000000 00:00 0 
7fcc50021000-7fcc54000000 ---p 00000000 00:00 0 
7fcc54000000-7fcc54021000 rw-p 00000000 00:00 0 
7fcc54021000-7fcc58000000 ---p 00000000 00:00 0 
7fcc58000000-7fcc58001000 r--s 00000000 08:06 7602350                    /var/cache/fontconfig/0c9eb80ebd1c36541ebe2852d3bb0c49-le64.cache-4
7fcc58001000-7fcc58003000 r--s 00000000 08:06 7612869                    /var/cache/fontconfig/6e6b34ae150a7ad95e82fb4a522f0bda-le64.cache-4
7fcc58003000-7fcc58016000 r--s 00000000 08:06 7612849                    /var/cache/fontconfig/4ac51e5cfbc76fc3f983e470323a16d3-le64.cache-4
7fcc58016000-7fcc58019000 r--s 00000000 08:06 7612846                    /var/cache/fontconfig/c19b55eb3b4c5b40ea175e31682068a5-le64.cache-4
7fcc58019000-7fcc5801e000 r--s 00000000 08:06 7612841                    /var/cache/fontconfig/3629f2adf904f9a612908891fae71ceb-le64.cache-4
7fcc5801e000-7fcc58035000 r--s 00000000 08:06 7612834                    /var/cache/fontconfig/e13b20fdb08344e0e664864cc2ede53d-le64.cache-4
7fcc58035000-7fcc5803a000 r--s 00000000 08:06 7607383                    /var/cache/fontconfig/7ef2298fde41cc6eeb7af42e48b7d293-le64.cache-4
7fcc5803a000-7fcc58047000 r--s 00000000 08:06 7602531                    /var/cache/fontconfig/8f02d4cb045bd6ce15663e43f347c9f8-le64.cache-4
7fcc58047000-7fcc58065000 r--s 00000000 08:06 7612770                    /var/cache/fontconfig/467c019e582ee353435ea5c21d137ef6-le64.cache-4
7fcc58065000-7fcc5806c000 r--s 00000000 08:06 2892062                    /usr/lib/x86_64-linux-gnu/gconv/gconv-modules.cache
7fcc5806c000-7fcc58088000 r--s 00393000 08:06 271927                     /home/aocampor/jdk1.8.0_45/jre/lib/ext/cldrdata.jar
7fcc58088000-7fcc5808b000 ---p 00000000 00:00 0 
7fcc5808b000-7fcc58189000 rw-p 00000000 00:00 0                          [stack:6295]
7fcc58189000-7fcc5822b000 r-xp 00000000 08:06 7999269                    /home/aocampor/jdk1.8.0_45/jre/lib/amd64/libawt.so
7fcc5822b000-7fcc5842b000 ---p 000a2000 08:06 7999269                    /home/aocampor/jdk1.8.0_45/jre/lib/amd64/libawt.so
7fcc5842b000-7fcc58437000 rw-p 000a2000 08:06 7999269                    /home/aocampor/jdk1.8.0_45/jre/lib/amd64/libawt.so
7fcc58437000-7fcc5845b000 rw-p 00000000 00:00 0 
7fcc5845b000-7fcc5845c000 ---p 00000000 00:00 0 
7fcc5845c000-7fcc5855c000 rw-p 00000000 00:00 0                          [stack:6294]
7fcc5855c000-7fcc5855f000 ---p 00000000 00:00 0 
7fcc5855f000-7fcc5865d000 rw-p 00000000 00:00 0                          [stack:6293]
7fcc5865d000-7fcc58660000 ---p 00000000 00:00 0 
7fcc58660000-7fcc5875e000 rw-p 00000000 00:00 0                          [stack:6292]
7fcc5875e000-7fcc58761000 ---p 00000000 00:00 0 
7fcc58761000-7fcc5885f000 rw-p 00000000 00:00 0                          [stack:6291]
7fcc5885f000-7fcc58862000 ---p 00000000 00:00 0 
7fcc58862000-7fcc58960000 rw-p 00000000 00:00 0                          [stack:6290]
7fcc58960000-7fcc58963000 ---p 00000000 00:00 0 
7fcc58963000-7fcc58a61000 rw-p 00000000 00:00 0                          [stack:6289]
7fcc58a61000-7fcc59183000 r--p 00000000 08:06 2628838                    /usr/lib/locale/locale-archive
7fcc59183000-7fcc59186000 ---p 00000000 00:00 0 
7fcc59186000-7fcc59284000 rw-p 00000000 00:00 0                          [stack:6288]
7fcc59284000-7fcc59287000 ---p 00000000 00:00 0 
7fcc59287000-7fcc59385000 rw-p 00000000 00:00 0                          [stack:6287]
7fcc59385000-7fcc59386000 ---p 00000000 00:00 0 
7fcc59386000-7fcc5a468000 rw-p 00000000 00:00 0                          [stack:6286]
7fcc5a468000-7fcc5a641000 r--s 03d09000 08:06 7742604                    /home/aocampor/jdk1.8.0_45/jre/lib/rt.jar
7fcc5a641000-7fcc5b60c000 rw-p 00000000 00:00 0 
7fcc5b60c000-7fcc5b60d000 ---p 00000000 00:00 0 
7fcc5b60d000-7fcc5b70d000 rw-p 00000000 00:00 0                          [stack:6285]
7fcc5b70d000-7fcc5b70e000 ---p 00000000 00:00 0 
7fcc5b70e000-7fcc5b80e000 rw-p 00000000 00:00 0                          [stack:6284]
7fcc5b80e000-7fcc5b80f000 ---p 00000000 00:00 0 
7fcc5b80f000-7fcc5b98b000 rw-p 00000000 00:00 0                          [stack:6283]
7fcc5b98b000-7fcc5be41000 ---p 00000000 00:00 0 
7fcc5be41000-7fcc5bebd000 rw-p 00000000 00:00 0 
7fcc5bebd000-7fcc5c373000 ---p 00000000 00:00 0 
7fcc5c373000-7fcc5c3bc000 rw-p 00000000 00:00 0 
7fcc5c3bc000-7fcc5c60c000 ---p 00000000 00:00 0 
7fcc5c60c000-7fcc5c61b000 rw-p 00000000 00:00 0 
7fcc5c61b000-7fcc5c9cd000 ---p 00000000 00:00 0 
7fcc5c9cd000-7fcc5cd3d000 rwxp 00000000 00:00 0 
7fcc5cd3d000-7fcc6b9cd000 ---p 00000000 00:00 0 
7fcc6b9cd000-7fcc6b9e7000 r-xp 00000000 08:06 7999265                    /home/aocampor/jdk1.8.0_45/jre/lib/amd64/libzip.so
7fcc6b9e7000-7fcc6bbe7000 ---p 0001a000 08:06 7999265                    /home/aocampor/jdk1.8.0_45/jre/lib/amd64/libzip.so
7fcc6bbe7000-7fcc6bbe8000 rw-p 0001a000 08:06 7999265                    /home/aocampor/jdk1.8.0_45/jre/lib/amd64/libzip.so
7fcc6bbe8000-7fcc6bbf3000 r-xp 00000000 08:06 397474                     /lib/x86_64-linux-gnu/libnss_files-2.19.so
7fcc6bbf3000-7fcc6bdf2000 ---p 0000b000 08:06 397474                     /lib/x86_64-linux-gnu/libnss_files-2.19.so
7fcc6bdf2000-7fcc6bdf3000 r--p 0000a000 08:06 397474                     /lib/x86_64-linux-gnu/libnss_files-2.19.so
7fcc6bdf3000-7fcc6bdf4000 rw-p 0000b000 08:06 397474                     /lib/x86_64-linux-gnu/libnss_files-2.19.so
7fcc6bdf4000-7fcc6bdff000 r-xp 00000000 08:06 397476                     /lib/x86_64-linux-gnu/libnss_nis-2.19.so
7fcc6bdff000-7fcc6bffe000 ---p 0000b000 08:06 397476                     /lib/x86_64-linux-gnu/libnss_nis-2.19.so
7fcc6bffe000-7fcc6bfff000 r--p 0000a000 08:06 397476                     /lib/x86_64-linux-gnu/libnss_nis-2.19.so
7fcc6bfff000-7fcc6c000000 rw-p 0000b000 08:06 397476                     /lib/x86_64-linux-gnu/libnss_nis-2.19.so
7fcc6c000000-7fcc6c6d6000 rw-p 00000000 00:00 0 
7fcc6c6d6000-7fcc70000000 ---p 00000000 00:00 0 
7fcc70000000-7fcc70001000 r--s 00000000 08:06 7612866                    /var/cache/fontconfig/3334a778d104e76d188e9df399bc24d2-le64.cache-4
7fcc70001000-7fcc70098000 rw-p 00000000 00:00 0 
7fcc70098000-7fcc70099000 ---p 00000000 00:00 0 
7fcc70099000-7fcc70199000 rw-p 00000000 00:00 0                          [stack:6282]
7fcc70199000-7fcc701b0000 r-xp 00000000 08:06 397365                     /lib/x86_64-linux-gnu/libnsl-2.19.so
7fcc701b0000-7fcc703af000 ---p 00017000 08:06 397365                     /lib/x86_64-linux-gnu/libnsl-2.19.so
7fcc703af000-7fcc703b0000 r--p 00016000 08:06 397365                     /lib/x86_64-linux-gnu/libnsl-2.19.so
7fcc703b0000-7fcc703b1000 rw-p 00017000 08:06 397365                     /lib/x86_64-linux-gnu/libnsl-2.19.so
7fcc703b1000-7fcc703b3000 rw-p 00000000 00:00 0 
7fcc703b3000-7fcc703bc000 r-xp 00000000 08:06 397370                     /lib/x86_64-linux-gnu/libnss_compat-2.19.so
7fcc703bc000-7fcc705bb000 ---p 00009000 08:06 397370                     /lib/x86_64-linux-gnu/libnss_compat-2.19.so
7fcc705bb000-7fcc705bc000 r--p 00008000 08:06 397370                     /lib/x86_64-linux-gnu/libnss_compat-2.19.so
7fcc705bc000-7fcc705bd000 rw-p 00009000 08:06 397370                     /lib/x86_64-linux-gnu/libnss_compat-2.19.so
7fcc705bd000-7fcc705e7000 r-xp 00000000 08:06 7999259                    /home/aocampor/jdk1.8.0_45/jre/lib/amd64/libjava.so
7fcc705e7000-7fcc707e7000 ---p 0002a000 08:06 7999259                    /home/aocampor/jdk1.8.0_45/jre/lib/amd64/libjava.so
7fcc707e7000-7fcc707e9000 rw-p 0002a000 08:06 7999259                    /home/aocampor/jdk1.8.0_45/jre/lib/amd64/libjava.so
7fcc707e9000-7fcc707f6000 r-xp 00000000 08:06 7999242                    /home/aocampor/jdk1.8.0_45/jre/lib/amd64/libverify.so
7fcc707f6000-7fcc709f6000 ---p 0000d000 08:06 7999242                    /home/aocampor/jdk1.8.0_45/jre/lib/amd64/libverify.so
7fcc709f6000-7fcc709f8000 rw-p 0000d000 08:06 7999242                    /home/aocampor/jdk1.8.0_45/jre/lib/amd64/libverify.so
7fcc709f8000-7fcc709ff000 r-xp 00000000 08:06 397483                     /lib/x86_64-linux-gnu/librt-2.19.so
7fcc709ff000-7fcc70bfe000 ---p 00007000 08:06 397483                     /lib/x86_64-linux-gnu/librt-2.19.so
7fcc70bfe000-7fcc70bff000 r--p 00006000 08:06 397483                     /lib/x86_64-linux-gnu/librt-2.19.so
7fcc70bff000-7fcc70c00000 rw-p 00007000 08:06 397483                     /lib/x86_64-linux-gnu/librt-2.19.so
7fcc70c00000-7fcc70d05000 r-xp 00000000 08:06 397357                     /lib/x86_64-linux-gnu/libm-2.19.so
7fcc70d05000-7fcc70f04000 ---p 00105000 08:06 397357                     /lib/x86_64-linux-gnu/libm-2.19.so
7fcc70f04000-7fcc70f05000 r--p 00104000 08:06 397357                     /lib/x86_64-linux-gnu/libm-2.19.so
7fcc70f05000-7fcc70f06000 rw-p 00105000 08:06 397357                     /lib/x86_64-linux-gnu/libm-2.19.so
7fcc70f06000-7fcc71bb4000 r-xp 00000000 08:06 271889                     /home/aocampor/jdk1.8.0_45/jre/lib/amd64/server/libjvm.so
7fcc71bb4000-7fcc71db3000 ---p 00cae000 08:06 271889                     /home/aocampor/jdk1.8.0_45/jre/lib/amd64/server/libjvm.so
7fcc71db3000-7fcc71e8a000 rw-p 00cad000 08:06 271889                     /home/aocampor/jdk1.8.0_45/jre/lib/amd64/server/libjvm.so
7fcc71e8a000-7fcc71ece000 rw-p 00000000 00:00 0 
7fcc71ece000-7fcc72088000 r-xp 00000000 08:06 397475                     /lib/x86_64-linux-gnu/libc-2.19.so
7fcc72088000-7fcc72287000 ---p 001ba000 08:06 397475                     /lib/x86_64-linux-gnu/libc-2.19.so
7fcc72287000-7fcc7228b000 r--p 001b9000 08:06 397475                     /lib/x86_64-linux-gnu/libc-2.19.so
7fcc7228b000-7fcc7228d000 rw-p 001bd000 08:06 397475                     /lib/x86_64-linux-gnu/libc-2.19.so
7fcc7228d000-7fcc72292000 rw-p 00000000 00:00 0 
7fcc72292000-7fcc72295000 r-xp 00000000 08:06 397404                     /lib/x86_64-linux-gnu/libdl-2.19.so
7fcc72295000-7fcc72494000 ---p 00003000 08:06 397404                     /lib/x86_64-linux-gnu/libdl-2.19.so
7fcc72494000-7fcc72495000 r--p 00002000 08:06 397404                     /lib/x86_64-linux-gnu/libdl-2.19.so
7fcc72495000-7fcc72496000 rw-p 00003000 08:06 397404                     /lib/x86_64-linux-gnu/libdl-2.19.so
7fcc72496000-7fcc724ab000 r-xp 00000000 08:06 271947                     /home/aocampor/jdk1.8.0_45/lib/amd64/jli/libjli.so
7fcc724ab000-7fcc726ab000 ---p 00015000 08:06 271947                     /home/aocampor/jdk1.8.0_45/lib/amd64/jli/libjli.so
7fcc726ab000-7fcc726ac000 rw-p 00015000 08:06 271947                     /home/aocampor/jdk1.8.0_45/lib/amd64/jli/libjli.so
7fcc726ac000-7fcc726c5000 r-xp 00000000 08:06 397406                     /lib/x86_64-linux-gnu/libpthread-2.19.so
7fcc726c5000-7fcc728c4000 ---p 00019000 08:06 397406                     /lib/x86_64-linux-gnu/libpthread-2.19.so
7fcc728c4000-7fcc728c5000 r--p 00018000 08:06 397406                     /lib/x86_64-linux-gnu/libpthread-2.19.so
7fcc728c5000-7fcc728c6000 rw-p 00019000 08:06 397406                     /lib/x86_64-linux-gnu/libpthread-2.19.so
7fcc728c6000-7fcc728ca000 rw-p 00000000 00:00 0 
7fcc728ca000-7fcc728ed000 r-xp 00000000 08:06 397467                     /lib/x86_64-linux-gnu/ld-2.19.so
7fcc728ed000-7fcc728ee000 r--s 00000000 08:06 7612844                    /var/cache/fontconfig/c277e94e32b20404286a1ddafa5a80f0-le64.cache-4
7fcc728ee000-7fcc728f1000 r--s 00000000 08:06 7612835                    /var/cache/fontconfig/de83a0a961185c8bd1f159015d56c039-le64.cache-4
7fcc728f1000-7fcc728f3000 r--s 00000000 08:06 7602627                    /var/cache/fontconfig/16326683038b281783a0ef8c680e3a10-le64.cache-4
7fcc728f3000-7fcc729c4000 rw-p 00000000 00:00 0 
7fcc729c4000-7fcc729c7000 ---p 00000000 00:00 0 
7fcc729c7000-7fcc72ac9000 rw-p 00000000 00:00 0                          [stack:6281]
7fcc72ac9000-7fcc72aca000 r--s 00000000 08:06 7612812                    /var/cache/fontconfig/e0aa53bcfa504e64f87823c16bc01eb6-le64.cache-4
7fcc72aca000-7fcc72acb000 r--p 00000000 08:06 2649164                    /usr/lib/R/library/translations/en/LC_MESSAGES/R.mo
7fcc72acb000-7fcc72acc000 r--s 00010000 08:06 7484277                    /home/aocampor/.m2/repository/org/nuiton/thirdparty/JRI/0.8-4/JRI-0.8-4.jar
7fcc72acc000-7fcc72ad7000 r--s 00116000 08:06 271913                     /home/aocampor/jdk1.8.0_45/jre/lib/ext/localedata.jar
7fcc72ad7000-7fcc72ae0000 r--s 001ce000 08:06 7080378                    /home/aocampor/.m2/repository/net/imagej/ij/1.49m/ij-1.49m.jar
7fcc72ae0000-7fcc72ae8000 rw-s 00000000 08:06 792219                     /tmp/hsperfdata_aocampor/6277
7fcc72ae8000-7fcc72ae9000 rw-p 00000000 00:00 0 
7fcc72ae9000-7fcc72aea000 r--p 00000000 00:00 0 
7fcc72aea000-7fcc72aec000 rw-p 00000000 00:00 0 
7fcc72aec000-7fcc72aed000 r--p 00022000 08:06 397467                     /lib/x86_64-linux-gnu/ld-2.19.so
7fcc72aed000-7fcc72aee000 rw-p 00023000 08:06 397467                     /lib/x86_64-linux-gnu/ld-2.19.so
7fcc72aee000-7fcc72aef000 rw-p 00000000 00:00 0 
7ffd54dbd000-7ffd54ddf000 rw-p 00000000 00:00 0                          [stack]
7ffd54de3000-7ffd54de5000 r-xp 00000000 00:00 0                          [vdso]
7ffd54de5000-7ffd54de7000 r--p 00000000 00:00 0                          [vvar]
ffffffffff600000-ffffffffff601000 r-xp 00000000 00:00 0                  [vsyscall]

VM Arguments:
jvm_args: -Djava.library.path=/usr/lib/R/site-library/rJava/jri -Denforcer.skip=true 
java_command: Diabetic_Retinopathy
java_class_path (initial): /home/aocampor/NetBeansProjects/Diabetic/target/classes:/home/aocampor/.m2/repository/net/imagej/ij/1.49m/ij-1.49m.jar:/home/aocampor/.m2/repository/org/nuiton/thirdparty/JRI/0.8-4/JRI-0.8-4.jar
Launcher Type: SUN_STANDARD

Environment Variables:
JAVA_HOME=/home/aocampor/jdk1.8.0_45
PATH=/home/aocampor/ROOT/root/bin:/usr/local/sbin:/usr/local/bin:/usr/sbin:/usr/bin:/sbin:/bin:/usr/games:/usr/local/games:/home/aocampor/Dropbox/Android/android-sdk-linux/tools:/home/aocampor/Dropbox/Android/android-sdk-linux/platform-tools:/home/aocampor/Dropbox/Android/android-studio/bin/:/usr/local/bin:/home/aocampor/Fiji.app
LD_LIBRARY_PATH=/home/aocampor/jdk1.8.0_45/jre/lib/amd64:/home/aocampor/jdk1.8.0_45/jre/lib/i386:/home/aocampor/ROOT/root/lib
SHELL=/bin/bash
DISPLAY=:0
DYLD_LIBRARY_PATH=/home/aocampor/ROOT/root/lib

Signal Handlers:
SIGSEGV: [libjvm.so+0xaad1e0], sa_mask[0]=11111111011111111101111111111110, sa_flags=SA_RESTART|SA_SIGINFO
SIGBUS: [libjvm.so+0xaad1e0], sa_mask[0]=11111111011111111101111111111110, sa_flags=SA_RESTART|SA_SIGINFO
SIGFPE: [libjvm.so+0x90b450], sa_mask[0]=11111111011111111101111111111110, sa_flags=SA_RESTART|SA_SIGINFO
SIGPIPE: [libjvm.so+0x90b450], sa_mask[0]=11111111011111111101111111111110, sa_flags=SA_RESTART|SA_SIGINFO
SIGXFSZ: [libjvm.so+0x90b450], sa_mask[0]=11111111011111111101111111111110, sa_flags=SA_RESTART|SA_SIGINFO
SIGILL: [libjvm.so+0x90b450], sa_mask[0]=11111111011111111101111111111110, sa_flags=SA_RESTART|SA_SIGINFO
SIGUSR1: SIG_DFL, sa_mask[0]=00000000000000000000000000000000, sa_flags=none
SIGUSR2: [libjvm.so+0x90ca90], sa_mask[0]=00100000000000000000000000000000, sa_flags=SA_RESTART|SA_SIGINFO
SIGHUP: [libjvm.so+0x90dde0], sa_mask[0]=11111111011111111101111111111110, sa_flags=SA_RESTART|SA_SIGINFO
SIGINT: SIG_IGN, sa_mask[0]=00000000000000000000000000000000, sa_flags=none
SIGTERM: [libjvm.so+0x90dde0], sa_mask[0]=11111111011111111101111111111110, sa_flags=SA_RESTART|SA_SIGINFO
SIGQUIT: [libjvm.so+0x90dde0], sa_mask[0]=11111111011111111101111111111110, sa_flags=SA_RESTART|SA_SIGINFO


---------------  S Y S T E M  ---------------

OS:DISTRIB_ID=Ubuntu
DISTRIB_RELEASE=14.10
DISTRIB_CODENAME=utopic
DISTRIB_DESCRIPTION="Ubuntu 14.10"

uname:Linux 3.16.0-34-generic #45-Ubuntu SMP Mon Mar 23 17:21:27 UTC 2015 x86_64
libc:glibc 2.19 NPTL 2.19 
rlimit: STACK 8192k, CORE 0k, NPROC 63730, NOFILE 4096, AS infinity
load average:0,44 0,43 0,36

/proc/meminfo:
MemTotal:       16337252 kB
MemFree:          605040 kB
MemAvailable:    1753384 kB
Buffers:          121576 kB
Cached:          3184408 kB
SwapCached:            0 kB
Active:         12742416 kB
Inactive:        2579360 kB
Active(anon):   12084340 kB
Inactive(anon):  1979472 kB
Active(file):     658076 kB
Inactive(file):   599888 kB
Unevictable:          80 kB
Mlocked:              80 kB
SwapTotal:      16678908 kB
SwapFree:       16678836 kB
Dirty:               400 kB
Writeback:             0 kB
AnonPages:      12012340 kB
Mapped:          1897808 kB
Shmem:           2048108 kB
Slab:             166636 kB
SReclaimable:     118644 kB
SUnreclaim:        47992 kB
KernelStack:       20144 kB
PageTables:        74780 kB
NFS_Unstable:          0 kB
Bounce:                0 kB
WritebackTmp:          0 kB
CommitLimit:    24847532 kB
Committed_AS:   27395672 kB
VmallocTotal:   34359738367 kB
VmallocUsed:      430356 kB
VmallocChunk:   34359220528 kB
HardwareCorrupted:     0 kB
AnonHugePages:   9744384 kB
HugePages_Total:       0
HugePages_Free:        0
HugePages_Rsvd:        0
HugePages_Surp:        0
Hugepagesize:       2048 kB
DirectMap4k:      122572 kB
DirectMap2M:     9218048 kB
DirectMap1G:     7340032 kB


CPU:total 4 (2 cores per cpu, 2 threads per core) family 6 model 69 stepping 1, cmov, cx8, fxsr, mmx, sse, sse2, sse3, ssse3, sse4.1, sse4.2, popcnt, avx, avx2, aes, clmul, erms, lzcnt, ht, tsc, tscinvbit, bmi1, bmi2

/proc/cpuinfo:
processor	: 0
vendor_id	: GenuineIntel
cpu family	: 6
model		: 69
model name	: Intel(R) Core(TM) i7-4600U CPU @ 2.10GHz
stepping	: 1
microcode	: 0x1c
cpu MHz		: 3000.058
cache size	: 4096 KB
physical id	: 0
siblings	: 4
core id		: 0
cpu cores	: 2
apicid		: 0
initial apicid	: 0
fpu		: yes
fpu_exception	: yes
cpuid level	: 13
wp		: yes
flags		: fpu vme de pse tsc msr pae mce cx8 apic sep mtrr pge mca cmov pat pse36 clflush dts acpi mmx fxsr sse sse2 ss ht tm pbe syscall nx pdpe1gb rdtscp lm constant_tsc arch_perfmon pebs bts rep_good nopl xtopology nonstop_tsc aperfmperf eagerfpu pni pclmulqdq dtes64 monitor ds_cpl vmx smx est tm2 ssse3 fma cx16 xtpr pdcm pcid sse4_1 sse4_2 x2apic movbe popcnt tsc_deadline_timer aes xsave avx f16c rdrand lahf_lm abm ida arat epb xsaveopt pln pts dtherm tpr_shadow vnmi flexpriority ept vpid fsgsbase tsc_adjust bmi1 avx2 smep bmi2 erms invpcid
bogomips	: 5387.74
clflush size	: 64
cache_alignment	: 64
address sizes	: 39 bits physical, 48 bits virtual
power management:

processor	: 1
vendor_id	: GenuineIntel
cpu family	: 6
model		: 69
model name	: Intel(R) Core(TM) i7-4600U CPU @ 2.10GHz
stepping	: 1
microcode	: 0x1c
cpu MHz		: 3000.058
cache size	: 4096 KB
physical id	: 0
siblings	: 4
core id		: 1
cpu cores	: 2
apicid		: 2
initial apicid	: 2
fpu		: yes
fpu_exception	: yes
cpuid level	: 13
wp		: yes
flags		: fpu vme de pse tsc msr pae mce cx8 apic sep mtrr pge mca cmov pat pse36 clflush dts acpi mmx fxsr sse sse2 ss ht tm pbe syscall nx pdpe1gb rdtscp lm constant_tsc arch_perfmon pebs bts rep_good nopl xtopology nonstop_tsc aperfmperf eagerfpu pni pclmulqdq dtes64 monitor ds_cpl vmx smx est tm2 ssse3 fma cx16 xtpr pdcm pcid sse4_1 sse4_2 x2apic movbe popcnt tsc_deadline_timer aes xsave avx f16c rdrand lahf_lm abm ida arat epb xsaveopt pln pts dtherm tpr_shadow vnmi flexpriority ept vpid fsgsbase tsc_adjust bmi1 avx2 smep bmi2 erms invpcid
bogomips	: 5387.74
clflush size	: 64
cache_alignment	: 64
address sizes	: 39 bits physical, 48 bits virtual
power management:

processor	: 2
vendor_id	: GenuineIntel
cpu family	: 6
model		: 69
model name	: Intel(R) Core(TM) i7-4600U CPU @ 2.10GHz
stepping	: 1
microcode	: 0x1c
cpu MHz		: 2999.953
cache size	: 4096 KB
physical id	: 0
siblings	: 4
core id		: 0
cpu cores	: 2
apicid		: 1
initial apicid	: 1
fpu		: yes
fpu_exception	: yes
cpuid level	: 13
wp		: yes
flags		: fpu vme de pse tsc msr pae mce cx8 apic sep mtrr pge mca cmov pat pse36 clflush dts acpi mmx fxsr sse sse2 ss ht tm pbe syscall nx pdpe1gb rdtscp lm constant_tsc arch_perfmon pebs bts rep_good nopl xtopology nonstop_tsc aperfmperf eagerfpu pni pclmulqdq dtes64 monitor ds_cpl vmx smx est tm2 ssse3 fma cx16 xtpr pdcm pcid sse4_1 sse4_2 x2apic movbe popcnt tsc_deadline_timer aes xsave avx f16c rdrand lahf_lm abm ida arat epb xsaveopt pln pts dtherm tpr_shadow vnmi flexpriority ept vpid fsgsbase tsc_adjust bmi1 avx2 smep bmi2 erms invpcid
bogomips	: 5387.74
clflush size	: 64
cache_alignment	: 64
address sizes	: 39 bits physical, 48 bits virtual
power management:

processor	: 3
vendor_id	: GenuineIntel
cpu family	: 6
model		: 69
model name	: Intel(R) Core(TM) i7-4600U CPU @ 2.10GHz
stepping	: 1
microcode	: 0x1c
cpu MHz		: 2999.953
cache size	: 4096 KB
physical id	: 0
siblings	: 4
core id		: 1
cpu cores	: 2
apicid		: 3
initial apicid	: 3
fpu		: yes
fpu_exception	: yes
cpuid level	: 13
wp		: yes
flags		: fpu vme de pse tsc msr pae mce cx8 apic sep mtrr pge mca cmov pat pse36 clflush dts acpi mmx fxsr sse sse2 ss ht tm pbe syscall nx pdpe1gb rdtscp lm constant_tsc arch_perfmon pebs bts rep_good nopl xtopology nonstop_tsc aperfmperf eagerfpu pni pclmulqdq dtes64 monitor ds_cpl vmx smx est tm2 ssse3 fma cx16 xtpr pdcm pcid sse4_1 sse4_2 x2apic movbe popcnt tsc_deadline_timer aes xsave avx f16c rdrand lahf_lm abm ida arat epb xsaveopt pln pts dtherm tpr_shadow vnmi flexpriority ept vpid fsgsbase tsc_adjust bmi1 avx2 smep bmi2 erms invpcid
bogomips	: 5387.74
clflush size	: 64
cache_alignment	: 64
address sizes	: 39 bits physical, 48 bits virtual
power management:



Memory: 4k page, physical 16337252k(618652k free), swap 16678908k(16678836k free)

vm_info: Java HotSpot(TM) 64-Bit Server VM (25.45-b02) for linux-amd64 JRE (1.8.0_45-b14), built on Apr 10 2015 10:07:45 by "java_re" with gcc 4.3.0 20080428 (Red Hat 4.3.0-8)

time: Fri Apr 24 10:21:37 2015
elapsed time: 2768 seconds (0d 0h 46m 8s)

