#
# A fatal error has been detected by the Java Runtime Environment:
#
#  SIGSEGV (0xb) at pc=0x00007f2f6d0696ba, pid=10599, tid=139841522403072
#
# JRE version: Java(TM) SE Runtime Environment (8.0_45-b14) (build 1.8.0_45-b14)
# Java VM: Java HotSpot(TM) 64-Bit Server VM (25.45-b02 mixed mode linux-amd64 compressed oops)
# Problematic frame:
# v  ~BufferBlob::jni_fast_GetLongField
#
# Failed to write core dump. Core dumps have been disabled. To enable core dumping, try "ulimit -c unlimited" before starting Java again
#
# If you would like to submit a bug report, please visit:
#   http://bugreport.java.com/bugreport/crash.jsp
# The crash happened outside the Java Virtual Machine in native code.
# See problematic frame for where to report the bug.
#

---------------  T H R E A D  ---------------

Current thread (0x00007f2f7c259000):  JavaThread "AWT-XAWT" daemon [_thread_in_native, id=10618, stack(0x00007f2f64348000,0x00007f2f64449000)]

siginfo: si_signo: 11 (SIGSEGV), si_code: 1 (SEGV_MAPERR), si_addr: 0x0000000000000000

Registers:
RAX=0x00007f2f83ef9ce0, RBX=0x00007f2f7c2591f8, RCX=0x00007f2f84954320, RDX=0x0000000000000042
RSP=0x00007f2f64447778, RBP=0x00007f2f644477a0, RSI=0x0000000000000000, RDI=0x00007f2f7c2591f8
R8 =0x00007f2f65a8d250, R9 =0x0000000000000000, R10=0x00000000000001c8, R11=0x00007f2f6d32b918
R12=0x00007f2f14057290, R13=0x0000000000000000, R14=0x00007f2f661f77e0, R15=0x00007f2f7c259000
RIP=0x00007f2f6d0696ba, EFLAGS=0x0000000000010246, CSGSFS=0x0000000000000033, ERR=0x0000000000000004
  TRAPNO=0x000000000000000e

Top of Stack: (sp=0x00007f2f64447778)
0x00007f2f64447778:   00007f2f65fd6201 00007f2f6c3b9490
0x00007f2f64447788:   00007f2f14057290 00007f2f64447850
0x00007f2f64447798:   00007f2f64447820 0000000000000000
0x00007f2f644477a8:   00007f2f65a954e0 00007f2f6c3b9490
0x00007f2f644477b8:   00007f2f644477e0 0000000000000000
0x00007f2f644477c8:   00007f2f65a8d273 00007f2f64447850
0x00007f2f644477d8:   00007f2f65fcf4bf 00007f2f64447830
0x00007f2f644477e8:   00007f2f6d32b9b6 00000006c6a05828
0x00007f2f644477f8:   00007f2f6d06c305 00000006c6a05828
0x00007f2f64447808:   00007f2f6d374b5c 00000006c6a05828
0x00007f2f64447818:   00007f2f6d1bed74 00000006c6a05678
0x00007f2f64447828:   0000000000000011 00007f2f644478b0
0x00007f2f64447838:   00007f2f6d007420 00007f2f644478b0
0x00007f2f64447848:   00007f2f6d007420 0000000000000000
0x00007f2f64447858:   00007f2f6d007760 00007f2f1c002e20
0x00007f2f64447868:   00000006c6a05828 00007f2f64447870
0x00007f2f64447878:   00007f2f6c58e0f4 00007f2f644478f8
0x00007f2f64447888:   00007f2f6c596f28 0000000000000000
0x00007f2f64447898:   00007f2f6c58e228 00007f2f64447850
0x00007f2f644478a8:   00007f2f644478f0 00007f2f64447940
0x00007f2f644478b8:   00007f2f6d007c4d 0000000000000000
0x00007f2f644478c8:   00000006c6a601e8 0000000000000000
0x00007f2f644478d8:   0000000000000000 0000000000000000
0x00007f2f644478e8:   00000006c6a05828 0000000000000000
0x00007f2f644478f8:   00000006c6a1a2f0 00007f2f64447900
0x00007f2f64447908:   00007f2f6c58df35 00007f2f64447950
0x00007f2f64447918:   00007f2f6c596f28 0000000000000000
0x00007f2f64447928:   00007f2f6c58df40 00007f2f644478f0
0x00007f2f64447938:   00007f2f64447950 00007f2f64447998
0x00007f2f64447948:   00007f2f6d007c92 00000006c6a1a2f0
0x00007f2f64447958:   00007f2f64447958 00007f2f6c06281b
0x00007f2f64447968:   00007f2f644479a8 00007f2f6c0e8f00 

Instructions: (pc=0x00007f2f6d0696ba)
0x00007f2f6d06969a:   00 00 00 00 00 00 44 8b 15 01 96 ec 16 4c 8b ce
0x00007f2f6d0696aa:   41 f6 c2 01 0f 85 2e 00 00 00 4d 33 ca 4d 33 ca
0x00007f2f6d0696ba:   4d 8b 09 4c 8b da 49 c1 eb 02 4b 8b 04 19 49 bb
0x00007f2f6d0696ca:   a8 2c f3 83 2f 7f 00 00 4c 33 d8 4c 33 d8 45 3b 

Register to memory mapping:

RAX=0x00007f2f83ef9ce0: <offset 0xf64ce0> in /home/aocampor/jdk1.8.0_45/jre/lib/amd64/server/libjvm.so at 0x00007f2f82f95000
RBX=0x00007f2f7c2591f8 is an unknown value
RCX=0x00007f2f84954320: <offset 0x219320> in /lib/x86_64-linux-gnu/libpthread.so.0 at 0x00007f2f8473b000
RDX=0x0000000000000042 is an unknown value
RSP=0x00007f2f64447778 is pointing into the stack for thread: 0x00007f2f7c259000
RBP=0x00007f2f644477a0 is pointing into the stack for thread: 0x00007f2f7c259000
RSI=0x0000000000000000 is an unknown value
RDI=0x00007f2f7c2591f8 is an unknown value
R8 =0x00007f2f65a8d250: <offset 0x5a250> in /usr/lib/x86_64-linux-gnu/libX11.so.6 at 0x00007f2f65a33000
R9 =0x0000000000000000 is an unknown value
R10=0x00000000000001c8 is an unknown value
R11=0x00007f2f6d32b918 is at entry_point+24 in (nmethod*)0x00007f2f6d32b790
R12=0x00007f2f14057290 is an unknown value
R13=0x0000000000000000 is an unknown value
R14=0x00007f2f661f77e0: <offset 0x2587e0> in /home/aocampor/jdk1.8.0_45/jre/lib/amd64/libawt_xawt.so at 0x00007f2f65f9f000
R15=0x00007f2f7c259000 is a thread


Stack: [0x00007f2f64348000,0x00007f2f64449000],  sp=0x00007f2f64447778,  free space=1021k
Native frames: (J=compiled Java code, j=interpreted, Vv=VM code, C=native code)
v  ~BufferBlob::jni_fast_GetLongField
C  [libX11.so.6+0x624e0]  _XimServerDestroy+0x70

Java frames: (J=compiled Java code, j=interpreted, Vv=VM code)
J 865  sun.awt.X11.XlibWrapper.XFilterEvent(JJ)Z (0 bytes) @ 0x00007f2f6d32b944 [0x00007f2f6d32b900+0x44]
j  sun.awt.X11.XToolkit.run(Z)V+300
j  sun.awt.X11.XToolkit.run()V+5
j  java.lang.Thread.run()V+11
v  ~StubRoutines::call_stub

---------------  P R O C E S S  ---------------

Java Threads: ( => current thread )
  0x00007f2f7c009800 JavaThread "DestroyJavaVM" [_thread_blocked, id=10603, stack(0x00007f2f84a53000,0x00007f2f84b54000)]
  0x00007f2f7c139000 JavaThread "Thread-0" [_thread_blocked, id=10634, stack(0x00007f2f5d708000,0x00007f2f5d809000)]
=>0x00007f2f7c259000 JavaThread "AWT-XAWT" daemon [_thread_in_native, id=10618, stack(0x00007f2f64348000,0x00007f2f64449000)]
  0x00007f2f7c237000 JavaThread "Java2D Disposer" daemon [_thread_blocked, id=10617, stack(0x00007f2f64859000,0x00007f2f6495a000)]
  0x00007f2f7c0c9800 JavaThread "Service Thread" daemon [_thread_blocked, id=10615, stack(0x00007f2f665cb000,0x00007f2f666cc000)]
  0x00007f2f7c0bc800 JavaThread "C1 CompilerThread2" daemon [_thread_blocked, id=10614, stack(0x00007f2f666cc000,0x00007f2f667cd000)]
  0x00007f2f7c0ba800 JavaThread "C2 CompilerThread1" daemon [_thread_blocked, id=10613, stack(0x00007f2f667cd000,0x00007f2f668ce000)]
  0x00007f2f7c0b7800 JavaThread "C2 CompilerThread0" daemon [_thread_blocked, id=10612, stack(0x00007f2f668ce000,0x00007f2f669cf000)]
  0x00007f2f7c0b6000 JavaThread "Signal Dispatcher" daemon [_thread_blocked, id=10611, stack(0x00007f2f669cf000,0x00007f2f66ad0000)]
  0x00007f2f7c07f000 JavaThread "Finalizer" daemon [_thread_blocked, id=10610, stack(0x00007f2f671f2000,0x00007f2f672f3000)]
  0x00007f2f7c07d000 JavaThread "Reference Handler" daemon [_thread_blocked, id=10609, stack(0x00007f2f672f3000,0x00007f2f673f4000)]

Other Threads:
  0x00007f2f7c078000 VMThread [stack: 0x00007f2f673f4000,0x00007f2f674f5000] [id=10608]
  0x00007f2f7c0cc800 WatcherThread [stack: 0x00007f2f664ca000,0x00007f2f665cb000] [id=10616]

VM state:not at safepoint (normal execution)

VM Mutex/Monitor currently owned by a thread: None

Heap:
 PSYoungGen      total 849408K, used 274165K [0x000000076ce00000, 0x00000007b1900000, 0x00000007c0000000)
  eden space 585728K, 19% used [0x000000076ce00000,0x0000000773fcf3f0,0x0000000790a00000)
  from space 263680K, 59% used [0x00000007a1780000,0x00000007ab16e040,0x00000007b1900000)
  to   space 269824K, 0% used [0x0000000790a00000,0x0000000790a00000,0x00000007a1180000)
 ParOldGen       total 824320K, used 440397K [0x00000006c6a00000, 0x00000006f8f00000, 0x000000076ce00000)
  object space 824320K, 53% used [0x00000006c6a00000,0x00000006e1813498,0x00000006f8f00000)
 Metaspace       used 13888K, capacity 14068K, committed 14336K, reserved 1062912K
  class space    used 1404K, capacity 1468K, committed 1536K, reserved 1048576K

Card table byte_map: [0x00007f2f81069000,0x00007f2f81835000] byte_map_base: 0x00007f2f7da34000

Marking Bits: (ParMarkBitMap*) 0x00007f2f83f32760
 Begin Bits: [0x00007f2f48350000, 0x00007f2f4c1a8000)
 End Bits:   [0x00007f2f4c1a8000, 0x00007f2f50000000)

Polling page: 0x00007f2f84b78000

CodeCache: size=245760Kb used=4873Kb max_used=4884Kb free=240886Kb
 bounds [0x00007f2f6d000000, 0x00007f2f6d4d0000, 0x00007f2f7c000000]
 total_blobs=1880 nmethods=1315 adapters=478
 compilation: enabled

Compilation events (10 events):
Event: 4029,519 Thread 0x00007f2f7c0bc800 1544   !   3       java.awt.EventQueue::removeSourceEvents (294 bytes)
Event: 4029,527 Thread 0x00007f2f7c0bc800 nmethod 1544 0x00007f2f6d4c6e90 code [0x00007f2f6d4c71a0, 0x00007f2f6d4c9088]
Event: 4029,528 Thread 0x00007f2f7c0bc800 1548       3       java.security.AccessControlContext::optimize (318 bytes)
Event: 4029,531 Thread 0x00007f2f7c0bc800 nmethod 1548 0x00007f2f6d4c3c10 code [0x00007f2f6d4c3f60, 0x00007f2f6d4c5af8]
Event: 4029,531 Thread 0x00007f2f7c0bc800 1546   !   3       java.awt.MenuComponent::removeNotify (46 bytes)
Event: 4029,532 Thread 0x00007f2f7c0bc800 nmethod 1546 0x00007f2f6d4c9ed0 code [0x00007f2f6d4ca0e0, 0x00007f2f6d4caba8]
Event: 4029,532 Thread 0x00007f2f7c0bc800 1547       3       sun.awt.X11.XMenuItemPeer::dispose (1 bytes)
Event: 4029,532 Thread 0x00007f2f7c0bc800 nmethod 1547 0x00007f2f6d4cb190 code [0x00007f2f6d4cb2e0, 0x00007f2f6d4cb430]
Event: 4062,042 Thread 0x00007f2f7c0bc800 1549       3       sun.awt.X11.XDropTargetEventProcessor::processEvent (18 bytes)
Event: 4062,042 Thread 0x00007f2f7c0bc800 nmethod 1549 0x00007f2f6d1beb50 code [0x00007f2f6d1becc0, 0x00007f2f6d1beea8]

GC Heap History (10 events):
Event: 40,426 GC heap before
{Heap before GC invocations=19 (full 5):
 PSYoungGen      total 597504K, used 547536K [0x000000076ce00000, 0x00000007a8580000, 0x00000007c0000000)
  eden space 358912K, 100% used [0x000000076ce00000,0x0000000782c80000,0x0000000782c80000)
  from space 238592K, 79% used [0x0000000782c80000,0x000000078e4b4030,0x0000000791580000)
  to   space 261632K, 0% used [0x0000000798600000,0x0000000798600000,0x00000007a8580000)
 ParOldGen       total 824320K, used 430515K [0x00000006c6a00000, 0x00000006f8f00000, 0x000000076ce00000)
  object space 824320K, 52% used [0x00000006c6a00000,0x00000006e0e6ce88,0x00000006f8f00000)
 Metaspace       used 13428K, capacity 13614K, committed 13824K, reserved 1060864K
  class space    used 1383K, capacity 1467K, committed 1536K, reserved 1048576K
Event: 40,443 GC heap after
Heap after GC invocations=19 (full 5):
 PSYoungGen      total 683008K, used 118226K [0x000000076ce00000, 0x00000007a6f00000, 0x00000007c0000000)
  eden space 444416K, 0% used [0x000000076ce00000,0x000000076ce00000,0x0000000788000000)
  from space 238592K, 49% used [0x0000000798600000,0x000000079f974830,0x00000007a6f00000)
  to   space 253440K, 0% used [0x0000000788000000,0x0000000788000000,0x0000000797780000)
 ParOldGen       total 824320K, used 430523K [0x00000006c6a00000, 0x00000006f8f00000, 0x000000076ce00000)
  object space 824320K, 52% used [0x00000006c6a00000,0x00000006e0e6ee88,0x00000006f8f00000)
 Metaspace       used 13428K, capacity 13614K, committed 13824K, reserved 1060864K
  class space    used 1383K, capacity 1467K, committed 1536K, reserved 1048576K
}
Event: 44,477 GC heap before
{Heap before GC invocations=20 (full 5):
 PSYoungGen      total 683008K, used 562642K [0x000000076ce00000, 0x00000007a6f00000, 0x00000007c0000000)
  eden space 444416K, 100% used [0x000000076ce00000,0x0000000788000000,0x0000000788000000)
  from space 238592K, 49% used [0x0000000798600000,0x000000079f974830,0x00000007a6f00000)
  to   space 253440K, 0% used [0x0000000788000000,0x0000000788000000,0x0000000797780000)
 ParOldGen       total 824320K, used 430523K [0x00000006c6a00000, 0x00000006f8f00000, 0x000000076ce00000)
  object space 824320K, 52% used [0x00000006c6a00000,0x00000006e0e6ee88,0x00000006f8f00000)
 Metaspace       used 13442K, capacity 13614K, committed 13824K, reserved 1060864K
  class space    used 1383K, capacity 1467K, committed 1536K, reserved 1048576K
Event: 44,502 GC heap after
Heap after GC invocations=20 (full 5):
 PSYoungGen      total 697856K, used 224222K [0x000000076ce00000, 0x00000007b0800000, 0x00000007c0000000)
  eden space 444416K, 0% used [0x000000076ce00000,0x000000076ce00000,0x0000000788000000)
  from space 253440K, 88% used [0x0000000788000000,0x0000000795af7870,0x0000000797780000)
  to   space 284672K, 0% used [0x000000079f200000,0x000000079f200000,0x00000007b0800000)
 ParOldGen       total 824320K, used 430531K [0x00000006c6a00000, 0x00000006f8f00000, 0x000000076ce00000)
  object space 824320K, 52% used [0x00000006c6a00000,0x00000006e0e70e88,0x00000006f8f00000)
 Metaspace       used 13442K, capacity 13614K, committed 13824K, reserved 1060864K
  class space    used 1383K, capacity 1467K, committed 1536K, reserved 1048576K
}
Event: 48,541 GC heap before
{Heap before GC invocations=21 (full 5):
 PSYoungGen      total 697856K, used 668438K [0x000000076ce00000, 0x00000007b0800000, 0x00000007c0000000)
  eden space 444416K, 99% used [0x000000076ce00000,0x0000000787fcdfd0,0x0000000788000000)
  from space 253440K, 88% used [0x0000000788000000,0x0000000795af7870,0x0000000797780000)
  to   space 284672K, 0% used [0x000000079f200000,0x000000079f200000,0x00000007b0800000)
 ParOldGen       total 824320K, used 430531K [0x00000006c6a00000, 0x00000006f8f00000, 0x000000076ce00000)
  object space 824320K, 52% used [0x00000006c6a00000,0x00000006e0e70e88,0x00000006f8f00000)
 Metaspace       used 13482K, capacity 13678K, committed 13824K, reserved 1060864K
  class space    used 1383K, capacity 1467K, committed 1536K, reserved 1048576K
Event: 48,571 GC heap after
Heap after GC invocations=21 (full 5):
 PSYoungGen      total 806912K, used 157624K [0x000000076ce00000, 0x00000007b0000000, 0x00000007c0000000)
  eden space 530432K, 0% used [0x000000076ce00000,0x000000076ce00000,0x000000078d400000)
  from space 276480K, 57% used [0x000000079f200000,0x00000007a8bee040,0x00000007b0000000)
  to   space 284672K, 0% used [0x000000078d400000,0x000000078d400000,0x000000079ea00000)
 ParOldGen       total 824320K, used 430539K [0x00000006c6a00000, 0x00000006f8f00000, 0x000000076ce00000)
  object space 824320K, 52% used [0x00000006c6a00000,0x00000006e0e72e88,0x00000006f8f00000)
 Metaspace       used 13482K, capacity 13678K, committed 13824K, reserved 1060864K
  class space    used 1383K, capacity 1467K, committed 1536K, reserved 1048576K
}
Event: 52,449 GC heap before
{Heap before GC invocations=22 (full 5):
 PSYoungGen      total 806912K, used 688056K [0x000000076ce00000, 0x00000007b0000000, 0x00000007c0000000)
  eden space 530432K, 100% used [0x000000076ce00000,0x000000078d400000,0x000000078d400000)
  from space 276480K, 57% used [0x000000079f200000,0x00000007a8bee040,0x00000007b0000000)
  to   space 284672K, 0% used [0x000000078d400000,0x000000078d400000,0x000000079ea00000)
 ParOldGen       total 824320K, used 430539K [0x00000006c6a00000, 0x00000006f8f00000, 0x000000076ce00000)
  object space 824320K, 52% used [0x00000006c6a00000,0x00000006e0e72e88,0x00000006f8f00000)
 Metaspace       used 13498K, capacity 13684K, committed 13824K, reserved 1060864K
  class space    used 1383K, capacity 1468K, committed 1536K, reserved 1048576K
Event: 52,472 GC heap after
Heap after GC invocations=22 (full 5):
 PSYoungGen      total 815104K, used 120332K [0x000000076ce00000, 0x00000007b1f00000, 0x00000007c0000000)
  eden space 530432K, 0% used [0x000000076ce00000,0x000000076ce00000,0x000000078d400000)
  from space 284672K, 42% used [0x000000078d400000,0x0000000794983020,0x000000079ea00000)
  to   space 269824K, 0% used [0x00000007a1780000,0x00000007a1780000,0x00000007b1f00000)
 ParOldGen       total 824320K, used 430547K [0x00000006c6a00000, 0x00000006f8f00000, 0x000000076ce00000)
  object space 824320K, 52% used [0x00000006c6a00000,0x00000006e0e74e88,0x00000006f8f00000)
 Metaspace       used 13498K, capacity 13684K, committed 13824K, reserved 1060864K
  class space    used 1383K, capacity 1468K, committed 1536K, reserved 1048576K
}
Event: 56,953 GC heap before
{Heap before GC invocations=23 (full 5):
 PSYoungGen      total 815104K, used 649638K [0x000000076ce00000, 0x00000007b1f00000, 0x00000007c0000000)
  eden space 530432K, 99% used [0x000000076ce00000,0x000000078d2e6908,0x000000078d400000)
  from space 284672K, 42% used [0x000000078d400000,0x0000000794983020,0x000000079ea00000)
  to   space 269824K, 0% used [0x00000007a1780000,0x00000007a1780000,0x00000007b1f00000)
 ParOldGen       total 824320K, used 440389K [0x00000006c6a00000, 0x00000006f8f00000, 0x000000076ce00000)
  object space 824320K, 53% used [0x00000006c6a00000,0x00000006e1811498,0x00000006f8f00000)
 Metaspace       used 13519K, capacity 13684K, committed 13824K, reserved 1060864K
  class space    used 1383K, capacity 1468K, committed 1536K, reserved 1048576K
Event: 56,976 GC heap after
Heap after GC invocations=23 (full 5):
 PSYoungGen      total 849408K, used 157624K [0x000000076ce00000, 0x00000007b1900000, 0x00000007c0000000)
  eden space 585728K, 0% used [0x000000076ce00000,0x000000076ce00000,0x0000000790a00000)
  from space 263680K, 59% used [0x00000007a1780000,0x00000007ab16e040,0x00000007b1900000)
  to   space 269824K, 0% used [0x0000000790a00000,0x0000000790a00000,0x00000007a1180000)
 ParOldGen       total 824320K, used 440397K [0x00000006c6a00000, 0x00000006f8f00000, 0x000000076ce00000)
  object space 824320K, 53% used [0x00000006c6a00000,0x00000006e1813498,0x00000006f8f00000)
 Metaspace       used 13519K, capacity 13684K, committed 13824K, reserved 1060864K
  class space    used 1383K, capacity 1468K, committed 1536K, reserved 1048576K
}

Deoptimization events (10 events):
Event: 20,343 Thread 0x00007f2f7c009800 Uncommon trap: reason=unstable_if action=reinterpret pc=0x00007f2f6d35062c method=ij.process.ByteStatistics.getCentroid(Lij/process/ImageProcessor;II)V @ 65
Event: 21,274 Thread 0x00007f2f7c009800 Uncommon trap: reason=unstable_if action=reinterpret pc=0x00007f2f6d388564 method=Diabetic_Retinopathy.getNormalisedArea(Ljava/lang/String;)D @ 450
Event: 23,789 Thread 0x00007f2f7c009800 Uncommon trap: reason=unstable_if action=reinterpret pc=0x00007f2f6d3f7a2c method=ij.plugin.filter.BackgroundSubtracter.enlargeImage(Lij/process/FloatProcessor;Lij/process/FloatProcessor;I)V @ 174
Event: 24,396 Thread 0x00007f2f7c009800 Uncommon trap: reason=unstable_if action=reinterpret pc=0x00007f2f6d41ab20 method=ij.process.ByteProcessor.getHistogram()[I @ 37
Event: 24,586 Thread 0x00007f2f7c009800 Uncommon trap: reason=unstable_if action=reinterpret pc=0x00007f2f6d41c71c method=ij.process.AutoThresholder.MaxEntropy([I)I @ 226
Event: 26,610 Thread 0x00007f2f7c009800 Uncommon trap: reason=unstable_if action=reinterpret pc=0x00007f2f6d461af8 method=Diabetic_Retinopathy.getNormalisedArea(Ljava/lang/String;)D @ 252
Event: 57,860 Thread 0x00007f2f7c009800 Uncommon trap: reason=unstable_if action=reinterpret pc=0x00007f2f6d2e1b44 method=org.rosuda.JRI.Rengine.<init>([Ljava/lang/String;ZLorg/rosuda/JRI/RMainLoopCallbacks;)V @ 78
Event: 57,889 Thread 0x00007f2f7c009800 Uncommon trap: reason=unstable_if action=reinterpret pc=0x00007f2f6d22571c method=java.security.AccessControlContext.optimize()Ljava/security/AccessControlContext; @ 49
Event: 4029,512 Thread 0x00007f2f7c259000 Uncommon trap: reason=unstable_if action=reinterpret pc=0x00007f2f6d497114 method=sun.awt.X11.XBaseWindow.dispatchEvent(Lsun/awt/X11/XEvent;)V @ 31
Event: 4029,524 Thread 0x00007f2f7c259000 Uncommon trap: reason=unstable_if action=reinterpret pc=0x00007f2f6d471ecc method=sun.awt.X11.XDropTargetEventProcessor.doProcessEvent(Lsun/awt/X11/XEvent;)Z @ 73

Internal exceptions (10 events):
Event: 39,188 Thread 0x00007f2f7c400000 Exception <a 'java/lang/UnsupportedOperationException': > (0x0000000771524120) thrown at [/RE-WORK/workspace/8-2-build-linux-amd64/jdk8u45/3457/hotspot/src/share/vm/prims/jni.cpp, line 735]
Event: 40,865 Thread 0x00007f2f7c400000 Exception <a 'java/lang/UnsupportedOperationException': > (0x00000007704d4520) thrown at [/RE-WORK/workspace/8-2-build-linux-amd64/jdk8u45/3457/hotspot/src/share/vm/prims/jni.cpp, line 735]
Event: 44,074 Thread 0x00007f2f7c400000 Exception <a 'java/lang/UnsupportedOperationException': > (0x00000007704df598) thrown at [/RE-WORK/workspace/8-2-build-linux-amd64/jdk8u45/3457/hotspot/src/share/vm/prims/jni.cpp, line 735]
Event: 45,234 Thread 0x00007f2f7c400000 Exception <a 'java/lang/UnsupportedOperationException': > (0x000000076d448a98) thrown at [/RE-WORK/workspace/8-2-build-linux-amd64/jdk8u45/3457/hotspot/src/share/vm/prims/jni.cpp, line 735]
Event: 48,538 Thread 0x00007f2f7c400000 Exception <a 'java/lang/UnsupportedOperationException': > (0x000000076d4544a0) thrown at [/RE-WORK/workspace/8-2-build-linux-amd64/jdk8u45/3457/hotspot/src/share/vm/prims/jni.cpp, line 735]
Event: 49,552 Thread 0x00007f2f7c400000 Exception <a 'java/lang/UnsupportedOperationException': > (0x000000076d7a52f0) thrown at [/RE-WORK/workspace/8-2-build-linux-amd64/jdk8u45/3457/hotspot/src/share/vm/prims/jni.cpp, line 735]
Event: 52,548 Thread 0x00007f2f7c400000 Exception <a 'java/lang/UnsupportedOperationException': > (0x000000076cee0f60) thrown at [/RE-WORK/workspace/8-2-build-linux-amd64/jdk8u45/3457/hotspot/src/share/vm/prims/jni.cpp, line 735]
Event: 53,899 Thread 0x00007f2f7c400000 Exception <a 'java/lang/UnsupportedOperationException': > (0x000000076ceeaae0) thrown at [/RE-WORK/workspace/8-2-build-linux-amd64/jdk8u45/3457/hotspot/src/share/vm/prims/jni.cpp, line 735]
Event: 56,905 Thread 0x00007f2f7c400000 Exception <a 'java/lang/UnsupportedOperationException': > (0x000000076cef5e18) thrown at [/RE-WORK/workspace/8-2-build-linux-amd64/jdk8u45/3457/hotspot/src/share/vm/prims/jni.cpp, line 735]
Event: 57,889 Thread 0x00007f2f7c009800 Implicit null exception at 0x00007f2f6d224ae0 to 0x00007f2f6d225709

Events (10 events):
Event: 4030,526 loading class java/util/IdentityHashMap$ValueIterator
Event: 4030,526 loading class java/util/IdentityHashMap$IdentityHashMapIterator
Event: 4030,526 loading class java/util/IdentityHashMap$IdentityHashMapIterator done
Event: 4030,526 loading class java/util/IdentityHashMap$ValueIterator done
Event: 4030,526 loading class sun/awt/AppContext$PostShutdownEventRunnable
Event: 4030,526 loading class sun/awt/AppContext$PostShutdownEventRunnable done
Event: 4030,526 loading class sun/awt/AWTAutoShutdown$1
Event: 4030,526 loading class sun/awt/AWTAutoShutdown$1 done
Event: 4030,526 Thread 0x00007f2f7c44d800 Thread exited: 0x00007f2f7c44d800
Event: 4030,526 Thread 0x00007f2f7c400000 Thread exited: 0x00007f2f7c400000


Dynamic libraries:
00400000-00401000 r-xp 00000000 08:06 6963975                            /home/aocampor/jdk1.8.0_45/bin/java
00600000-00601000 rw-p 00000000 08:06 6963975                            /home/aocampor/jdk1.8.0_45/bin/java
02167000-02188000 rw-p 00000000 00:00 0                                  [heap]
6c6a00000-6f8f00000 rw-p 00000000 00:00 0 
6f8f00000-76ce00000 ---p 00000000 00:00 0 
76ce00000-7b1900000 rw-p 00000000 00:00 0 
7b1900000-7c0000000 ---p 00000000 00:00 0 
7c0000000-7c0180000 rw-p 00000000 00:00 0 
7c0180000-800000000 ---p 00000000 00:00 0 
7f2f07000000-7f2f08000000 rw-s 00000000 00:04 197034014                  /SYSV00000000 (deleted)
7f2f08000000-7f2f09f51000 rw-p 00000000 00:00 0 
7f2f09f51000-7f2f0c000000 ---p 00000000 00:00 0 
7f2f0c0e8000-7f2f0c168000 rw-p 00000000 00:00 0 
7f2f0c168000-7f2f0c2e8000 ---p 00000000 00:00 0 
7f2f0c2e8000-7f2f0c309000 r--p 00000000 08:06 2638592                    /usr/share/texmf/fonts/opentype/public/tex-gyre/texgyreheros-regular.otf
7f2f0c309000-7f2f0c317000 r--s 00000000 08:06 7612946                    /var/cache/fontconfig/6aa41aa22e18b8fa06a12da28ea9c28b-le64.cache-4
7f2f0c317000-7f2f0c322000 r--s 00000000 08:06 7602369                    /var/cache/fontconfig/945677eb7aeaf62f1d50efc3fb3ec7d8-le64.cache-4
7f2f0c322000-7f2f0c35d000 r--s 00000000 08:06 7610772                    /var/cache/fontconfig/365b55f210c0a22e9a19e35191240f32-le64.cache-4
7f2f0c35d000-7f2f0c515000 rw-p 00000000 00:00 0 
7f2f0c515000-7f2f0c52f000 r-xp 00000000 08:06 2630229                    /usr/lib/x86_64-linux-gnu/libgraphite2.so.3.0.1
7f2f0c52f000-7f2f0c72e000 ---p 0001a000 08:06 2630229                    /usr/lib/x86_64-linux-gnu/libgraphite2.so.3.0.1
7f2f0c72e000-7f2f0c730000 r--p 00019000 08:06 2630229                    /usr/lib/x86_64-linux-gnu/libgraphite2.so.3.0.1
7f2f0c730000-7f2f0c731000 rw-p 0001b000 08:06 2630229                    /usr/lib/x86_64-linux-gnu/libgraphite2.so.3.0.1
7f2f0c731000-7f2f0c735000 r-xp 00000000 08:06 397560                     /lib/x86_64-linux-gnu/libuuid.so.1.3.0
7f2f0c735000-7f2f0c934000 ---p 00004000 08:06 397560                     /lib/x86_64-linux-gnu/libuuid.so.1.3.0
7f2f0c934000-7f2f0c935000 r--p 00003000 08:06 397560                     /lib/x86_64-linux-gnu/libuuid.so.1.3.0
7f2f0c935000-7f2f0c936000 rw-p 00004000 08:06 397560                     /lib/x86_64-linux-gnu/libuuid.so.1.3.0
7f2f0c936000-7f2f10692000 rw-s 00000000 00:04 196935720                  /SYSV00000000 (deleted)
7f2f10693000-7f2f10694000 r--s 00000000 08:06 7612947                    /var/cache/fontconfig/087e1975ba9a574b140bb1df193bf770-le64.cache-4
7f2f10694000-7f2f10695000 r--s 00000000 08:06 7602376                    /var/cache/fontconfig/c05880de57d1f5e948fdfacc138775d9-le64.cache-4
7f2f10695000-7f2f1069b000 r--s 00000000 08:06 7602354                    /var/cache/fontconfig/2cd17615ca594fa2959ae173292e504c-le64.cache-4
7f2f1069b000-7f2f1069c000 r--s 00000000 08:06 7602387                    /var/cache/fontconfig/e7071f4a29fa870f4323321c154eba04-le64.cache-4
7f2f1069c000-7f2f1069d000 r--s 00000000 08:06 7602351                    /var/cache/fontconfig/0d8c3b2ac0904cb8a57a757ad11a4a08-le64.cache-4
7f2f1069d000-7f2f106a4000 r--s 00000000 08:06 7602373                    /var/cache/fontconfig/a755afe4a08bf5b97852ceb7400b47bc-le64.cache-4
7f2f106a4000-7f2f106a5000 r--s 00000000 08:06 7602372                    /var/cache/fontconfig/a6354e3ac43af67bd8d7b8e43c34e49f-le64.cache-4
7f2f106a5000-7f2f106a6000 r--s 00000000 08:06 7602353                    /var/cache/fontconfig/1ac9eb803944fde146138c791f5cc56a-le64.cache-4
7f2f106a6000-7f2f106a7000 r--s 00000000 08:06 7612940                    /var/cache/fontconfig/b95bc8ffbebda2bbdae4265e45b8178d-le64.cache-4
7f2f106a7000-7f2f106ab000 r--s 00000000 08:06 7602357                    /var/cache/fontconfig/385c0604a188198f04d133e54aba7fe7-le64.cache-4
7f2f106ab000-7f2f106ac000 r--s 00000000 08:06 7612931                    /var/cache/fontconfig/9c956a7723ca69a44b382d9179c9802f-le64.cache-4
7f2f106ac000-7f2f106ad000 r--s 00000000 08:06 7602384                    /var/cache/fontconfig/dc05db6664285cc2f12bf69c139ae4c3-le64.cache-4
7f2f106ad000-7f2f106ae000 r--s 00000000 08:06 7612929                    /var/cache/fontconfig/5d1cca7074f29429a8d18692746c2426-le64.cache-4
7f2f106ae000-7f2f106b0000 r--s 00000000 08:06 7602366                    /var/cache/fontconfig/767a8244fc0220cfb567a839d0392e0b-le64.cache-4
7f2f106b0000-7f2f106b1000 r--s 00000000 08:06 7607358                    /var/cache/fontconfig/4794a0821666d79190d59a36cb4f44b5-le64.cache-4
7f2f106b1000-7f2f106b2000 r--s 00000000 08:06 7612926                    /var/cache/fontconfig/9eae20f1ff8cc0a7d125749e875856bd-le64.cache-4
7f2f106b2000-7f2f106b4000 r--s 00000000 08:06 7612923                    /var/cache/fontconfig/bf2c1853a9e9b00bb02fe2e9bcf1e201-le64.cache-4
7f2f106b4000-7f2f106b9000 r--s 00000000 08:06 7602368                    /var/cache/fontconfig/8801497958630a81b71ace7c5f9b32a8-le64.cache-4
7f2f106b9000-7f2f106bd000 r--s 00000000 08:06 7615252                    /var/cache/fontconfig/c57959a16110560c8d0fcea73374aeeb-le64.cache-4
7f2f106bd000-7f2f106c4000 r--s 00000000 08:06 7602355                    /var/cache/fontconfig/3047814df9a2f067bd2d96a2b9c36e5a-le64.cache-4
7f2f106c4000-7f2f106cc000 r--s 00000000 08:06 7612922                    /var/cache/fontconfig/bf3b770c553c462765856025a94f1ce6-le64.cache-4
7f2f106cc000-7f2f106cd000 r--s 00000000 08:06 7602361                    /var/cache/fontconfig/56cf4f4769d0f4abc89a4895d7bd3ae1-le64.cache-4
7f2f106cd000-7f2f106ce000 r--s 00000000 08:06 7602375                    /var/cache/fontconfig/b9d506c9ac06c20b433354fa67a72993-le64.cache-4
7f2f106ce000-7f2f106d4000 r--s 00000000 08:06 7602374                    /var/cache/fontconfig/b47c4e1ecd0709278f4910c18777a504-le64.cache-4
7f2f106d4000-7f2f106d7000 r--s 00000000 08:06 7612919                    /var/cache/fontconfig/14d493b97896515cad3840ba4896e372-le64.cache-4
7f2f106d7000-7f2f106d8000 r--s 00000000 08:06 7612916                    /var/cache/fontconfig/89034621ae2a8922916bb6bfa5799546-le64.cache-4
7f2f106d8000-7f2f106db000 r--s 00000000 08:06 7612914                    /var/cache/fontconfig/e49e89034d371f0f9de17aab02136486-le64.cache-4
7f2f106db000-7f2f106dd000 r--s 00000000 08:06 7612911                    /var/cache/fontconfig/4b14b093aebc79c320de5e86ae1d3314-le64.cache-4
7f2f106dd000-7f2f106f0000 r--s 00000000 08:06 7602380                    /var/cache/fontconfig/d52a8644073d54c13679302ca1180695-le64.cache-4
7f2f106f0000-7f2f106f5000 r--s 00000000 08:06 7612904                    /var/cache/fontconfig/75ad6aa2358a85f0de2c8ee4837e8227-le64.cache-4
7f2f106f5000-7f2f106fe000 r--s 00000000 08:06 7602358                    /var/cache/fontconfig/3f7329c5293ffd510edef78f73874cfd-le64.cache-4
7f2f106fe000-7f2f10709000 r--s 00000000 08:06 7612896                    /var/cache/fontconfig/d589a48862398ed80a3d6066f4f56f4c-le64.cache-4
7f2f10709000-7f2f10713000 r--s 00000000 08:06 7612878                    /var/cache/fontconfig/198d8fcf01c96d0cf813f74fd759bdb7-le64.cache-4
7f2f10713000-7f2f10728000 r--s 00000000 08:06 7602383                    /var/cache/fontconfig/da82082e1ef13c4097208324d67c180c-le64.cache-4
7f2f10728000-7f2f1072e000 r-xp 00000000 08:06 2630005                    /usr/lib/x86_64-linux-gnu/libdatrie.so.1.3.1
7f2f1072e000-7f2f1092d000 ---p 00006000 08:06 2630005                    /usr/lib/x86_64-linux-gnu/libdatrie.so.1.3.1
7f2f1092d000-7f2f1092e000 r--p 00005000 08:06 2630005                    /usr/lib/x86_64-linux-gnu/libdatrie.so.1.3.1
7f2f1092e000-7f2f1092f000 rw-p 00006000 08:06 2630005                    /usr/lib/x86_64-linux-gnu/libdatrie.so.1.3.1
7f2f1092f000-7f2f10955000 r-xp 00000000 08:06 397416                     /lib/x86_64-linux-gnu/libexpat.so.1.6.0
7f2f10955000-7f2f10b54000 ---p 00026000 08:06 397416                     /lib/x86_64-linux-gnu/libexpat.so.1.6.0
7f2f10b54000-7f2f10b57000 r--p 00025000 08:06 397416                     /lib/x86_64-linux-gnu/libexpat.so.1.6.0
7f2f10b57000-7f2f10b58000 rw-p 00028000 08:06 397416                     /lib/x86_64-linux-gnu/libexpat.so.1.6.0
7f2f10b58000-7f2f10bac000 r-xp 00000000 08:06 2630348                    /usr/lib/x86_64-linux-gnu/libharfbuzz.so.0.935.0
7f2f10bac000-7f2f10dac000 ---p 00054000 08:06 2630348                    /usr/lib/x86_64-linux-gnu/libharfbuzz.so.0.935.0
7f2f10dac000-7f2f10dae000 r--p 00054000 08:06 2630348                    /usr/lib/x86_64-linux-gnu/libharfbuzz.so.0.935.0
7f2f10dae000-7f2f10daf000 rw-p 00056000 08:06 2630348                    /usr/lib/x86_64-linux-gnu/libharfbuzz.so.0.935.0
7f2f10daf000-7f2f10dba000 r-xp 00000000 08:06 2630409                    /usr/lib/x86_64-linux-gnu/libjbig.so.0
7f2f10dba000-7f2f10fb9000 ---p 0000b000 08:06 2630409                    /usr/lib/x86_64-linux-gnu/libjbig.so.0
7f2f10fb9000-7f2f10fba000 r--p 0000a000 08:06 2630409                    /usr/lib/x86_64-linux-gnu/libjbig.so.0
7f2f10fba000-7f2f10fbd000 rw-p 0000b000 08:06 2630409                    /usr/lib/x86_64-linux-gnu/libjbig.so.0
7f2f10fbd000-7f2f10fd3000 r-xp 00000000 08:06 2629660                    /usr/lib/x86_64-linux-gnu/libICE.so.6.3.0
7f2f10fd3000-7f2f111d2000 ---p 00016000 08:06 2629660                    /usr/lib/x86_64-linux-gnu/libICE.so.6.3.0
7f2f111d2000-7f2f111d3000 r--p 00015000 08:06 2629660                    /usr/lib/x86_64-linux-gnu/libICE.so.6.3.0
7f2f111d3000-7f2f111d4000 rw-p 00016000 08:06 2629660                    /usr/lib/x86_64-linux-gnu/libICE.so.6.3.0
7f2f111d4000-7f2f111d7000 rw-p 00000000 00:00 0 
7f2f111d7000-7f2f111de000 r-xp 00000000 08:06 2629778                    /usr/lib/x86_64-linux-gnu/libSM.so.6.0.1
7f2f111de000-7f2f113dd000 ---p 00007000 08:06 2629778                    /usr/lib/x86_64-linux-gnu/libSM.so.6.0.1
7f2f113dd000-7f2f113de000 r--p 00006000 08:06 2629778                    /usr/lib/x86_64-linux-gnu/libSM.so.6.0.1
7f2f113de000-7f2f113df000 rw-p 00007000 08:06 2629778                    /usr/lib/x86_64-linux-gnu/libSM.so.6.0.1
7f2f113df000-7f2f113e7000 r-xp 00000000 08:06 2630892                    /usr/lib/x86_64-linux-gnu/libxcb-render.so.0.0.0
7f2f113e7000-7f2f115e6000 ---p 00008000 08:06 2630892                    /usr/lib/x86_64-linux-gnu/libxcb-render.so.0.0.0
7f2f115e6000-7f2f115e7000 r--p 00007000 08:06 2630892                    /usr/lib/x86_64-linux-gnu/libxcb-render.so.0.0.0
7f2f115e7000-7f2f115e8000 rw-p 00008000 08:06 2630892                    /usr/lib/x86_64-linux-gnu/libxcb-render.so.0.0.0
7f2f115e8000-7f2f115ea000 r-xp 00000000 08:06 2630896                    /usr/lib/x86_64-linux-gnu/libxcb-shm.so.0.0.0
7f2f115ea000-7f2f117e9000 ---p 00002000 08:06 2630896                    /usr/lib/x86_64-linux-gnu/libxcb-shm.so.0.0.0
7f2f117e9000-7f2f117ea000 r--p 00001000 08:06 2630896                    /usr/lib/x86_64-linux-gnu/libxcb-shm.so.0.0.0
7f2f117ea000-7f2f117eb000 rw-p 00002000 08:06 2630896                    /usr/lib/x86_64-linux-gnu/libxcb-shm.so.0.0.0
7f2f117eb000-7f2f1188e000 r-xp 00000000 08:06 2630576                    /usr/lib/x86_64-linux-gnu/libpixman-1.so.0.32.4
7f2f1188e000-7f2f11a8e000 ---p 000a3000 08:06 2630576                    /usr/lib/x86_64-linux-gnu/libpixman-1.so.0.32.4
7f2f11a8e000-7f2f11a95000 r--p 000a3000 08:06 2630576                    /usr/lib/x86_64-linux-gnu/libpixman-1.so.0.32.4
7f2f11a95000-7f2f11a96000 rw-p 000aa000 08:06 2630576                    /usr/lib/x86_64-linux-gnu/libpixman-1.so.0.32.4
7f2f11a96000-7f2f11a9d000 r-xp 00000000 08:06 2630086                    /usr/lib/x86_64-linux-gnu/libffi.so.6.0.2
7f2f11a9d000-7f2f11c9c000 ---p 00007000 08:06 2630086                    /usr/lib/x86_64-linux-gnu/libffi.so.6.0.2
7f2f11c9c000-7f2f11c9d000 r--p 00006000 08:06 2630086                    /usr/lib/x86_64-linux-gnu/libffi.so.6.0.2
7f2f11c9d000-7f2f11c9e000 rw-p 00007000 08:06 2630086                    /usr/lib/x86_64-linux-gnu/libffi.so.6.0.2
7f2f11c9e000-7f2f11ca6000 r-xp 00000000 08:06 2630760                    /usr/lib/x86_64-linux-gnu/libthai.so.0.2.0
7f2f11ca6000-7f2f11ea5000 ---p 00008000 08:06 2630760                    /usr/lib/x86_64-linux-gnu/libthai.so.0.2.0
7f2f11ea5000-7f2f11ea6000 r--p 00007000 08:06 2630760                    /usr/lib/x86_64-linux-gnu/libthai.so.0.2.0
7f2f11ea6000-7f2f11ea7000 rw-p 00008000 08:06 2630760                    /usr/lib/x86_64-linux-gnu/libthai.so.0.2.0
7f2f11ea7000-7f2f11eaa000 r-xp 00000000 08:06 2621848                    /usr/lib/x86_64-linux-gnu/libgmodule-2.0.so.0.4200.1
7f2f11eaa000-7f2f120a9000 ---p 00003000 08:06 2621848                    /usr/lib/x86_64-linux-gnu/libgmodule-2.0.so.0.4200.1
7f2f120a9000-7f2f120aa000 r--p 00002000 08:06 2621848                    /usr/lib/x86_64-linux-gnu/libgmodule-2.0.so.0.4200.1
7f2f120aa000-7f2f120ab000 rw-p 00003000 08:06 2621848                    /usr/lib/x86_64-linux-gnu/libgmodule-2.0.so.0.4200.1
7f2f120ab000-7f2f1214d000 r-xp 00000000 08:06 2621625                    /usr/lib/x86_64-linux-gnu/libfreetype.so.6.11.1
7f2f1214d000-7f2f1234c000 ---p 000a2000 08:06 2621625                    /usr/lib/x86_64-linux-gnu/libfreetype.so.6.11.1
7f2f1234c000-7f2f12352000 r--p 000a1000 08:06 2621625                    /usr/lib/x86_64-linux-gnu/libfreetype.so.6.11.1
7f2f12352000-7f2f12353000 rw-p 000a7000 08:06 2621625                    /usr/lib/x86_64-linux-gnu/libfreetype.so.6.11.1
7f2f12353000-7f2f1238e000 r-xp 00000000 08:06 2630100                    /usr/lib/x86_64-linux-gnu/libfontconfig.so.1.8.0
7f2f1238e000-7f2f1258d000 ---p 0003b000 08:06 2630100                    /usr/lib/x86_64-linux-gnu/libfontconfig.so.1.8.0
7f2f1258d000-7f2f1258f000 r--p 0003a000 08:06 2630100                    /usr/lib/x86_64-linux-gnu/libfontconfig.so.1.8.0
7f2f1258f000-7f2f12590000 rw-p 0003c000 08:06 2630100                    /usr/lib/x86_64-linux-gnu/libfontconfig.so.1.8.0
7f2f12590000-7f2f125a4000 r-xp 00000000 08:06 2630555                    /usr/lib/x86_64-linux-gnu/libpangoft2-1.0.so.0.3600.6
7f2f125a4000-7f2f127a4000 ---p 00014000 08:06 2630555                    /usr/lib/x86_64-linux-gnu/libpangoft2-1.0.so.0.3600.6
7f2f127a4000-7f2f127a5000 r--p 00014000 08:06 2630555                    /usr/lib/x86_64-linux-gnu/libpangoft2-1.0.so.0.3600.6
7f2f127a5000-7f2f127a6000 rw-p 00015000 08:06 2630555                    /usr/lib/x86_64-linux-gnu/libpangoft2-1.0.so.0.3600.6
7f2f127a6000-7f2f128b2000 r-xp 00000000 08:06 397332                     /lib/x86_64-linux-gnu/libglib-2.0.so.0.4200.1
7f2f128b2000-7f2f12ab2000 ---p 0010c000 08:06 397332                     /lib/x86_64-linux-gnu/libglib-2.0.so.0.4200.1
7f2f12ab2000-7f2f12ab3000 r--p 0010c000 08:06 397332                     /lib/x86_64-linux-gnu/libglib-2.0.so.0.4200.1
7f2f12ab3000-7f2f12ab4000 rw-p 0010d000 08:06 397332                     /lib/x86_64-linux-gnu/libglib-2.0.so.0.4200.1
7f2f12ab4000-7f2f12ab5000 rw-p 00000000 00:00 0 
7f2f12ab5000-7f2f12af8000 r-xp 00000000 08:06 2630411                    /usr/lib/x86_64-linux-gnu/libjpeg.so.8.0.2
7f2f12af8000-7f2f12cf8000 ---p 00043000 08:06 2630411                    /usr/lib/x86_64-linux-gnu/libjpeg.so.8.0.2
7f2f12cf8000-7f2f12cf9000 r--p 00043000 08:06 2630411                    /usr/lib/x86_64-linux-gnu/libjpeg.so.8.0.2
7f2f12cf9000-7f2f12cfa000 rw-p 00044000 08:06 2630411                    /usr/lib/x86_64-linux-gnu/libjpeg.so.8.0.2
7f2f12cfa000-7f2f12d0a000 rw-p 00000000 00:00 0 
7f2f12d0a000-7f2f12d7a000 r-xp 00000000 08:06 2624969                    /usr/lib/x86_64-linux-gnu/libtiff.so.5.2.0
7f2f12d7a000-7f2f12f79000 ---p 00070000 08:06 2624969                    /usr/lib/x86_64-linux-gnu/libtiff.so.5.2.0
7f2f12f79000-7f2f12f7b000 r--p 0006f000 08:06 2624969                    /usr/lib/x86_64-linux-gnu/libtiff.so.5.2.0
7f2f12f7b000-7f2f12f7e000 rw-p 00071000 08:06 2624969                    /usr/lib/x86_64-linux-gnu/libtiff.so.5.2.0
7f2f12f7e000-7f2f12fdd000 r-xp 00000000 08:06 2629825                    /usr/lib/x86_64-linux-gnu/libXt.so.6.0.0
7f2f12fdd000-7f2f131dd000 ---p 0005f000 08:06 2629825                    /usr/lib/x86_64-linux-gnu/libXt.so.6.0.0
7f2f131dd000-7f2f131de000 r--p 0005f000 08:06 2629825                    /usr/lib/x86_64-linux-gnu/libXt.so.6.0.0
7f2f131de000-7f2f131e3000 rw-p 00060000 08:06 2629825                    /usr/lib/x86_64-linux-gnu/libXt.so.6.0.0
7f2f131e3000-7f2f131e4000 rw-p 00000000 00:00 0 
7f2f131e4000-7f2f132ea000 r-xp 00000000 08:06 2622146                    /usr/lib/x86_64-linux-gnu/libcairo.so.2.11301.0
7f2f132ea000-7f2f134e9000 ---p 00106000 08:06 2622146                    /usr/lib/x86_64-linux-gnu/libcairo.so.2.11301.0
7f2f134e9000-7f2f134ec000 r--p 00105000 08:06 2622146                    /usr/lib/x86_64-linux-gnu/libcairo.so.2.11301.0
7f2f134ec000-7f2f134ed000 rw-p 00108000 08:06 2622146                    /usr/lib/x86_64-linux-gnu/libcairo.so.2.11301.0
7f2f134ed000-7f2f134ef000 rw-p 00000000 00:00 0 
7f2f134ef000-7f2f13514000 r-xp 00000000 08:06 397515                     /lib/x86_64-linux-gnu/libpng12.so.0.51.0
7f2f13514000-7f2f13713000 ---p 00025000 08:06 397515                     /lib/x86_64-linux-gnu/libpng12.so.0.51.0
7f2f13713000-7f2f13714000 r--p 00024000 08:06 397515                     /lib/x86_64-linux-gnu/libpng12.so.0.51.0
7f2f13714000-7f2f13715000 rw-p 00025000 08:06 397515                     /lib/x86_64-linux-gnu/libpng12.so.0.51.0
7f2f13715000-7f2f13765000 r-xp 00000000 08:06 2621827                    /usr/lib/x86_64-linux-gnu/libgobject-2.0.so.0.4200.1
7f2f13765000-7f2f13965000 ---p 00050000 08:06 2621827                    /usr/lib/x86_64-linux-gnu/libgobject-2.0.so.0.4200.1
7f2f13965000-7f2f13966000 r--p 00050000 08:06 2621827                    /usr/lib/x86_64-linux-gnu/libgobject-2.0.so.0.4200.1
7f2f13966000-7f2f13967000 rw-p 00051000 08:06 2621827                    /usr/lib/x86_64-linux-gnu/libgobject-2.0.so.0.4200.1
7f2f13967000-7f2f139b2000 r-xp 00000000 08:06 2630551                    /usr/lib/x86_64-linux-gnu/libpango-1.0.so.0.3600.6
7f2f139b2000-7f2f13bb2000 ---p 0004b000 08:06 2630551                    /usr/lib/x86_64-linux-gnu/libpango-1.0.so.0.3600.6
7f2f13bb2000-7f2f13bb4000 r--p 0004b000 08:06 2630551                    /usr/lib/x86_64-linux-gnu/libpango-1.0.so.0.3600.6
7f2f13bb4000-7f2f13bb5000 rw-p 0004d000 08:06 2630551                    /usr/lib/x86_64-linux-gnu/libpango-1.0.so.0.3600.6
7f2f13bb5000-7f2f13bc1000 r-xp 00000000 08:06 2630553                    /usr/lib/x86_64-linux-gnu/libpangocairo-1.0.so.0.3600.6
7f2f13bc1000-7f2f13dc0000 ---p 0000c000 08:06 2630553                    /usr/lib/x86_64-linux-gnu/libpangocairo-1.0.so.0.3600.6
7f2f13dc0000-7f2f13dc1000 r--p 0000b000 08:06 2630553                    /usr/lib/x86_64-linux-gnu/libpangocairo-1.0.so.0.3600.6
7f2f13dc1000-7f2f13dc2000 rw-p 0000c000 08:06 2630553                    /usr/lib/x86_64-linux-gnu/libpangocairo-1.0.so.0.3600.6
7f2f13dc2000-7f2f13dff000 r-xp 00000000 08:06 2630624                    /usr/lib/x86_64-linux-gnu/libquadmath.so.0.0.0
7f2f13dff000-7f2f13ffe000 ---p 0003d000 08:06 2630624                    /usr/lib/x86_64-linux-gnu/libquadmath.so.0.0.0
7f2f13ffe000-7f2f13fff000 r--p 0003c000 08:06 2630624                    /usr/lib/x86_64-linux-gnu/libquadmath.so.0.0.0
7f2f13fff000-7f2f14000000 rw-p 0003d000 08:06 2630624                    /usr/lib/x86_64-linux-gnu/libquadmath.so.0.0.0
7f2f14000000-7f2f140ee000 rw-p 00000000 00:00 0 
7f2f140ee000-7f2f18000000 ---p 00000000 00:00 0 
7f2f18000000-7f2f182b2000 rw-p 00000000 00:00 0 
7f2f182b2000-7f2f1c000000 ---p 00000000 00:00 0 
7f2f1c000000-7f2f1c029000 rw-p 00000000 00:00 0 
7f2f1c029000-7f2f20000000 ---p 00000000 00:00 0 
7f2f20000000-7f2f20021000 rw-p 00000000 00:00 0 
7f2f20021000-7f2f24000000 ---p 00000000 00:00 0 
7f2f24000000-7f2f24021000 rw-p 00000000 00:00 0 
7f2f24021000-7f2f28000000 ---p 00000000 00:00 0 
7f2f28000000-7f2f28021000 rw-p 00000000 00:00 0 
7f2f28021000-7f2f2c000000 ---p 00000000 00:00 0 
7f2f2c000000-7f2f2c61c000 rw-p 00000000 00:00 0 
7f2f2c61c000-7f2f30000000 ---p 00000000 00:00 0 
7f2f30000000-7f2f30021000 rw-p 00000000 00:00 0 
7f2f30021000-7f2f34000000 ---p 00000000 00:00 0 
7f2f34000000-7f2f35399000 rw-p 00000000 00:00 0 
7f2f35399000-7f2f38000000 ---p 00000000 00:00 0 
7f2f38000000-7f2f3877e000 rw-p 00000000 00:00 0 
7f2f3877e000-7f2f3c000000 ---p 00000000 00:00 0 
7f2f3c000000-7f2f3c021000 rw-p 00000000 00:00 0 
7f2f3c021000-7f2f40000000 ---p 00000000 00:00 0 
7f2f40000000-7f2f40021000 rw-p 00000000 00:00 0 
7f2f40021000-7f2f44000000 ---p 00000000 00:00 0 
7f2f44000000-7f2f44021000 rw-p 00000000 00:00 0 
7f2f44021000-7f2f48000000 ---p 00000000 00:00 0 
7f2f48000000-7f2f48001000 r--s 00000000 08:06 7612908                    /var/cache/fontconfig/8aec10f4cc8391dcef22ca549f1e4354-le64.cache-4
7f2f48001000-7f2f48002000 r--s 00000000 08:06 7612907                    /var/cache/fontconfig/8a687c406b77f27d99abfeeba937fcce-le64.cache-4
7f2f48002000-7f2f48003000 r--s 00000000 08:06 7612901                    /var/cache/fontconfig/ac2cf712d852da827a87a9baf682f5b9-le64.cache-4
7f2f48003000-7f2f48005000 r--s 00000000 08:06 7612899                    /var/cache/fontconfig/65f976e5259cbe6dc7697b8648396239-le64.cache-4
7f2f48005000-7f2f48006000 r--s 00000000 08:06 7612893                    /var/cache/fontconfig/94f7fe9bd33aadfac165873bd010d595-le64.cache-4
7f2f48006000-7f2f48008000 r--s 00000000 08:06 7612892                    /var/cache/fontconfig/423767150eb258c59035de29db6fca84-le64.cache-4
7f2f48008000-7f2f48009000 r--s 00000000 08:06 7612889                    /var/cache/fontconfig/845c20fd2c4814bcec78e05d37a63ccc-le64.cache-4
7f2f48009000-7f2f48014000 r--s 00000000 08:06 7612871                    /var/cache/fontconfig/83bf95040141907cd45bb53cf7c1c148-le64.cache-4
7f2f48014000-7f2f48027000 r--s 00000000 08:06 7612849                    /var/cache/fontconfig/4ac51e5cfbc76fc3f983e470323a16d3-le64.cache-4
7f2f48027000-7f2f4814c000 r-xp 00000000 08:06 2641492                    /usr/lib/x86_64-linux-gnu/libgfortran.so.3.0.0
7f2f4814c000-7f2f4834c000 ---p 00125000 08:06 2641492                    /usr/lib/x86_64-linux-gnu/libgfortran.so.3.0.0
7f2f4834c000-7f2f4834e000 r--p 00125000 08:06 2641492                    /usr/lib/x86_64-linux-gnu/libgfortran.so.3.0.0
7f2f4834e000-7f2f48350000 rw-p 00127000 08:06 2641492                    /usr/lib/x86_64-linux-gnu/libgfortran.so.3.0.0
7f2f48350000-7f2f50000000 rw-p 00000000 00:00 0 
7f2f50000000-7f2f50021000 rw-p 00000000 00:00 0 
7f2f50021000-7f2f54000000 ---p 00000000 00:00 0 
7f2f54000000-7f2f54021000 rw-p 00000000 00:00 0 
7f2f54021000-7f2f58000000 ---p 00000000 00:00 0 
7f2f58000000-7f2f58021000 rw-p 00000000 00:00 0 
7f2f58021000-7f2f5c000000 ---p 00000000 00:00 0 
7f2f5c000000-7f2f5c001000 r--s 00000000 08:06 7612886                    /var/cache/fontconfig/e7de81b01590fb7e12b38e274e17d0db-le64.cache-4
7f2f5c001000-7f2f5c004000 r--s 00000000 08:06 7612874                    /var/cache/fontconfig/75114ca45c98e8a441da0ff356701271-le64.cache-4
7f2f5c004000-7f2f5c00b000 r--s 00000000 08:06 7612863                    /var/cache/fontconfig/53d14c92082a93e67d5078324eb314ca-le64.cache-4
7f2f5c00b000-7f2f5c024000 r-xp 00000000 08:06 2649185                    /usr/lib/R/modules/R_X11.so
7f2f5c024000-7f2f5c223000 ---p 00019000 08:06 2649185                    /usr/lib/R/modules/R_X11.so
7f2f5c223000-7f2f5c224000 r--p 00018000 08:06 2649185                    /usr/lib/R/modules/R_X11.so
7f2f5c224000-7f2f5c22a000 rw-p 00019000 08:06 2649185                    /usr/lib/R/modules/R_X11.so
7f2f5c22a000-7f2f5c236000 rw-p 00000000 00:00 0 
7f2f5c236000-7f2f5c7cf000 r-xp 00000000 08:06 2641495                    /usr/lib/lapack/liblapack.so.3.0
7f2f5c7cf000-7f2f5c9ce000 ---p 00599000 08:06 2641495                    /usr/lib/lapack/liblapack.so.3.0
7f2f5c9ce000-7f2f5c9cf000 r--p 00598000 08:06 2641495                    /usr/lib/lapack/liblapack.so.3.0
7f2f5c9cf000-7f2f5c9d3000 rw-p 00599000 08:06 2641495                    /usr/lib/lapack/liblapack.so.3.0
7f2f5c9d3000-7f2f5ca70000 r-xp 00000000 08:06 2768043                    /usr/lib/R/library/stats/libs/stats.so
7f2f5ca70000-7f2f5cc70000 ---p 0009d000 08:06 2768043                    /usr/lib/R/library/stats/libs/stats.so
7f2f5cc70000-7f2f5cc72000 r--p 0009d000 08:06 2768043                    /usr/lib/R/library/stats/libs/stats.so
7f2f5cc72000-7f2f5cc73000 rw-p 0009f000 08:06 2768043                    /usr/lib/R/library/stats/libs/stats.so
7f2f5cc73000-7f2f5cc74000 rw-p 00000000 00:00 0 
7f2f5cc74000-7f2f5ccb2000 r-xp 00000000 08:06 2767971                    /usr/lib/R/library/graphics/libs/graphics.so
7f2f5ccb2000-7f2f5ceb2000 ---p 0003e000 08:06 2767971                    /usr/lib/R/library/graphics/libs/graphics.so
7f2f5ceb2000-7f2f5ceb3000 r--p 0003e000 08:06 2767971                    /usr/lib/R/library/graphics/libs/graphics.so
7f2f5ceb3000-7f2f5ceb4000 rw-p 0003f000 08:06 2767971                    /usr/lib/R/library/graphics/libs/graphics.so
7f2f5ceb4000-7f2f5cee8000 r-xp 00000000 08:06 2648710                    /usr/lib/R/library/grDevices/libs/grDevices.so
7f2f5cee8000-7f2f5d0e7000 ---p 00034000 08:06 2648710                    /usr/lib/R/library/grDevices/libs/grDevices.so
7f2f5d0e7000-7f2f5d0ec000 r--p 00033000 08:06 2648710                    /usr/lib/R/library/grDevices/libs/grDevices.so
7f2f5d0ec000-7f2f5d0ee000 rw-p 00038000 08:06 2648710                    /usr/lib/R/library/grDevices/libs/grDevices.so
7f2f5d0ee000-7f2f5d0ef000 rw-p 00000000 00:00 0 
7f2f5d0ef000-7f2f5d0f1000 r-xp 00000000 08:06 2891980                    /usr/lib/x86_64-linux-gnu/gconv/ISO8859-1.so
7f2f5d0f1000-7f2f5d2f0000 ---p 00002000 08:06 2891980                    /usr/lib/x86_64-linux-gnu/gconv/ISO8859-1.so
7f2f5d2f0000-7f2f5d2f1000 r--p 00001000 08:06 2891980                    /usr/lib/x86_64-linux-gnu/gconv/ISO8859-1.so
7f2f5d2f1000-7f2f5d2f2000 rw-p 00002000 08:06 2891980                    /usr/lib/x86_64-linux-gnu/gconv/ISO8859-1.so
7f2f5d2f2000-7f2f5d2fa000 r-xp 00000000 08:06 2767859                    /usr/lib/R/library/methods/libs/methods.so
7f2f5d2fa000-7f2f5d4f9000 ---p 00008000 08:06 2767859                    /usr/lib/R/library/methods/libs/methods.so
7f2f5d4f9000-7f2f5d4fa000 r--p 00007000 08:06 2767859                    /usr/lib/R/library/methods/libs/methods.so
7f2f5d4fa000-7f2f5d4fb000 rw-p 00008000 08:06 2767859                    /usr/lib/R/library/methods/libs/methods.so
7f2f5d4fb000-7f2f5d505000 r-xp 00000000 08:06 2767834                    /usr/lib/R/library/utils/libs/utils.so
7f2f5d505000-7f2f5d705000 ---p 0000a000 08:06 2767834                    /usr/lib/R/library/utils/libs/utils.so
7f2f5d705000-7f2f5d706000 r--p 0000a000 08:06 2767834                    /usr/lib/R/library/utils/libs/utils.so
7f2f5d706000-7f2f5d707000 rw-p 0000b000 08:06 2767834                    /usr/lib/R/library/utils/libs/utils.so
7f2f5d707000-7f2f5d708000 rw-p 00000000 00:00 0 
7f2f5d708000-7f2f5d70b000 ---p 00000000 00:00 0 
7f2f5d70b000-7f2f5d809000 rw-p 00000000 00:00 0                          [stack:10634]
7f2f5d809000-7f2f5d82e000 r-xp 00000000 08:06 397548                     /lib/x86_64-linux-gnu/libtinfo.so.5.9
7f2f5d82e000-7f2f5da2d000 ---p 00025000 08:06 397548                     /lib/x86_64-linux-gnu/libtinfo.so.5.9
7f2f5da2d000-7f2f5da31000 r--p 00024000 08:06 397548                     /lib/x86_64-linux-gnu/libtinfo.so.5.9
7f2f5da31000-7f2f5da32000 rw-p 00028000 08:06 397548                     /lib/x86_64-linux-gnu/libtinfo.so.5.9
7f2f5da32000-7f2f5da48000 r-xp 00000000 08:06 2630213                    /usr/lib/x86_64-linux-gnu/libgomp.so.1.0.0
7f2f5da48000-7f2f5dc47000 ---p 00016000 08:06 2630213                    /usr/lib/x86_64-linux-gnu/libgomp.so.1.0.0
7f2f5dc47000-7f2f5dc48000 r--p 00015000 08:06 2630213                    /usr/lib/x86_64-linux-gnu/libgomp.so.1.0.0
7f2f5dc48000-7f2f5dc49000 rw-p 00016000 08:06 2630213                    /usr/lib/x86_64-linux-gnu/libgomp.so.1.0.0
7f2f5dc49000-7f2f5dc61000 r-xp 00000000 08:06 397565                     /lib/x86_64-linux-gnu/libz.so.1.2.8
7f2f5dc61000-7f2f5de60000 ---p 00018000 08:06 397565                     /lib/x86_64-linux-gnu/libz.so.1.2.8
7f2f5de60000-7f2f5de61000 r--p 00017000 08:06 397565                     /lib/x86_64-linux-gnu/libz.so.1.2.8
7f2f5de61000-7f2f5de62000 rw-p 00018000 08:06 397565                     /lib/x86_64-linux-gnu/libz.so.1.2.8
7f2f5de62000-7f2f5de71000 r-xp 00000000 08:06 397393                     /lib/x86_64-linux-gnu/libbz2.so.1.0.4
7f2f5de71000-7f2f5e070000 ---p 0000f000 08:06 397393                     /lib/x86_64-linux-gnu/libbz2.so.1.0.4
7f2f5e070000-7f2f5e071000 r--p 0000e000 08:06 397393                     /lib/x86_64-linux-gnu/libbz2.so.1.0.4
7f2f5e071000-7f2f5e072000 rw-p 0000f000 08:06 397393                     /lib/x86_64-linux-gnu/libbz2.so.1.0.4
7f2f5e072000-7f2f5e093000 r-xp 00000000 08:06 397443                     /lib/x86_64-linux-gnu/liblzma.so.5.0.0
7f2f5e093000-7f2f5e292000 ---p 00021000 08:06 397443                     /lib/x86_64-linux-gnu/liblzma.so.5.0.0
7f2f5e292000-7f2f5e293000 r--p 00020000 08:06 397443                     /lib/x86_64-linux-gnu/liblzma.so.5.0.0
7f2f5e293000-7f2f5e294000 rw-p 00021000 08:06 397443                     /lib/x86_64-linux-gnu/liblzma.so.5.0.0
7f2f5e294000-7f2f5e300000 r-xp 00000000 08:06 397503                     /lib/x86_64-linux-gnu/libpcre.so.3.13.1
7f2f5e300000-7f2f5e4ff000 ---p 0006c000 08:06 397503                     /lib/x86_64-linux-gnu/libpcre.so.3.13.1
7f2f5e4ff000-7f2f5e500000 r--p 0006b000 08:06 397503                     /lib/x86_64-linux-gnu/libpcre.so.3.13.1
7f2f5e500000-7f2f5e501000 rw-p 0006c000 08:06 397503                     /lib/x86_64-linux-gnu/libpcre.so.3.13.1
7f2f5e501000-7f2f5e53e000 r-xp 00000000 08:06 397525                     /lib/x86_64-linux-gnu/libreadline.so.6.3
7f2f5e53e000-7f2f5e73e000 ---p 0003d000 08:06 397525                     /lib/x86_64-linux-gnu/libreadline.so.6.3
7f2f5e73e000-7f2f5e740000 r--p 0003d000 08:06 397525                     /lib/x86_64-linux-gnu/libreadline.so.6.3
7f2f5e740000-7f2f5e746000 rw-p 0003f000 08:06 397525                     /lib/x86_64-linux-gnu/libreadline.so.6.3
7f2f5e746000-7f2f5e747000 rw-p 00000000 00:00 0 
7f2f5e747000-7f2f5e7c6000 r-xp 00000000 08:06 2641490                    /usr/lib/libblas/libblas.so.3.0
7f2f5e7c6000-7f2f5e9c5000 ---p 0007f000 08:06 2641490                    /usr/lib/libblas/libblas.so.3.0
7f2f5e9c5000-7f2f5e9c6000 r--p 0007e000 08:06 2641490                    /usr/lib/libblas/libblas.so.3.0
7f2f5e9c6000-7f2f5e9c7000 rw-p 0007f000 08:06 2641490                    /usr/lib/libblas/libblas.so.3.0
7f2f5e9c7000-7f2f5ebec000 r-xp 00000000 08:06 2648684                    /usr/lib/R/lib/libR.so
7f2f5ebec000-7f2f5edeb000 ---p 00225000 08:06 2648684                    /usr/lib/R/lib/libR.so
7f2f5edeb000-7f2f5edf0000 r--p 00224000 08:06 2648684                    /usr/lib/R/lib/libR.so
7f2f5edf0000-7f2f5edfa000 rw-p 00229000 08:06 2648684                    /usr/lib/R/lib/libR.so
7f2f5edfa000-7f2f5eee5000 rw-p 00000000 00:00 0 
7f2f5eee5000-7f2f5eeee000 r-xp 00000000 08:06 3694044                    /usr/lib/R/site-library/rJava/jri/libjri.so
7f2f5eeee000-7f2f5f0ed000 ---p 00009000 08:06 3694044                    /usr/lib/R/site-library/rJava/jri/libjri.so
7f2f5f0ed000-7f2f5f0ee000 r--p 00008000 08:06 3694044                    /usr/lib/R/site-library/rJava/jri/libjri.so
7f2f5f0ee000-7f2f5f0ef000 rw-p 00009000 08:06 3694044                    /usr/lib/R/site-library/rJava/jri/libjri.so
7f2f5f0ef000-7f2f5f129000 r-xp 00000000 08:06 7999253                    /home/aocampor/jdk1.8.0_45/jre/lib/amd64/libjpeg.so
7f2f5f129000-7f2f5f329000 ---p 0003a000 08:06 7999253                    /home/aocampor/jdk1.8.0_45/jre/lib/amd64/libjpeg.so
7f2f5f329000-7f2f5f32a000 rw-p 0003a000 08:06 7999253                    /home/aocampor/jdk1.8.0_45/jre/lib/amd64/libjpeg.so
7f2f5f32a000-7f2f5f32d000 ---p 00000000 00:00 0 
7f2f5f32d000-7f2f5f62b000 rw-p 00000000 00:00 0 
7f2f5f62b000-7f2f5f655000 r-xp 00000000 08:06 7999257                    /home/aocampor/jdk1.8.0_45/jre/lib/amd64/libdcpr.so
7f2f5f655000-7f2f5f855000 ---p 0002a000 08:06 7999257                    /home/aocampor/jdk1.8.0_45/jre/lib/amd64/libdcpr.so
7f2f5f855000-7f2f5f858000 rw-p 0002a000 08:06 7999257                    /home/aocampor/jdk1.8.0_45/jre/lib/amd64/libdcpr.so
7f2f5f858000-7f2f5f8c1000 r-xp 00000000 08:06 7999268                    /home/aocampor/jdk1.8.0_45/jre/lib/amd64/libt2k.so
7f2f5f8c1000-7f2f5fac0000 ---p 00069000 08:06 7999268                    /home/aocampor/jdk1.8.0_45/jre/lib/amd64/libt2k.so
7f2f5fac0000-7f2f5fac7000 rw-p 00068000 08:06 7999268                    /home/aocampor/jdk1.8.0_45/jre/lib/amd64/libt2k.so
7f2f5fac7000-7f2f5fad7000 rw-p 00000000 00:00 0 
7f2f5fad7000-7f2f5fae8000 r-xp 00000000 08:06 7999266                    /home/aocampor/jdk1.8.0_45/jre/lib/amd64/libnio.so
7f2f5fae8000-7f2f5fce7000 ---p 00011000 08:06 7999266                    /home/aocampor/jdk1.8.0_45/jre/lib/amd64/libnio.so
7f2f5fce7000-7f2f5fce8000 rw-p 00010000 08:06 7999266                    /home/aocampor/jdk1.8.0_45/jre/lib/amd64/libnio.so
7f2f5fce8000-7f2f5fcfe000 r-xp 00000000 08:06 7999267                    /home/aocampor/jdk1.8.0_45/jre/lib/amd64/libnet.so
7f2f5fcfe000-7f2f5fefe000 ---p 00016000 08:06 7999267                    /home/aocampor/jdk1.8.0_45/jre/lib/amd64/libnet.so
7f2f5fefe000-7f2f5feff000 rw-p 00016000 08:06 7999267                    /home/aocampor/jdk1.8.0_45/jre/lib/amd64/libnet.so
7f2f5feff000-7f2f5ff02000 ---p 00000000 00:00 0 
7f2f5ff02000-7f2f60000000 rw-p 00000000 00:00 0 
7f2f60000000-7f2f60021000 rw-p 00000000 00:00 0 
7f2f60021000-7f2f64000000 ---p 00000000 00:00 0 
7f2f64000000-7f2f64002000 r--s 00000000 08:06 7612881                    /var/cache/fontconfig/67709b7835c0f764c1135060c9575660-le64.cache-4
7f2f64002000-7f2f64006000 r--s 00000000 08:06 7612862                    /var/cache/fontconfig/6c08beecf0dac481ec92e759e0c2e6d7-le64.cache-4
7f2f64006000-7f2f6400a000 r--s 00000000 08:06 7612859                    /var/cache/fontconfig/4d6aee6d44eccb37054d3216e945f618-le64.cache-4
7f2f6400a000-7f2f6400e000 r--s 00000000 08:06 7612853                    /var/cache/fontconfig/d6c6df98c3df5faf9bd0f8ef4d91efe5-le64.cache-4
7f2f6400e000-7f2f64012000 r--s 00000000 08:06 7612852                    /var/cache/fontconfig/9fb319ef52839f11ee26ab8b4cffa12b-le64.cache-4
7f2f64012000-7f2f64029000 r--s 00000000 08:06 7612834                    /var/cache/fontconfig/e13b20fdb08344e0e664864cc2ede53d-le64.cache-4
7f2f64029000-7f2f64047000 r--s 00000000 08:06 7612770                    /var/cache/fontconfig/467c019e582ee353435ea5c21d137ef6-le64.cache-4
7f2f64047000-7f2f6404a000 ---p 00000000 00:00 0 
7f2f6404a000-7f2f64348000 rw-p 00000000 00:00 0 
7f2f64348000-7f2f6434b000 ---p 00000000 00:00 0 
7f2f6434b000-7f2f64449000 rw-p 00000000 00:00 0                          [stack:10618]
7f2f64449000-7f2f6444e000 r-xp 00000000 08:06 2629801                    /usr/lib/x86_64-linux-gnu/libXfixes.so.3.1.0
7f2f6444e000-7f2f6464d000 ---p 00005000 08:06 2629801                    /usr/lib/x86_64-linux-gnu/libXfixes.so.3.1.0
7f2f6464d000-7f2f6464e000 r--p 00004000 08:06 2629801                    /usr/lib/x86_64-linux-gnu/libXfixes.so.3.1.0
7f2f6464e000-7f2f6464f000 rw-p 00005000 08:06 2629801                    /usr/lib/x86_64-linux-gnu/libXfixes.so.3.1.0
7f2f6464f000-7f2f64658000 r-xp 00000000 08:06 2629793                    /usr/lib/x86_64-linux-gnu/libXcursor.so.1.0.2
7f2f64658000-7f2f64857000 ---p 00009000 08:06 2629793                    /usr/lib/x86_64-linux-gnu/libXcursor.so.1.0.2
7f2f64857000-7f2f64858000 r--p 00008000 08:06 2629793                    /usr/lib/x86_64-linux-gnu/libXcursor.so.1.0.2
7f2f64858000-7f2f64859000 rw-p 00009000 08:06 2629793                    /usr/lib/x86_64-linux-gnu/libXcursor.so.1.0.2
7f2f64859000-7f2f6485c000 ---p 00000000 00:00 0 
7f2f6485c000-7f2f6495a000 rw-p 00000000 00:00 0                          [stack:10617]
7f2f6495a000-7f2f64970000 r-xp 00000000 08:06 397421                     /lib/x86_64-linux-gnu/libgcc_s.so.1
7f2f64970000-7f2f64b6f000 ---p 00016000 08:06 397421                     /lib/x86_64-linux-gnu/libgcc_s.so.1
7f2f64b6f000-7f2f64b70000 r--p 00015000 08:06 397421                     /lib/x86_64-linux-gnu/libgcc_s.so.1
7f2f64b70000-7f2f64b71000 rw-p 00016000 08:06 397421                     /lib/x86_64-linux-gnu/libgcc_s.so.1
7f2f64b71000-7f2f64bd6000 r-xp 00000000 08:06 7999218                    /home/aocampor/jdk1.8.0_45/jre/lib/amd64/libfontmanager.so
7f2f64bd6000-7f2f64dd5000 ---p 00065000 08:06 7999218                    /home/aocampor/jdk1.8.0_45/jre/lib/amd64/libfontmanager.so
7f2f64dd5000-7f2f64dda000 rw-p 00064000 08:06 7999218                    /home/aocampor/jdk1.8.0_45/jre/lib/amd64/libfontmanager.so
7f2f64dda000-7f2f64dea000 rw-p 00000000 00:00 0 
7f2f64dea000-7f2f64def000 r-xp 00000000 08:06 2629797                    /usr/lib/x86_64-linux-gnu/libXdmcp.so.6.0.0
7f2f64def000-7f2f64fee000 ---p 00005000 08:06 2629797                    /usr/lib/x86_64-linux-gnu/libXdmcp.so.6.0.0
7f2f64fee000-7f2f64fef000 r--p 00004000 08:06 2629797                    /usr/lib/x86_64-linux-gnu/libXdmcp.so.6.0.0
7f2f64fef000-7f2f64ff0000 rw-p 00005000 08:06 2629797                    /usr/lib/x86_64-linux-gnu/libXdmcp.so.6.0.0
7f2f64ff0000-7f2f64ff2000 r-xp 00000000 08:06 2629786                    /usr/lib/x86_64-linux-gnu/libXau.so.6.0.0
7f2f64ff2000-7f2f651f2000 ---p 00002000 08:06 2629786                    /usr/lib/x86_64-linux-gnu/libXau.so.6.0.0
7f2f651f2000-7f2f651f3000 r--p 00002000 08:06 2629786                    /usr/lib/x86_64-linux-gnu/libXau.so.6.0.0
7f2f651f3000-7f2f651f4000 rw-p 00003000 08:06 2629786                    /usr/lib/x86_64-linux-gnu/libXau.so.6.0.0
7f2f651f4000-7f2f65211000 r-xp 00000000 08:06 2630906                    /usr/lib/x86_64-linux-gnu/libxcb.so.1.1.0
7f2f65211000-7f2f65411000 ---p 0001d000 08:06 2630906                    /usr/lib/x86_64-linux-gnu/libxcb.so.1.1.0
7f2f65411000-7f2f65412000 r--p 0001d000 08:06 2630906                    /usr/lib/x86_64-linux-gnu/libxcb.so.1.1.0
7f2f65412000-7f2f65413000 rw-p 0001e000 08:06 2630906                    /usr/lib/x86_64-linux-gnu/libxcb.so.1.1.0
7f2f65413000-7f2f65422000 r-xp 00000000 08:06 2629807                    /usr/lib/x86_64-linux-gnu/libXi.so.6.1.0
7f2f65422000-7f2f65621000 ---p 0000f000 08:06 2629807                    /usr/lib/x86_64-linux-gnu/libXi.so.6.1.0
7f2f65621000-7f2f65622000 r--p 0000e000 08:06 2629807                    /usr/lib/x86_64-linux-gnu/libXi.so.6.1.0
7f2f65622000-7f2f65623000 rw-p 0000f000 08:06 2629807                    /usr/lib/x86_64-linux-gnu/libXi.so.6.1.0
7f2f65623000-7f2f65628000 r-xp 00000000 08:06 2629827                    /usr/lib/x86_64-linux-gnu/libXtst.so.6.1.0
7f2f65628000-7f2f65827000 ---p 00005000 08:06 2629827                    /usr/lib/x86_64-linux-gnu/libXtst.so.6.1.0
7f2f65827000-7f2f65828000 r--p 00004000 08:06 2629827                    /usr/lib/x86_64-linux-gnu/libXtst.so.6.1.0
7f2f65828000-7f2f65829000 rw-p 00005000 08:06 2629827                    /usr/lib/x86_64-linux-gnu/libXtst.so.6.1.0
7f2f65829000-7f2f65832000 r-xp 00000000 08:06 2624746                    /usr/lib/x86_64-linux-gnu/libXrender.so.1.3.0
7f2f65832000-7f2f65a31000 ---p 00009000 08:06 2624746                    /usr/lib/x86_64-linux-gnu/libXrender.so.1.3.0
7f2f65a31000-7f2f65a32000 r--p 00008000 08:06 2624746                    /usr/lib/x86_64-linux-gnu/libXrender.so.1.3.0
7f2f65a32000-7f2f65a33000 rw-p 00009000 08:06 2624746                    /usr/lib/x86_64-linux-gnu/libXrender.so.1.3.0
7f2f65a33000-7f2f65b66000 r-xp 00000000 08:06 2629782                    /usr/lib/x86_64-linux-gnu/libX11.so.6.3.0
7f2f65b66000-7f2f65d66000 ---p 00133000 08:06 2629782                    /usr/lib/x86_64-linux-gnu/libX11.so.6.3.0
7f2f65d66000-7f2f65d67000 r--p 00133000 08:06 2629782                    /usr/lib/x86_64-linux-gnu/libX11.so.6.3.0
7f2f65d67000-7f2f65d6b000 rw-p 00134000 08:06 2629782                    /usr/lib/x86_64-linux-gnu/libX11.so.6.3.0
7f2f65d6b000-7f2f65d6c000 rw-p 00000000 00:00 0 
7f2f65d6c000-7f2f65d7d000 r-xp 00000000 08:06 2624742                    /usr/lib/x86_64-linux-gnu/libXext.so.6.4.0
7f2f65d7d000-7f2f65f7c000 ---p 00011000 08:06 2624742                    /usr/lib/x86_64-linux-gnu/libXext.so.6.4.0
7f2f65f7c000-7f2f65f7d000 r--p 00010000 08:06 2624742                    /usr/lib/x86_64-linux-gnu/libXext.so.6.4.0
7f2f65f7d000-7f2f65f7e000 rw-p 00011000 08:06 2624742                    /usr/lib/x86_64-linux-gnu/libXext.so.6.4.0
7f2f65f7e000-7f2f65f7f000 r--s 00000000 08:06 7612884                    /var/cache/fontconfig/406a1d2d2bf3ed7664fbadefac0b2f66-le64.cache-4
7f2f65f7f000-7f2f65f80000 r--s 00000000 08:06 7602350                    /var/cache/fontconfig/0c9eb80ebd1c36541ebe2852d3bb0c49-le64.cache-4
7f2f65f80000-7f2f65f83000 r--s 00000000 08:06 7612846                    /var/cache/fontconfig/c19b55eb3b4c5b40ea175e31682068a5-le64.cache-4
7f2f65f83000-7f2f65f9f000 r--s 00393000 08:06 271927                     /home/aocampor/jdk1.8.0_45/jre/lib/ext/cldrdata.jar
7f2f65f9f000-7f2f65ff3000 r-xp 00000000 08:06 7999230                    /home/aocampor/jdk1.8.0_45/jre/lib/amd64/libawt_xawt.so
7f2f65ff3000-7f2f661f3000 ---p 00054000 08:06 7999230                    /home/aocampor/jdk1.8.0_45/jre/lib/amd64/libawt_xawt.so
7f2f661f3000-7f2f661f7000 rw-p 00054000 08:06 7999230                    /home/aocampor/jdk1.8.0_45/jre/lib/amd64/libawt_xawt.so
7f2f661f7000-7f2f661f8000 rw-p 00000000 00:00 0 
7f2f661f8000-7f2f6629a000 r-xp 00000000 08:06 7999269                    /home/aocampor/jdk1.8.0_45/jre/lib/amd64/libawt.so
7f2f6629a000-7f2f6649a000 ---p 000a2000 08:06 7999269                    /home/aocampor/jdk1.8.0_45/jre/lib/amd64/libawt.so
7f2f6649a000-7f2f664a6000 rw-p 000a2000 08:06 7999269                    /home/aocampor/jdk1.8.0_45/jre/lib/amd64/libawt.so
7f2f664a6000-7f2f664ca000 rw-p 00000000 00:00 0 
7f2f664ca000-7f2f664cb000 ---p 00000000 00:00 0 
7f2f664cb000-7f2f665cb000 rw-p 00000000 00:00 0                          [stack:10616]
7f2f665cb000-7f2f665ce000 ---p 00000000 00:00 0 
7f2f665ce000-7f2f666cc000 rw-p 00000000 00:00 0                          [stack:10615]
7f2f666cc000-7f2f666cf000 ---p 00000000 00:00 0 
7f2f666cf000-7f2f667cd000 rw-p 00000000 00:00 0                          [stack:10614]
7f2f667cd000-7f2f667d0000 ---p 00000000 00:00 0 
7f2f667d0000-7f2f668ce000 rw-p 00000000 00:00 0                          [stack:10613]
7f2f668ce000-7f2f668d1000 ---p 00000000 00:00 0 
7f2f668d1000-7f2f669cf000 rw-p 00000000 00:00 0                          [stack:10612]
7f2f669cf000-7f2f669d2000 ---p 00000000 00:00 0 
7f2f669d2000-7f2f66ad0000 rw-p 00000000 00:00 0                          [stack:10611]
7f2f66ad0000-7f2f671f2000 r--p 00000000 08:06 2628838                    /usr/lib/locale/locale-archive
7f2f671f2000-7f2f671f5000 ---p 00000000 00:00 0 
7f2f671f5000-7f2f672f3000 rw-p 00000000 00:00 0                          [stack:10610]
7f2f672f3000-7f2f672f6000 ---p 00000000 00:00 0 
7f2f672f6000-7f2f673f4000 rw-p 00000000 00:00 0                          [stack:10609]
7f2f673f4000-7f2f673f5000 ---p 00000000 00:00 0 
7f2f673f5000-7f2f68000000 rw-p 00000000 00:00 0                          [stack:10608]
7f2f68000000-7f2f68021000 rw-p 00000000 00:00 0 
7f2f68021000-7f2f6c000000 ---p 00000000 00:00 0 
7f2f6c000000-7f2f6c002000 r--s 00000000 08:06 7612869                    /var/cache/fontconfig/6e6b34ae150a7ad95e82fb4a522f0bda-le64.cache-4
7f2f6c002000-7f2f6c007000 r--s 00000000 08:06 7612841                    /var/cache/fontconfig/3629f2adf904f9a612908891fae71ceb-le64.cache-4
7f2f6c007000-7f2f6c014000 r--s 00000000 08:06 7602531                    /var/cache/fontconfig/8f02d4cb045bd6ce15663e43f347c9f8-le64.cache-4
7f2f6c014000-7f2f6d000000 rw-p 00000000 00:00 0 
7f2f6d000000-7f2f6d4d0000 rwxp 00000000 00:00 0 
7f2f6d4d0000-7f2f7c000000 ---p 00000000 00:00 0 
7f2f7c000000-7f2f7c6d4000 rw-p 00000000 00:00 0 
7f2f7c6d4000-7f2f80000000 ---p 00000000 00:00 0 
7f2f80000000-7f2f80001000 r--s 00000000 08:06 7612866                    /var/cache/fontconfig/3334a778d104e76d188e9df399bc24d2-le64.cache-4
7f2f80001000-7f2f80006000 r--s 00000000 08:06 7607383                    /var/cache/fontconfig/7ef2298fde41cc6eeb7af42e48b7d293-le64.cache-4
7f2f80006000-7f2f8000d000 r--s 00000000 08:06 2892062                    /usr/lib/x86_64-linux-gnu/gconv/gconv-modules.cache
7f2f8000d000-7f2f804e4000 rw-p 00000000 00:00 0 
7f2f804e4000-7f2f806bd000 r--s 03d09000 08:06 7742604                    /home/aocampor/jdk1.8.0_45/jre/lib/rt.jar
7f2f806bd000-7f2f80733000 rw-p 00000000 00:00 0 
7f2f80733000-7f2f80734000 ---p 00000000 00:00 0 
7f2f80734000-7f2f80834000 rw-p 00000000 00:00 0                          [stack:10607]
7f2f80834000-7f2f80835000 ---p 00000000 00:00 0 
7f2f80835000-7f2f80935000 rw-p 00000000 00:00 0                          [stack:10606]
7f2f80935000-7f2f80936000 ---p 00000000 00:00 0 
7f2f80936000-7f2f80a36000 rw-p 00000000 00:00 0                          [stack:10605]
7f2f80a36000-7f2f80a37000 ---p 00000000 00:00 0 
7f2f80a37000-7f2f80cca000 rw-p 00000000 00:00 0                          [stack:10604]
7f2f80cca000-7f2f81069000 ---p 00000000 00:00 0 
7f2f81069000-7f2f811fc000 rw-p 00000000 00:00 0 
7f2f811fc000-7f2f8159b000 ---p 00000000 00:00 0 
7f2f8159b000-7f2f817c1000 rw-p 00000000 00:00 0 
7f2f817c1000-7f2f81834000 ---p 00000000 00:00 0 
7f2f81834000-7f2f81849000 rw-p 00000000 00:00 0 
7f2f81849000-7f2f81bf5000 ---p 00000000 00:00 0 
7f2f81bf5000-7f2f81c0f000 r-xp 00000000 08:06 7999265                    /home/aocampor/jdk1.8.0_45/jre/lib/amd64/libzip.so
7f2f81c0f000-7f2f81e0f000 ---p 0001a000 08:06 7999265                    /home/aocampor/jdk1.8.0_45/jre/lib/amd64/libzip.so
7f2f81e0f000-7f2f81e10000 rw-p 0001a000 08:06 7999265                    /home/aocampor/jdk1.8.0_45/jre/lib/amd64/libzip.so
7f2f81e10000-7f2f81e1b000 r-xp 00000000 08:06 397474                     /lib/x86_64-linux-gnu/libnss_files-2.19.so
7f2f81e1b000-7f2f8201a000 ---p 0000b000 08:06 397474                     /lib/x86_64-linux-gnu/libnss_files-2.19.so
7f2f8201a000-7f2f8201b000 r--p 0000a000 08:06 397474                     /lib/x86_64-linux-gnu/libnss_files-2.19.so
7f2f8201b000-7f2f8201c000 rw-p 0000b000 08:06 397474                     /lib/x86_64-linux-gnu/libnss_files-2.19.so
7f2f8201c000-7f2f82027000 r-xp 00000000 08:06 397476                     /lib/x86_64-linux-gnu/libnss_nis-2.19.so
7f2f82027000-7f2f82226000 ---p 0000b000 08:06 397476                     /lib/x86_64-linux-gnu/libnss_nis-2.19.so
7f2f82226000-7f2f82227000 r--p 0000a000 08:06 397476                     /lib/x86_64-linux-gnu/libnss_nis-2.19.so
7f2f82227000-7f2f82228000 rw-p 0000b000 08:06 397476                     /lib/x86_64-linux-gnu/libnss_nis-2.19.so
7f2f82228000-7f2f8223f000 r-xp 00000000 08:06 397365                     /lib/x86_64-linux-gnu/libnsl-2.19.so
7f2f8223f000-7f2f8243e000 ---p 00017000 08:06 397365                     /lib/x86_64-linux-gnu/libnsl-2.19.so
7f2f8243e000-7f2f8243f000 r--p 00016000 08:06 397365                     /lib/x86_64-linux-gnu/libnsl-2.19.so
7f2f8243f000-7f2f82440000 rw-p 00017000 08:06 397365                     /lib/x86_64-linux-gnu/libnsl-2.19.so
7f2f82440000-7f2f82442000 rw-p 00000000 00:00 0 
7f2f82442000-7f2f8244b000 r-xp 00000000 08:06 397370                     /lib/x86_64-linux-gnu/libnss_compat-2.19.so
7f2f8244b000-7f2f8264a000 ---p 00009000 08:06 397370                     /lib/x86_64-linux-gnu/libnss_compat-2.19.so
7f2f8264a000-7f2f8264b000 r--p 00008000 08:06 397370                     /lib/x86_64-linux-gnu/libnss_compat-2.19.so
7f2f8264b000-7f2f8264c000 rw-p 00009000 08:06 397370                     /lib/x86_64-linux-gnu/libnss_compat-2.19.so
7f2f8264c000-7f2f82676000 r-xp 00000000 08:06 7999259                    /home/aocampor/jdk1.8.0_45/jre/lib/amd64/libjava.so
7f2f82676000-7f2f82876000 ---p 0002a000 08:06 7999259                    /home/aocampor/jdk1.8.0_45/jre/lib/amd64/libjava.so
7f2f82876000-7f2f82878000 rw-p 0002a000 08:06 7999259                    /home/aocampor/jdk1.8.0_45/jre/lib/amd64/libjava.so
7f2f82878000-7f2f82885000 r-xp 00000000 08:06 7999242                    /home/aocampor/jdk1.8.0_45/jre/lib/amd64/libverify.so
7f2f82885000-7f2f82a85000 ---p 0000d000 08:06 7999242                    /home/aocampor/jdk1.8.0_45/jre/lib/amd64/libverify.so
7f2f82a85000-7f2f82a87000 rw-p 0000d000 08:06 7999242                    /home/aocampor/jdk1.8.0_45/jre/lib/amd64/libverify.so
7f2f82a87000-7f2f82a8e000 r-xp 00000000 08:06 397483                     /lib/x86_64-linux-gnu/librt-2.19.so
7f2f82a8e000-7f2f82c8d000 ---p 00007000 08:06 397483                     /lib/x86_64-linux-gnu/librt-2.19.so
7f2f82c8d000-7f2f82c8e000 r--p 00006000 08:06 397483                     /lib/x86_64-linux-gnu/librt-2.19.so
7f2f82c8e000-7f2f82c8f000 rw-p 00007000 08:06 397483                     /lib/x86_64-linux-gnu/librt-2.19.so
7f2f82c8f000-7f2f82d94000 r-xp 00000000 08:06 397357                     /lib/x86_64-linux-gnu/libm-2.19.so
7f2f82d94000-7f2f82f93000 ---p 00105000 08:06 397357                     /lib/x86_64-linux-gnu/libm-2.19.so
7f2f82f93000-7f2f82f94000 r--p 00104000 08:06 397357                     /lib/x86_64-linux-gnu/libm-2.19.so
7f2f82f94000-7f2f82f95000 rw-p 00105000 08:06 397357                     /lib/x86_64-linux-gnu/libm-2.19.so
7f2f82f95000-7f2f83c43000 r-xp 00000000 08:06 271889                     /home/aocampor/jdk1.8.0_45/jre/lib/amd64/server/libjvm.so
7f2f83c43000-7f2f83e42000 ---p 00cae000 08:06 271889                     /home/aocampor/jdk1.8.0_45/jre/lib/amd64/server/libjvm.so
7f2f83e42000-7f2f83f19000 rw-p 00cad000 08:06 271889                     /home/aocampor/jdk1.8.0_45/jre/lib/amd64/server/libjvm.so
7f2f83f19000-7f2f83f5d000 rw-p 00000000 00:00 0 
7f2f83f5d000-7f2f84117000 r-xp 00000000 08:06 397475                     /lib/x86_64-linux-gnu/libc-2.19.so
7f2f84117000-7f2f84316000 ---p 001ba000 08:06 397475                     /lib/x86_64-linux-gnu/libc-2.19.so
7f2f84316000-7f2f8431a000 r--p 001b9000 08:06 397475                     /lib/x86_64-linux-gnu/libc-2.19.so
7f2f8431a000-7f2f8431c000 rw-p 001bd000 08:06 397475                     /lib/x86_64-linux-gnu/libc-2.19.so
7f2f8431c000-7f2f84321000 rw-p 00000000 00:00 0 
7f2f84321000-7f2f84324000 r-xp 00000000 08:06 397404                     /lib/x86_64-linux-gnu/libdl-2.19.so
7f2f84324000-7f2f84523000 ---p 00003000 08:06 397404                     /lib/x86_64-linux-gnu/libdl-2.19.so
7f2f84523000-7f2f84524000 r--p 00002000 08:06 397404                     /lib/x86_64-linux-gnu/libdl-2.19.so
7f2f84524000-7f2f84525000 rw-p 00003000 08:06 397404                     /lib/x86_64-linux-gnu/libdl-2.19.so
7f2f84525000-7f2f8453a000 r-xp 00000000 08:06 271947                     /home/aocampor/jdk1.8.0_45/lib/amd64/jli/libjli.so
7f2f8453a000-7f2f8473a000 ---p 00015000 08:06 271947                     /home/aocampor/jdk1.8.0_45/lib/amd64/jli/libjli.so
7f2f8473a000-7f2f8473b000 rw-p 00015000 08:06 271947                     /home/aocampor/jdk1.8.0_45/lib/amd64/jli/libjli.so
7f2f8473b000-7f2f84754000 r-xp 00000000 08:06 397406                     /lib/x86_64-linux-gnu/libpthread-2.19.so
7f2f84754000-7f2f84953000 ---p 00019000 08:06 397406                     /lib/x86_64-linux-gnu/libpthread-2.19.so
7f2f84953000-7f2f84954000 r--p 00018000 08:06 397406                     /lib/x86_64-linux-gnu/libpthread-2.19.so
7f2f84954000-7f2f84955000 rw-p 00019000 08:06 397406                     /lib/x86_64-linux-gnu/libpthread-2.19.so
7f2f84955000-7f2f84959000 rw-p 00000000 00:00 0 
7f2f84959000-7f2f8497c000 r-xp 00000000 08:06 397467                     /lib/x86_64-linux-gnu/ld-2.19.so
7f2f8497c000-7f2f8497d000 r--s 00000000 08:06 7612844                    /var/cache/fontconfig/c277e94e32b20404286a1ddafa5a80f0-le64.cache-4
7f2f8497d000-7f2f84980000 r--s 00000000 08:06 7612835                    /var/cache/fontconfig/de83a0a961185c8bd1f159015d56c039-le64.cache-4
7f2f84980000-7f2f84982000 r--s 00000000 08:06 7602627                    /var/cache/fontconfig/16326683038b281783a0ef8c680e3a10-le64.cache-4
7f2f84982000-7f2f84a53000 rw-p 00000000 00:00 0 
7f2f84a53000-7f2f84a56000 ---p 00000000 00:00 0 
7f2f84a56000-7f2f84b58000 rw-p 00000000 00:00 0                          [stack:10603]
7f2f84b58000-7f2f84b59000 r--s 00000000 08:06 7612812                    /var/cache/fontconfig/e0aa53bcfa504e64f87823c16bc01eb6-le64.cache-4
7f2f84b59000-7f2f84b5a000 r--p 00000000 08:06 2649164                    /usr/lib/R/library/translations/en/LC_MESSAGES/R.mo
7f2f84b5a000-7f2f84b5b000 r--s 00010000 08:06 7484277                    /home/aocampor/.m2/repository/org/nuiton/thirdparty/JRI/0.8-4/JRI-0.8-4.jar
7f2f84b5b000-7f2f84b66000 r--s 00116000 08:06 271913                     /home/aocampor/jdk1.8.0_45/jre/lib/ext/localedata.jar
7f2f84b66000-7f2f84b6f000 r--s 001ce000 08:06 7080378                    /home/aocampor/.m2/repository/net/imagej/ij/1.49m/ij-1.49m.jar
7f2f84b6f000-7f2f84b77000 rw-s 00000000 08:06 792219                     /tmp/hsperfdata_aocampor/10599
7f2f84b77000-7f2f84b78000 rw-p 00000000 00:00 0 
7f2f84b78000-7f2f84b79000 r--p 00000000 00:00 0 
7f2f84b79000-7f2f84b7b000 rw-p 00000000 00:00 0 
7f2f84b7b000-7f2f84b7c000 r--p 00022000 08:06 397467                     /lib/x86_64-linux-gnu/ld-2.19.so
7f2f84b7c000-7f2f84b7d000 rw-p 00023000 08:06 397467                     /lib/x86_64-linux-gnu/ld-2.19.so
7f2f84b7d000-7f2f84b7e000 rw-p 00000000 00:00 0 
7ffd14dc7000-7ffd14de9000 rw-p 00000000 00:00 0                          [stack]
7ffd14df8000-7ffd14dfa000 r-xp 00000000 00:00 0                          [vdso]
7ffd14dfa000-7ffd14dfc000 r--p 00000000 00:00 0                          [vvar]
ffffffffff600000-ffffffffff601000 r-xp 00000000 00:00 0                  [vsyscall]

VM Arguments:
jvm_args: -Djava.library.path=/usr/lib/R/site-library/rJava/jri -Denforcer.skip=true 
java_command: Diabetic_Retinopathy
java_class_path (initial): /home/aocampor/NetBeansProjects/Diabetic/target/classes:/home/aocampor/.m2/repository/net/imagej/ij/1.49m/ij-1.49m.jar:/home/aocampor/.m2/repository/org/nuiton/thirdparty/JRI/0.8-4/JRI-0.8-4.jar
Launcher Type: SUN_STANDARD

Environment Variables:
JAVA_HOME=/home/aocampor/jdk1.8.0_45
PATH=/home/aocampor/ROOT/root/bin:/usr/local/sbin:/usr/local/bin:/usr/sbin:/usr/bin:/sbin:/bin:/usr/games:/usr/local/games:/home/aocampor/Dropbox/Android/android-sdk-linux/tools:/home/aocampor/Dropbox/Android/android-sdk-linux/platform-tools:/home/aocampor/Dropbox/Android/android-studio/bin/:/usr/local/bin:/home/aocampor/Fiji.app
LD_LIBRARY_PATH=/home/aocampor/jdk1.8.0_45/jre/lib/amd64:/home/aocampor/jdk1.8.0_45/jre/lib/i386:/home/aocampor/ROOT/root/lib
SHELL=/bin/bash
DISPLAY=:0
DYLD_LIBRARY_PATH=/home/aocampor/ROOT/root/lib

Signal Handlers:
SIGSEGV: [libjvm.so+0xaad1e0], sa_mask[0]=11111111011111111101111111111110, sa_flags=SA_RESTART|SA_SIGINFO
SIGBUS: [libjvm.so+0xaad1e0], sa_mask[0]=11111111011111111101111111111110, sa_flags=SA_RESTART|SA_SIGINFO
SIGFPE: [libjvm.so+0x90b450], sa_mask[0]=11111111011111111101111111111110, sa_flags=SA_RESTART|SA_SIGINFO
SIGPIPE: [libjvm.so+0x90b450], sa_mask[0]=11111111011111111101111111111110, sa_flags=SA_RESTART|SA_SIGINFO
SIGXFSZ: [libjvm.so+0x90b450], sa_mask[0]=11111111011111111101111111111110, sa_flags=SA_RESTART|SA_SIGINFO
SIGILL: [libjvm.so+0x90b450], sa_mask[0]=11111111011111111101111111111110, sa_flags=SA_RESTART|SA_SIGINFO
SIGUSR1: SIG_DFL, sa_mask[0]=00000000000000000000000000000000, sa_flags=none
SIGUSR2: [libjvm.so+0x90ca90], sa_mask[0]=00100000000000000000000000000000, sa_flags=SA_RESTART|SA_SIGINFO
SIGHUP: [libjvm.so+0x90dde0], sa_mask[0]=11111111011111111101111111111110, sa_flags=SA_RESTART|SA_SIGINFO
SIGINT: SIG_IGN, sa_mask[0]=00000000000000000000000000000000, sa_flags=none
SIGTERM: [libjvm.so+0x90dde0], sa_mask[0]=11111111011111111101111111111110, sa_flags=SA_RESTART|SA_SIGINFO
SIGQUIT: [libjvm.so+0x90dde0], sa_mask[0]=11111111011111111101111111111110, sa_flags=SA_RESTART|SA_SIGINFO


---------------  S Y S T E M  ---------------

OS:DISTRIB_ID=Ubuntu
DISTRIB_RELEASE=14.10
DISTRIB_CODENAME=utopic
DISTRIB_DESCRIPTION="Ubuntu 14.10"

uname:Linux 3.16.0-34-generic #45-Ubuntu SMP Mon Mar 23 17:21:27 UTC 2015 x86_64
libc:glibc 2.19 NPTL 2.19 
rlimit: STACK 8192k, CORE 0k, NPROC 63730, NOFILE 4096, AS infinity
load average:1,66 1,76 1,74

/proc/meminfo:
MemTotal:       16337252 kB
MemFree:         5921924 kB
MemAvailable:    9469376 kB
Buffers:         1028696 kB
Cached:          3457676 kB
SwapCached:            0 kB
Active:          7322672 kB
Inactive:        2663236 kB
Active(anon):    5502368 kB
Inactive(anon):   844928 kB
Active(file):    1820304 kB
Inactive(file):  1818308 kB
Unevictable:          96 kB
Mlocked:              96 kB
SwapTotal:      16678908 kB
SwapFree:       16678908 kB
Dirty:               348 kB
Writeback:             0 kB
AnonPages:       5499804 kB
Mapped:           726924 kB
Shmem:            847592 kB
Slab:             228052 kB
SReclaimable:     155564 kB
SUnreclaim:        72488 kB
KernelStack:       10480 kB
PageTables:        44760 kB
NFS_Unstable:          0 kB
Bounce:                0 kB
WritebackTmp:          0 kB
CommitLimit:    24847532 kB
Committed_AS:   11436184 kB
VmallocTotal:   34359738367 kB
VmallocUsed:      430220 kB
VmallocChunk:   34359282732 kB
HardwareCorrupted:     0 kB
AnonHugePages:   4450304 kB
HugePages_Total:       0
HugePages_Free:        0
HugePages_Rsvd:        0
HugePages_Surp:        0
Hugepagesize:       2048 kB
DirectMap4k:      124620 kB
DirectMap2M:    10264576 kB
DirectMap1G:     6291456 kB


CPU:total 4 (2 cores per cpu, 2 threads per core) family 6 model 69 stepping 1, cmov, cx8, fxsr, mmx, sse, sse2, sse3, ssse3, sse4.1, sse4.2, popcnt, avx, avx2, aes, clmul, erms, lzcnt, ht, tsc, tscinvbit, bmi1, bmi2

/proc/cpuinfo:
processor	: 0
vendor_id	: GenuineIntel
cpu family	: 6
model		: 69
model name	: Intel(R) Core(TM) i7-4600U CPU @ 2.10GHz
stepping	: 1
microcode	: 0x1c
cpu MHz		: 2500.031
cache size	: 4096 KB
physical id	: 0
siblings	: 4
core id		: 0
cpu cores	: 2
apicid		: 0
initial apicid	: 0
fpu		: yes
fpu_exception	: yes
cpuid level	: 13
wp		: yes
flags		: fpu vme de pse tsc msr pae mce cx8 apic sep mtrr pge mca cmov pat pse36 clflush dts acpi mmx fxsr sse sse2 ss ht tm pbe syscall nx pdpe1gb rdtscp lm constant_tsc arch_perfmon pebs bts rep_good nopl xtopology nonstop_tsc aperfmperf eagerfpu pni pclmulqdq dtes64 monitor ds_cpl vmx smx est tm2 ssse3 fma cx16 xtpr pdcm pcid sse4_1 sse4_2 x2apic movbe popcnt tsc_deadline_timer aes xsave avx f16c rdrand lahf_lm abm ida arat epb xsaveopt pln pts dtherm tpr_shadow vnmi flexpriority ept vpid fsgsbase tsc_adjust bmi1 avx2 smep bmi2 erms invpcid
bogomips	: 5387.48
clflush size	: 64
cache_alignment	: 64
address sizes	: 39 bits physical, 48 bits virtual
power management:

processor	: 1
vendor_id	: GenuineIntel
cpu family	: 6
model		: 69
model name	: Intel(R) Core(TM) i7-4600U CPU @ 2.10GHz
stepping	: 1
microcode	: 0x1c
cpu MHz		: 2500.031
cache size	: 4096 KB
physical id	: 0
siblings	: 4
core id		: 1
cpu cores	: 2
apicid		: 2
initial apicid	: 2
fpu		: yes
fpu_exception	: yes
cpuid level	: 13
wp		: yes
flags		: fpu vme de pse tsc msr pae mce cx8 apic sep mtrr pge mca cmov pat pse36 clflush dts acpi mmx fxsr sse sse2 ss ht tm pbe syscall nx pdpe1gb rdtscp lm constant_tsc arch_perfmon pebs bts rep_good nopl xtopology nonstop_tsc aperfmperf eagerfpu pni pclmulqdq dtes64 monitor ds_cpl vmx smx est tm2 ssse3 fma cx16 xtpr pdcm pcid sse4_1 sse4_2 x2apic movbe popcnt tsc_deadline_timer aes xsave avx f16c rdrand lahf_lm abm ida arat epb xsaveopt pln pts dtherm tpr_shadow vnmi flexpriority ept vpid fsgsbase tsc_adjust bmi1 avx2 smep bmi2 erms invpcid
bogomips	: 5387.48
clflush size	: 64
cache_alignment	: 64
address sizes	: 39 bits physical, 48 bits virtual
power management:

processor	: 2
vendor_id	: GenuineIntel
cpu family	: 6
model		: 69
model name	: Intel(R) Core(TM) i7-4600U CPU @ 2.10GHz
stepping	: 1
microcode	: 0x1c
cpu MHz		: 2500.031
cache size	: 4096 KB
physical id	: 0
siblings	: 4
core id		: 0
cpu cores	: 2
apicid		: 1
initial apicid	: 1
fpu		: yes
fpu_exception	: yes
cpuid level	: 13
wp		: yes
flags		: fpu vme de pse tsc msr pae mce cx8 apic sep mtrr pge mca cmov pat pse36 clflush dts acpi mmx fxsr sse sse2 ss ht tm pbe syscall nx pdpe1gb rdtscp lm constant_tsc arch_perfmon pebs bts rep_good nopl xtopology nonstop_tsc aperfmperf eagerfpu pni pclmulqdq dtes64 monitor ds_cpl vmx smx est tm2 ssse3 fma cx16 xtpr pdcm pcid sse4_1 sse4_2 x2apic movbe popcnt tsc_deadline_timer aes xsave avx f16c rdrand lahf_lm abm ida arat epb xsaveopt pln pts dtherm tpr_shadow vnmi flexpriority ept vpid fsgsbase tsc_adjust bmi1 avx2 smep bmi2 erms invpcid
bogomips	: 5387.48
clflush size	: 64
cache_alignment	: 64
address sizes	: 39 bits physical, 48 bits virtual
power management:

processor	: 3
vendor_id	: GenuineIntel
cpu family	: 6
model		: 69
model name	: Intel(R) Core(TM) i7-4600U CPU @ 2.10GHz
stepping	: 1
microcode	: 0x1c
cpu MHz		: 2500.031
cache size	: 4096 KB
physical id	: 0
siblings	: 4
core id		: 1
cpu cores	: 2
apicid		: 3
initial apicid	: 3
fpu		: yes
fpu_exception	: yes
cpuid level	: 13
wp		: yes
flags		: fpu vme de pse tsc msr pae mce cx8 apic sep mtrr pge mca cmov pat pse36 clflush dts acpi mmx fxsr sse sse2 ss ht tm pbe syscall nx pdpe1gb rdtscp lm constant_tsc arch_perfmon pebs bts rep_good nopl xtopology nonstop_tsc aperfmperf eagerfpu pni pclmulqdq dtes64 monitor ds_cpl vmx smx est tm2 ssse3 fma cx16 xtpr pdcm pcid sse4_1 sse4_2 x2apic movbe popcnt tsc_deadline_timer aes xsave avx f16c rdrand lahf_lm abm ida arat epb xsaveopt pln pts dtherm tpr_shadow vnmi flexpriority ept vpid fsgsbase tsc_adjust bmi1 avx2 smep bmi2 erms invpcid
bogomips	: 5387.48
clflush size	: 64
cache_alignment	: 64
address sizes	: 39 bits physical, 48 bits virtual
power management:



Memory: 4k page, physical 16337252k(5921924k free), swap 16678908k(16678908k free)

vm_info: Java HotSpot(TM) 64-Bit Server VM (25.45-b02) for linux-amd64 JRE (1.8.0_45-b14), built on Apr 10 2015 10:07:45 by "java_re" with gcc 4.3.0 20080428 (Red Hat 4.3.0-8)

time: Wed Apr 22 17:27:05 2015
elapsed time: 4174 seconds (0d 1h 9m 34s)

